[2026-01-30T00:00:05.245+0000] {processor.py:157} INFO - Started process (PID=476) to work on /opt/airflow/dags/check_dag.py
[2026-01-30T00:00:05.247+0000] {processor.py:829} INFO - Processing file /opt/airflow/dags/check_dag.py for tasks to queue
[2026-01-30T00:00:05.248+0000] {logging_mixin.py:151} INFO - [2026-01-30T00:00:05.247+0000] {dagbag.py:539} INFO - Filling up the DagBag from /opt/airflow/dags/check_dag.py
[2026-01-30T00:00:05.270+0000] {processor.py:839} INFO - DAG(s) dict_keys(['check_dag']) retrieved from /opt/airflow/dags/check_dag.py
[2026-01-30T00:00:05.301+0000] {logging_mixin.py:151} INFO - [2026-01-30T00:00:05.301+0000] {dag.py:2915} INFO - Sync 1 DAGs
[2026-01-30T00:00:05.314+0000] {logging_mixin.py:151} INFO - [2026-01-30T00:00:05.314+0000] {dag.py:3696} INFO - Setting next_dagrun for check_dag to 2026-01-30T00:00:00+00:00, run_after=2026-01-31T00:00:00+00:00
[2026-01-30T00:00:05.321+0000] {processor.py:179} INFO - Processing /opt/airflow/dags/check_dag.py took 0.081 seconds
[2026-01-30T00:00:35.851+0000] {processor.py:157} INFO - Started process (PID=481) to work on /opt/airflow/dags/check_dag.py
[2026-01-30T00:00:35.852+0000] {processor.py:829} INFO - Processing file /opt/airflow/dags/check_dag.py for tasks to queue
[2026-01-30T00:00:35.853+0000] {logging_mixin.py:151} INFO - [2026-01-30T00:00:35.853+0000] {dagbag.py:539} INFO - Filling up the DagBag from /opt/airflow/dags/check_dag.py
[2026-01-30T00:00:35.877+0000] {processor.py:839} INFO - DAG(s) dict_keys(['check_dag']) retrieved from /opt/airflow/dags/check_dag.py
[2026-01-30T00:00:35.915+0000] {logging_mixin.py:151} INFO - [2026-01-30T00:00:35.915+0000] {dag.py:2915} INFO - Sync 1 DAGs
[2026-01-30T00:00:35.934+0000] {logging_mixin.py:151} INFO - [2026-01-30T00:00:35.933+0000] {dag.py:3696} INFO - Setting next_dagrun for check_dag to 2026-01-30T00:00:00+00:00, run_after=2026-01-31T00:00:00+00:00
[2026-01-30T00:00:35.942+0000] {processor.py:179} INFO - Processing /opt/airflow/dags/check_dag.py took 0.100 seconds
[2026-01-30T00:01:06.535+0000] {processor.py:157} INFO - Started process (PID=486) to work on /opt/airflow/dags/check_dag.py
[2026-01-30T00:01:06.536+0000] {processor.py:829} INFO - Processing file /opt/airflow/dags/check_dag.py for tasks to queue
[2026-01-30T00:01:06.537+0000] {logging_mixin.py:151} INFO - [2026-01-30T00:01:06.537+0000] {dagbag.py:539} INFO - Filling up the DagBag from /opt/airflow/dags/check_dag.py
[2026-01-30T00:01:06.555+0000] {processor.py:839} INFO - DAG(s) dict_keys(['check_dag']) retrieved from /opt/airflow/dags/check_dag.py
[2026-01-30T00:01:06.590+0000] {logging_mixin.py:151} INFO - [2026-01-30T00:01:06.590+0000] {dag.py:2915} INFO - Sync 1 DAGs
[2026-01-30T00:01:06.609+0000] {logging_mixin.py:151} INFO - [2026-01-30T00:01:06.609+0000] {dag.py:3696} INFO - Setting next_dagrun for check_dag to 2026-01-30T00:00:00+00:00, run_after=2026-01-31T00:00:00+00:00
[2026-01-30T00:01:06.619+0000] {processor.py:179} INFO - Processing /opt/airflow/dags/check_dag.py took 0.094 seconds
[2026-01-30T00:01:37.178+0000] {processor.py:157} INFO - Started process (PID=491) to work on /opt/airflow/dags/check_dag.py
[2026-01-30T00:01:37.179+0000] {processor.py:829} INFO - Processing file /opt/airflow/dags/check_dag.py for tasks to queue
[2026-01-30T00:01:37.180+0000] {logging_mixin.py:151} INFO - [2026-01-30T00:01:37.180+0000] {dagbag.py:539} INFO - Filling up the DagBag from /opt/airflow/dags/check_dag.py
[2026-01-30T00:01:37.206+0000] {processor.py:839} INFO - DAG(s) dict_keys(['check_dag']) retrieved from /opt/airflow/dags/check_dag.py
[2026-01-30T00:01:37.265+0000] {logging_mixin.py:151} INFO - [2026-01-30T00:01:37.264+0000] {dag.py:2915} INFO - Sync 1 DAGs
[2026-01-30T00:01:37.285+0000] {logging_mixin.py:151} INFO - [2026-01-30T00:01:37.284+0000] {dag.py:3696} INFO - Setting next_dagrun for check_dag to 2026-01-30T00:00:00+00:00, run_after=2026-01-31T00:00:00+00:00
[2026-01-30T00:01:37.299+0000] {processor.py:179} INFO - Processing /opt/airflow/dags/check_dag.py took 0.128 seconds
[2026-01-30T00:02:07.840+0000] {processor.py:157} INFO - Started process (PID=496) to work on /opt/airflow/dags/check_dag.py
[2026-01-30T00:02:07.841+0000] {processor.py:829} INFO - Processing file /opt/airflow/dags/check_dag.py for tasks to queue
[2026-01-30T00:02:07.841+0000] {logging_mixin.py:151} INFO - [2026-01-30T00:02:07.841+0000] {dagbag.py:539} INFO - Filling up the DagBag from /opt/airflow/dags/check_dag.py
[2026-01-30T00:02:07.861+0000] {processor.py:839} INFO - DAG(s) dict_keys(['check_dag']) retrieved from /opt/airflow/dags/check_dag.py
[2026-01-30T00:02:07.892+0000] {logging_mixin.py:151} INFO - [2026-01-30T00:02:07.892+0000] {dag.py:2915} INFO - Sync 1 DAGs
[2026-01-30T00:02:07.909+0000] {logging_mixin.py:151} INFO - [2026-01-30T00:02:07.909+0000] {dag.py:3696} INFO - Setting next_dagrun for check_dag to 2026-01-30T00:00:00+00:00, run_after=2026-01-31T00:00:00+00:00
[2026-01-30T00:02:07.920+0000] {processor.py:179} INFO - Processing /opt/airflow/dags/check_dag.py took 0.089 seconds
[2026-01-30T00:02:38.388+0000] {processor.py:157} INFO - Started process (PID=501) to work on /opt/airflow/dags/check_dag.py
[2026-01-30T00:02:38.392+0000] {processor.py:829} INFO - Processing file /opt/airflow/dags/check_dag.py for tasks to queue
[2026-01-30T00:02:38.393+0000] {logging_mixin.py:151} INFO - [2026-01-30T00:02:38.392+0000] {dagbag.py:539} INFO - Filling up the DagBag from /opt/airflow/dags/check_dag.py
[2026-01-30T00:02:38.412+0000] {processor.py:839} INFO - DAG(s) dict_keys(['check_dag']) retrieved from /opt/airflow/dags/check_dag.py
[2026-01-30T00:02:38.456+0000] {logging_mixin.py:151} INFO - [2026-01-30T00:02:38.456+0000] {dag.py:2915} INFO - Sync 1 DAGs
[2026-01-30T00:02:38.471+0000] {logging_mixin.py:151} INFO - [2026-01-30T00:02:38.471+0000] {dag.py:3696} INFO - Setting next_dagrun for check_dag to 2026-01-30T00:00:00+00:00, run_after=2026-01-31T00:00:00+00:00
[2026-01-30T00:02:38.482+0000] {processor.py:179} INFO - Processing /opt/airflow/dags/check_dag.py took 0.099 seconds
[2026-01-30T00:03:08.854+0000] {processor.py:157} INFO - Started process (PID=506) to work on /opt/airflow/dags/check_dag.py
[2026-01-30T00:03:08.855+0000] {processor.py:829} INFO - Processing file /opt/airflow/dags/check_dag.py for tasks to queue
[2026-01-30T00:03:08.856+0000] {logging_mixin.py:151} INFO - [2026-01-30T00:03:08.856+0000] {dagbag.py:539} INFO - Filling up the DagBag from /opt/airflow/dags/check_dag.py
[2026-01-30T00:03:08.875+0000] {processor.py:839} INFO - DAG(s) dict_keys(['check_dag']) retrieved from /opt/airflow/dags/check_dag.py
[2026-01-30T00:03:08.909+0000] {logging_mixin.py:151} INFO - [2026-01-30T00:03:08.909+0000] {dag.py:2915} INFO - Sync 1 DAGs
[2026-01-30T00:03:08.924+0000] {logging_mixin.py:151} INFO - [2026-01-30T00:03:08.924+0000] {dag.py:3696} INFO - Setting next_dagrun for check_dag to 2026-01-30T00:00:00+00:00, run_after=2026-01-31T00:00:00+00:00
[2026-01-30T00:03:08.933+0000] {processor.py:179} INFO - Processing /opt/airflow/dags/check_dag.py took 0.083 seconds
[2026-01-30T00:03:39.352+0000] {processor.py:157} INFO - Started process (PID=511) to work on /opt/airflow/dags/check_dag.py
[2026-01-30T00:03:39.356+0000] {processor.py:829} INFO - Processing file /opt/airflow/dags/check_dag.py for tasks to queue
[2026-01-30T00:03:39.360+0000] {logging_mixin.py:151} INFO - [2026-01-30T00:03:39.358+0000] {dagbag.py:539} INFO - Filling up the DagBag from /opt/airflow/dags/check_dag.py
[2026-01-30T00:03:39.379+0000] {processor.py:839} INFO - DAG(s) dict_keys(['check_dag']) retrieved from /opt/airflow/dags/check_dag.py
[2026-01-30T00:03:39.418+0000] {logging_mixin.py:151} INFO - [2026-01-30T00:03:39.418+0000] {dag.py:2915} INFO - Sync 1 DAGs
[2026-01-30T00:03:39.435+0000] {logging_mixin.py:151} INFO - [2026-01-30T00:03:39.435+0000] {dag.py:3696} INFO - Setting next_dagrun for check_dag to 2026-01-30T00:00:00+00:00, run_after=2026-01-31T00:00:00+00:00
[2026-01-30T00:03:39.444+0000] {processor.py:179} INFO - Processing /opt/airflow/dags/check_dag.py took 0.096 seconds
[2026-01-30T00:04:09.886+0000] {processor.py:157} INFO - Started process (PID=516) to work on /opt/airflow/dags/check_dag.py
[2026-01-30T00:04:09.888+0000] {processor.py:829} INFO - Processing file /opt/airflow/dags/check_dag.py for tasks to queue
[2026-01-30T00:04:09.889+0000] {logging_mixin.py:151} INFO - [2026-01-30T00:04:09.889+0000] {dagbag.py:539} INFO - Filling up the DagBag from /opt/airflow/dags/check_dag.py
[2026-01-30T00:04:09.909+0000] {processor.py:839} INFO - DAG(s) dict_keys(['check_dag']) retrieved from /opt/airflow/dags/check_dag.py
[2026-01-30T00:04:09.951+0000] {logging_mixin.py:151} INFO - [2026-01-30T00:04:09.951+0000] {dag.py:2915} INFO - Sync 1 DAGs
[2026-01-30T00:04:09.977+0000] {logging_mixin.py:151} INFO - [2026-01-30T00:04:09.976+0000] {dag.py:3696} INFO - Setting next_dagrun for check_dag to 2026-01-30T00:00:00+00:00, run_after=2026-01-31T00:00:00+00:00
[2026-01-30T00:04:09.989+0000] {processor.py:179} INFO - Processing /opt/airflow/dags/check_dag.py took 0.108 seconds
[2026-01-30T00:04:40.336+0000] {processor.py:157} INFO - Started process (PID=521) to work on /opt/airflow/dags/check_dag.py
[2026-01-30T00:04:40.337+0000] {processor.py:829} INFO - Processing file /opt/airflow/dags/check_dag.py for tasks to queue
[2026-01-30T00:04:40.338+0000] {logging_mixin.py:151} INFO - [2026-01-30T00:04:40.338+0000] {dagbag.py:539} INFO - Filling up the DagBag from /opt/airflow/dags/check_dag.py
[2026-01-30T00:04:40.357+0000] {processor.py:839} INFO - DAG(s) dict_keys(['check_dag']) retrieved from /opt/airflow/dags/check_dag.py
[2026-01-30T00:04:40.398+0000] {logging_mixin.py:151} INFO - [2026-01-30T00:04:40.398+0000] {dag.py:2915} INFO - Sync 1 DAGs
[2026-01-30T00:04:40.414+0000] {logging_mixin.py:151} INFO - [2026-01-30T00:04:40.414+0000] {dag.py:3696} INFO - Setting next_dagrun for check_dag to 2026-01-30T00:00:00+00:00, run_after=2026-01-31T00:00:00+00:00
[2026-01-30T00:04:40.423+0000] {processor.py:179} INFO - Processing /opt/airflow/dags/check_dag.py took 0.104 seconds
[2026-01-30T00:05:10.829+0000] {processor.py:157} INFO - Started process (PID=526) to work on /opt/airflow/dags/check_dag.py
[2026-01-30T00:05:10.830+0000] {processor.py:829} INFO - Processing file /opt/airflow/dags/check_dag.py for tasks to queue
[2026-01-30T00:05:10.831+0000] {logging_mixin.py:151} INFO - [2026-01-30T00:05:10.830+0000] {dagbag.py:539} INFO - Filling up the DagBag from /opt/airflow/dags/check_dag.py
[2026-01-30T00:05:10.850+0000] {processor.py:839} INFO - DAG(s) dict_keys(['check_dag']) retrieved from /opt/airflow/dags/check_dag.py
[2026-01-30T00:05:10.884+0000] {logging_mixin.py:151} INFO - [2026-01-30T00:05:10.884+0000] {dag.py:2915} INFO - Sync 1 DAGs
[2026-01-30T00:05:10.899+0000] {logging_mixin.py:151} INFO - [2026-01-30T00:05:10.898+0000] {dag.py:3696} INFO - Setting next_dagrun for check_dag to 2026-01-30T00:00:00+00:00, run_after=2026-01-31T00:00:00+00:00
[2026-01-30T00:05:10.909+0000] {processor.py:179} INFO - Processing /opt/airflow/dags/check_dag.py took 0.090 seconds
[2026-01-30T00:05:41.520+0000] {processor.py:157} INFO - Started process (PID=531) to work on /opt/airflow/dags/check_dag.py
[2026-01-30T00:05:41.523+0000] {processor.py:829} INFO - Processing file /opt/airflow/dags/check_dag.py for tasks to queue
[2026-01-30T00:05:41.530+0000] {logging_mixin.py:151} INFO - [2026-01-30T00:05:41.526+0000] {dagbag.py:539} INFO - Filling up the DagBag from /opt/airflow/dags/check_dag.py
[2026-01-30T00:05:41.563+0000] {processor.py:839} INFO - DAG(s) dict_keys(['check_dag']) retrieved from /opt/airflow/dags/check_dag.py
[2026-01-30T00:05:41.610+0000] {logging_mixin.py:151} INFO - [2026-01-30T00:05:41.610+0000] {dag.py:2915} INFO - Sync 1 DAGs
[2026-01-30T00:05:41.758+0000] {logging_mixin.py:151} INFO - [2026-01-30T00:05:41.757+0000] {dag.py:3696} INFO - Setting next_dagrun for check_dag to 2026-01-30T00:00:00+00:00, run_after=2026-01-31T00:00:00+00:00
[2026-01-30T00:05:41.804+0000] {processor.py:179} INFO - Processing /opt/airflow/dags/check_dag.py took 0.317 seconds
[2026-01-30T00:06:11.956+0000] {processor.py:157} INFO - Started process (PID=536) to work on /opt/airflow/dags/check_dag.py
[2026-01-30T00:06:11.959+0000] {processor.py:829} INFO - Processing file /opt/airflow/dags/check_dag.py for tasks to queue
[2026-01-30T00:06:11.960+0000] {logging_mixin.py:151} INFO - [2026-01-30T00:06:11.959+0000] {dagbag.py:539} INFO - Filling up the DagBag from /opt/airflow/dags/check_dag.py
[2026-01-30T00:06:11.980+0000] {processor.py:839} INFO - DAG(s) dict_keys(['check_dag']) retrieved from /opt/airflow/dags/check_dag.py
[2026-01-30T00:06:12.014+0000] {logging_mixin.py:151} INFO - [2026-01-30T00:06:12.014+0000] {dag.py:2915} INFO - Sync 1 DAGs
[2026-01-30T00:06:12.028+0000] {logging_mixin.py:151} INFO - [2026-01-30T00:06:12.028+0000] {dag.py:3696} INFO - Setting next_dagrun for check_dag to 2026-01-30T00:00:00+00:00, run_after=2026-01-31T00:00:00+00:00
[2026-01-30T00:06:12.036+0000] {processor.py:179} INFO - Processing /opt/airflow/dags/check_dag.py took 0.093 seconds
[2026-01-30T00:06:42.456+0000] {processor.py:157} INFO - Started process (PID=541) to work on /opt/airflow/dags/check_dag.py
[2026-01-30T00:06:42.457+0000] {processor.py:829} INFO - Processing file /opt/airflow/dags/check_dag.py for tasks to queue
[2026-01-30T00:06:42.458+0000] {logging_mixin.py:151} INFO - [2026-01-30T00:06:42.458+0000] {dagbag.py:539} INFO - Filling up the DagBag from /opt/airflow/dags/check_dag.py
[2026-01-30T00:06:42.478+0000] {processor.py:839} INFO - DAG(s) dict_keys(['check_dag']) retrieved from /opt/airflow/dags/check_dag.py
[2026-01-30T00:06:42.519+0000] {logging_mixin.py:151} INFO - [2026-01-30T00:06:42.519+0000] {dag.py:2915} INFO - Sync 1 DAGs
[2026-01-30T00:06:42.537+0000] {logging_mixin.py:151} INFO - [2026-01-30T00:06:42.536+0000] {dag.py:3696} INFO - Setting next_dagrun for check_dag to 2026-01-30T00:00:00+00:00, run_after=2026-01-31T00:00:00+00:00
[2026-01-30T00:06:42.545+0000] {processor.py:179} INFO - Processing /opt/airflow/dags/check_dag.py took 0.095 seconds
[2026-01-30T00:07:12.892+0000] {processor.py:157} INFO - Started process (PID=546) to work on /opt/airflow/dags/check_dag.py
[2026-01-30T00:07:12.894+0000] {processor.py:829} INFO - Processing file /opt/airflow/dags/check_dag.py for tasks to queue
[2026-01-30T00:07:12.895+0000] {logging_mixin.py:151} INFO - [2026-01-30T00:07:12.894+0000] {dagbag.py:539} INFO - Filling up the DagBag from /opt/airflow/dags/check_dag.py
[2026-01-30T00:07:12.920+0000] {processor.py:839} INFO - DAG(s) dict_keys(['check_dag']) retrieved from /opt/airflow/dags/check_dag.py
[2026-01-30T00:07:12.952+0000] {logging_mixin.py:151} INFO - [2026-01-30T00:07:12.952+0000] {dag.py:2915} INFO - Sync 1 DAGs
[2026-01-30T00:07:12.967+0000] {logging_mixin.py:151} INFO - [2026-01-30T00:07:12.967+0000] {dag.py:3696} INFO - Setting next_dagrun for check_dag to 2026-01-30T00:00:00+00:00, run_after=2026-01-31T00:00:00+00:00
[2026-01-30T00:07:12.975+0000] {processor.py:179} INFO - Processing /opt/airflow/dags/check_dag.py took 0.088 seconds
[2026-01-30T00:07:43.314+0000] {processor.py:157} INFO - Started process (PID=551) to work on /opt/airflow/dags/check_dag.py
[2026-01-30T00:07:43.317+0000] {processor.py:829} INFO - Processing file /opt/airflow/dags/check_dag.py for tasks to queue
[2026-01-30T00:07:43.317+0000] {logging_mixin.py:151} INFO - [2026-01-30T00:07:43.317+0000] {dagbag.py:539} INFO - Filling up the DagBag from /opt/airflow/dags/check_dag.py
[2026-01-30T00:07:43.334+0000] {processor.py:839} INFO - DAG(s) dict_keys(['check_dag']) retrieved from /opt/airflow/dags/check_dag.py
[2026-01-30T00:07:43.366+0000] {logging_mixin.py:151} INFO - [2026-01-30T00:07:43.366+0000] {dag.py:2915} INFO - Sync 1 DAGs
[2026-01-30T00:07:43.381+0000] {logging_mixin.py:151} INFO - [2026-01-30T00:07:43.381+0000] {dag.py:3696} INFO - Setting next_dagrun for check_dag to 2026-01-30T00:00:00+00:00, run_after=2026-01-31T00:00:00+00:00
[2026-01-30T00:07:43.391+0000] {processor.py:179} INFO - Processing /opt/airflow/dags/check_dag.py took 0.081 seconds
[2026-01-30T00:08:13.860+0000] {processor.py:157} INFO - Started process (PID=556) to work on /opt/airflow/dags/check_dag.py
[2026-01-30T00:08:13.861+0000] {processor.py:829} INFO - Processing file /opt/airflow/dags/check_dag.py for tasks to queue
[2026-01-30T00:08:13.862+0000] {logging_mixin.py:151} INFO - [2026-01-30T00:08:13.862+0000] {dagbag.py:539} INFO - Filling up the DagBag from /opt/airflow/dags/check_dag.py
[2026-01-30T00:08:13.885+0000] {processor.py:839} INFO - DAG(s) dict_keys(['check_dag']) retrieved from /opt/airflow/dags/check_dag.py
[2026-01-30T00:08:13.914+0000] {logging_mixin.py:151} INFO - [2026-01-30T00:08:13.914+0000] {dag.py:2915} INFO - Sync 1 DAGs
[2026-01-30T00:08:13.936+0000] {logging_mixin.py:151} INFO - [2026-01-30T00:08:13.936+0000] {dag.py:3696} INFO - Setting next_dagrun for check_dag to 2026-01-30T00:00:00+00:00, run_after=2026-01-31T00:00:00+00:00
[2026-01-30T00:08:13.944+0000] {processor.py:179} INFO - Processing /opt/airflow/dags/check_dag.py took 0.088 seconds
[2026-01-30T00:08:44.303+0000] {processor.py:157} INFO - Started process (PID=561) to work on /opt/airflow/dags/check_dag.py
[2026-01-30T00:08:44.305+0000] {processor.py:829} INFO - Processing file /opt/airflow/dags/check_dag.py for tasks to queue
[2026-01-30T00:08:44.307+0000] {logging_mixin.py:151} INFO - [2026-01-30T00:08:44.306+0000] {dagbag.py:539} INFO - Filling up the DagBag from /opt/airflow/dags/check_dag.py
[2026-01-30T00:08:44.328+0000] {processor.py:839} INFO - DAG(s) dict_keys(['check_dag']) retrieved from /opt/airflow/dags/check_dag.py
[2026-01-30T00:08:44.364+0000] {logging_mixin.py:151} INFO - [2026-01-30T00:08:44.364+0000] {dag.py:2915} INFO - Sync 1 DAGs
[2026-01-30T00:08:44.382+0000] {logging_mixin.py:151} INFO - [2026-01-30T00:08:44.382+0000] {dag.py:3696} INFO - Setting next_dagrun for check_dag to 2026-01-30T00:00:00+00:00, run_after=2026-01-31T00:00:00+00:00
[2026-01-30T00:08:44.390+0000] {processor.py:179} INFO - Processing /opt/airflow/dags/check_dag.py took 0.091 seconds
[2026-01-30T00:09:14.790+0000] {processor.py:157} INFO - Started process (PID=566) to work on /opt/airflow/dags/check_dag.py
[2026-01-30T00:09:14.792+0000] {processor.py:829} INFO - Processing file /opt/airflow/dags/check_dag.py for tasks to queue
[2026-01-30T00:09:14.792+0000] {logging_mixin.py:151} INFO - [2026-01-30T00:09:14.792+0000] {dagbag.py:539} INFO - Filling up the DagBag from /opt/airflow/dags/check_dag.py
[2026-01-30T00:09:14.811+0000] {processor.py:839} INFO - DAG(s) dict_keys(['check_dag']) retrieved from /opt/airflow/dags/check_dag.py
[2026-01-30T00:09:14.844+0000] {logging_mixin.py:151} INFO - [2026-01-30T00:09:14.844+0000] {dag.py:2915} INFO - Sync 1 DAGs
[2026-01-30T00:09:14.863+0000] {logging_mixin.py:151} INFO - [2026-01-30T00:09:14.863+0000] {dag.py:3696} INFO - Setting next_dagrun for check_dag to 2026-01-30T00:00:00+00:00, run_after=2026-01-31T00:00:00+00:00
[2026-01-30T00:09:14.871+0000] {processor.py:179} INFO - Processing /opt/airflow/dags/check_dag.py took 0.085 seconds
[2026-01-30T00:09:45.183+0000] {processor.py:157} INFO - Started process (PID=571) to work on /opt/airflow/dags/check_dag.py
[2026-01-30T00:09:45.184+0000] {processor.py:829} INFO - Processing file /opt/airflow/dags/check_dag.py for tasks to queue
[2026-01-30T00:09:45.185+0000] {logging_mixin.py:151} INFO - [2026-01-30T00:09:45.184+0000] {dagbag.py:539} INFO - Filling up the DagBag from /opt/airflow/dags/check_dag.py
[2026-01-30T00:09:45.202+0000] {processor.py:839} INFO - DAG(s) dict_keys(['check_dag']) retrieved from /opt/airflow/dags/check_dag.py
[2026-01-30T00:09:45.241+0000] {logging_mixin.py:151} INFO - [2026-01-30T00:09:45.241+0000] {dag.py:2915} INFO - Sync 1 DAGs
[2026-01-30T00:09:45.253+0000] {logging_mixin.py:151} INFO - [2026-01-30T00:09:45.253+0000] {dag.py:3696} INFO - Setting next_dagrun for check_dag to 2026-01-30T00:00:00+00:00, run_after=2026-01-31T00:00:00+00:00
[2026-01-30T00:09:45.264+0000] {processor.py:179} INFO - Processing /opt/airflow/dags/check_dag.py took 0.085 seconds
[2026-01-30T00:10:15.573+0000] {processor.py:157} INFO - Started process (PID=576) to work on /opt/airflow/dags/check_dag.py
[2026-01-30T00:10:15.575+0000] {processor.py:829} INFO - Processing file /opt/airflow/dags/check_dag.py for tasks to queue
[2026-01-30T00:10:15.576+0000] {logging_mixin.py:151} INFO - [2026-01-30T00:10:15.575+0000] {dagbag.py:539} INFO - Filling up the DagBag from /opt/airflow/dags/check_dag.py
[2026-01-30T00:10:15.598+0000] {processor.py:839} INFO - DAG(s) dict_keys(['check_dag']) retrieved from /opt/airflow/dags/check_dag.py
[2026-01-30T00:10:15.635+0000] {logging_mixin.py:151} INFO - [2026-01-30T00:10:15.635+0000] {dag.py:2915} INFO - Sync 1 DAGs
[2026-01-30T00:10:15.654+0000] {logging_mixin.py:151} INFO - [2026-01-30T00:10:15.654+0000] {dag.py:3696} INFO - Setting next_dagrun for check_dag to 2026-01-30T00:00:00+00:00, run_after=2026-01-31T00:00:00+00:00
[2026-01-30T00:10:15.665+0000] {processor.py:179} INFO - Processing /opt/airflow/dags/check_dag.py took 0.098 seconds
[2026-01-30T00:10:45.993+0000] {processor.py:157} INFO - Started process (PID=581) to work on /opt/airflow/dags/check_dag.py
[2026-01-30T00:10:45.994+0000] {processor.py:829} INFO - Processing file /opt/airflow/dags/check_dag.py for tasks to queue
[2026-01-30T00:10:45.995+0000] {logging_mixin.py:151} INFO - [2026-01-30T00:10:45.994+0000] {dagbag.py:539} INFO - Filling up the DagBag from /opt/airflow/dags/check_dag.py
[2026-01-30T00:10:46.011+0000] {processor.py:839} INFO - DAG(s) dict_keys(['check_dag']) retrieved from /opt/airflow/dags/check_dag.py
[2026-01-30T00:10:46.040+0000] {logging_mixin.py:151} INFO - [2026-01-30T00:10:46.040+0000] {dag.py:2915} INFO - Sync 1 DAGs
[2026-01-30T00:10:46.054+0000] {logging_mixin.py:151} INFO - [2026-01-30T00:10:46.054+0000] {dag.py:3696} INFO - Setting next_dagrun for check_dag to 2026-01-30T00:00:00+00:00, run_after=2026-01-31T00:00:00+00:00
[2026-01-30T00:10:46.063+0000] {processor.py:179} INFO - Processing /opt/airflow/dags/check_dag.py took 0.074 seconds
[2026-01-30T00:11:16.383+0000] {processor.py:157} INFO - Started process (PID=586) to work on /opt/airflow/dags/check_dag.py
[2026-01-30T00:11:16.384+0000] {processor.py:829} INFO - Processing file /opt/airflow/dags/check_dag.py for tasks to queue
[2026-01-30T00:11:16.385+0000] {logging_mixin.py:151} INFO - [2026-01-30T00:11:16.384+0000] {dagbag.py:539} INFO - Filling up the DagBag from /opt/airflow/dags/check_dag.py
[2026-01-30T00:11:16.404+0000] {processor.py:839} INFO - DAG(s) dict_keys(['check_dag']) retrieved from /opt/airflow/dags/check_dag.py
[2026-01-30T00:11:16.433+0000] {logging_mixin.py:151} INFO - [2026-01-30T00:11:16.433+0000] {dag.py:2915} INFO - Sync 1 DAGs
[2026-01-30T00:11:16.449+0000] {logging_mixin.py:151} INFO - [2026-01-30T00:11:16.449+0000] {dag.py:3696} INFO - Setting next_dagrun for check_dag to 2026-01-30T00:00:00+00:00, run_after=2026-01-31T00:00:00+00:00
[2026-01-30T00:11:16.457+0000] {processor.py:179} INFO - Processing /opt/airflow/dags/check_dag.py took 0.079 seconds
[2026-01-30T00:11:46.855+0000] {processor.py:157} INFO - Started process (PID=591) to work on /opt/airflow/dags/check_dag.py
[2026-01-30T00:11:46.856+0000] {processor.py:829} INFO - Processing file /opt/airflow/dags/check_dag.py for tasks to queue
[2026-01-30T00:11:46.859+0000] {logging_mixin.py:151} INFO - [2026-01-30T00:11:46.857+0000] {dagbag.py:539} INFO - Filling up the DagBag from /opt/airflow/dags/check_dag.py
[2026-01-30T00:11:46.885+0000] {processor.py:839} INFO - DAG(s) dict_keys(['check_dag']) retrieved from /opt/airflow/dags/check_dag.py
[2026-01-30T00:11:46.921+0000] {logging_mixin.py:151} INFO - [2026-01-30T00:11:46.921+0000] {dag.py:2915} INFO - Sync 1 DAGs
[2026-01-30T00:11:46.938+0000] {logging_mixin.py:151} INFO - [2026-01-30T00:11:46.937+0000] {dag.py:3696} INFO - Setting next_dagrun for check_dag to 2026-01-30T00:00:00+00:00, run_after=2026-01-31T00:00:00+00:00
[2026-01-30T00:11:46.945+0000] {processor.py:179} INFO - Processing /opt/airflow/dags/check_dag.py took 0.094 seconds
[2026-01-30T00:12:17.423+0000] {processor.py:157} INFO - Started process (PID=596) to work on /opt/airflow/dags/check_dag.py
[2026-01-30T00:12:17.424+0000] {processor.py:829} INFO - Processing file /opt/airflow/dags/check_dag.py for tasks to queue
[2026-01-30T00:12:17.426+0000] {logging_mixin.py:151} INFO - [2026-01-30T00:12:17.425+0000] {dagbag.py:539} INFO - Filling up the DagBag from /opt/airflow/dags/check_dag.py
[2026-01-30T00:12:17.444+0000] {processor.py:839} INFO - DAG(s) dict_keys(['check_dag']) retrieved from /opt/airflow/dags/check_dag.py
[2026-01-30T00:12:17.476+0000] {logging_mixin.py:151} INFO - [2026-01-30T00:12:17.476+0000] {dag.py:2915} INFO - Sync 1 DAGs
[2026-01-30T00:12:17.488+0000] {logging_mixin.py:151} INFO - [2026-01-30T00:12:17.488+0000] {dag.py:3696} INFO - Setting next_dagrun for check_dag to 2026-01-30T00:00:00+00:00, run_after=2026-01-31T00:00:00+00:00
[2026-01-30T00:12:17.496+0000] {processor.py:179} INFO - Processing /opt/airflow/dags/check_dag.py took 0.076 seconds
[2026-01-30T00:12:47.946+0000] {processor.py:157} INFO - Started process (PID=601) to work on /opt/airflow/dags/check_dag.py
[2026-01-30T00:12:47.948+0000] {processor.py:829} INFO - Processing file /opt/airflow/dags/check_dag.py for tasks to queue
[2026-01-30T00:12:47.949+0000] {logging_mixin.py:151} INFO - [2026-01-30T00:12:47.948+0000] {dagbag.py:539} INFO - Filling up the DagBag from /opt/airflow/dags/check_dag.py
[2026-01-30T00:12:47.966+0000] {processor.py:839} INFO - DAG(s) dict_keys(['check_dag']) retrieved from /opt/airflow/dags/check_dag.py
[2026-01-30T00:12:47.997+0000] {logging_mixin.py:151} INFO - [2026-01-30T00:12:47.997+0000] {dag.py:2915} INFO - Sync 1 DAGs
[2026-01-30T00:12:48.021+0000] {logging_mixin.py:151} INFO - [2026-01-30T00:12:48.021+0000] {dag.py:3696} INFO - Setting next_dagrun for check_dag to 2026-01-30T00:00:00+00:00, run_after=2026-01-31T00:00:00+00:00
[2026-01-30T00:12:48.051+0000] {processor.py:179} INFO - Processing /opt/airflow/dags/check_dag.py took 0.110 seconds
[2026-01-30T00:13:18.344+0000] {processor.py:157} INFO - Started process (PID=606) to work on /opt/airflow/dags/check_dag.py
[2026-01-30T00:13:18.345+0000] {processor.py:829} INFO - Processing file /opt/airflow/dags/check_dag.py for tasks to queue
[2026-01-30T00:13:18.346+0000] {logging_mixin.py:151} INFO - [2026-01-30T00:13:18.346+0000] {dagbag.py:539} INFO - Filling up the DagBag from /opt/airflow/dags/check_dag.py
[2026-01-30T00:13:18.365+0000] {processor.py:839} INFO - DAG(s) dict_keys(['check_dag']) retrieved from /opt/airflow/dags/check_dag.py
[2026-01-30T00:13:18.396+0000] {logging_mixin.py:151} INFO - [2026-01-30T00:13:18.396+0000] {dag.py:2915} INFO - Sync 1 DAGs
[2026-01-30T00:13:18.411+0000] {logging_mixin.py:151} INFO - [2026-01-30T00:13:18.410+0000] {dag.py:3696} INFO - Setting next_dagrun for check_dag to 2026-01-30T00:00:00+00:00, run_after=2026-01-31T00:00:00+00:00
[2026-01-30T00:13:18.418+0000] {processor.py:179} INFO - Processing /opt/airflow/dags/check_dag.py took 0.082 seconds
[2026-01-30T00:13:48.805+0000] {processor.py:157} INFO - Started process (PID=611) to work on /opt/airflow/dags/check_dag.py
[2026-01-30T00:13:48.805+0000] {processor.py:829} INFO - Processing file /opt/airflow/dags/check_dag.py for tasks to queue
[2026-01-30T00:13:48.806+0000] {logging_mixin.py:151} INFO - [2026-01-30T00:13:48.806+0000] {dagbag.py:539} INFO - Filling up the DagBag from /opt/airflow/dags/check_dag.py
[2026-01-30T00:13:48.827+0000] {processor.py:839} INFO - DAG(s) dict_keys(['check_dag']) retrieved from /opt/airflow/dags/check_dag.py
[2026-01-30T00:13:48.862+0000] {logging_mixin.py:151} INFO - [2026-01-30T00:13:48.862+0000] {dag.py:2915} INFO - Sync 1 DAGs
[2026-01-30T00:13:48.875+0000] {logging_mixin.py:151} INFO - [2026-01-30T00:13:48.875+0000] {dag.py:3696} INFO - Setting next_dagrun for check_dag to 2026-01-30T00:00:00+00:00, run_after=2026-01-31T00:00:00+00:00
[2026-01-30T00:13:48.884+0000] {processor.py:179} INFO - Processing /opt/airflow/dags/check_dag.py took 0.085 seconds
[2026-01-30T00:14:19.547+0000] {processor.py:157} INFO - Started process (PID=616) to work on /opt/airflow/dags/check_dag.py
[2026-01-30T00:14:19.549+0000] {processor.py:829} INFO - Processing file /opt/airflow/dags/check_dag.py for tasks to queue
[2026-01-30T00:14:19.550+0000] {logging_mixin.py:151} INFO - [2026-01-30T00:14:19.549+0000] {dagbag.py:539} INFO - Filling up the DagBag from /opt/airflow/dags/check_dag.py
[2026-01-30T00:14:19.580+0000] {processor.py:839} INFO - DAG(s) dict_keys(['check_dag']) retrieved from /opt/airflow/dags/check_dag.py
[2026-01-30T00:14:19.618+0000] {logging_mixin.py:151} INFO - [2026-01-30T00:14:19.618+0000] {dag.py:2915} INFO - Sync 1 DAGs
[2026-01-30T00:14:19.635+0000] {logging_mixin.py:151} INFO - [2026-01-30T00:14:19.635+0000] {dag.py:3696} INFO - Setting next_dagrun for check_dag to 2026-01-30T00:00:00+00:00, run_after=2026-01-31T00:00:00+00:00
[2026-01-30T00:14:19.644+0000] {processor.py:179} INFO - Processing /opt/airflow/dags/check_dag.py took 0.102 seconds
[2026-01-30T00:14:50.034+0000] {processor.py:157} INFO - Started process (PID=621) to work on /opt/airflow/dags/check_dag.py
[2026-01-30T00:14:50.035+0000] {processor.py:829} INFO - Processing file /opt/airflow/dags/check_dag.py for tasks to queue
[2026-01-30T00:14:50.036+0000] {logging_mixin.py:151} INFO - [2026-01-30T00:14:50.036+0000] {dagbag.py:539} INFO - Filling up the DagBag from /opt/airflow/dags/check_dag.py
[2026-01-30T00:14:50.058+0000] {processor.py:839} INFO - DAG(s) dict_keys(['check_dag']) retrieved from /opt/airflow/dags/check_dag.py
[2026-01-30T00:14:50.091+0000] {logging_mixin.py:151} INFO - [2026-01-30T00:14:50.091+0000] {dag.py:2915} INFO - Sync 1 DAGs
[2026-01-30T00:14:50.105+0000] {logging_mixin.py:151} INFO - [2026-01-30T00:14:50.105+0000] {dag.py:3696} INFO - Setting next_dagrun for check_dag to 2026-01-30T00:00:00+00:00, run_after=2026-01-31T00:00:00+00:00
[2026-01-30T00:14:50.116+0000] {processor.py:179} INFO - Processing /opt/airflow/dags/check_dag.py took 0.086 seconds
[2026-01-30T00:15:20.473+0000] {processor.py:157} INFO - Started process (PID=626) to work on /opt/airflow/dags/check_dag.py
[2026-01-30T00:15:20.475+0000] {processor.py:829} INFO - Processing file /opt/airflow/dags/check_dag.py for tasks to queue
[2026-01-30T00:15:20.476+0000] {logging_mixin.py:151} INFO - [2026-01-30T00:15:20.476+0000] {dagbag.py:539} INFO - Filling up the DagBag from /opt/airflow/dags/check_dag.py
[2026-01-30T00:15:20.496+0000] {processor.py:839} INFO - DAG(s) dict_keys(['check_dag']) retrieved from /opt/airflow/dags/check_dag.py
[2026-01-30T00:15:20.530+0000] {logging_mixin.py:151} INFO - [2026-01-30T00:15:20.530+0000] {dag.py:2915} INFO - Sync 1 DAGs
[2026-01-30T00:15:20.546+0000] {logging_mixin.py:151} INFO - [2026-01-30T00:15:20.546+0000] {dag.py:3696} INFO - Setting next_dagrun for check_dag to 2026-01-30T00:00:00+00:00, run_after=2026-01-31T00:00:00+00:00
[2026-01-30T00:15:20.554+0000] {processor.py:179} INFO - Processing /opt/airflow/dags/check_dag.py took 0.085 seconds
[2026-01-30T00:15:51.296+0000] {processor.py:157} INFO - Started process (PID=631) to work on /opt/airflow/dags/check_dag.py
[2026-01-30T00:15:51.297+0000] {processor.py:829} INFO - Processing file /opt/airflow/dags/check_dag.py for tasks to queue
[2026-01-30T00:15:51.298+0000] {logging_mixin.py:151} INFO - [2026-01-30T00:15:51.298+0000] {dagbag.py:539} INFO - Filling up the DagBag from /opt/airflow/dags/check_dag.py
[2026-01-30T00:15:51.317+0000] {processor.py:839} INFO - DAG(s) dict_keys(['check_dag']) retrieved from /opt/airflow/dags/check_dag.py
[2026-01-30T00:15:51.352+0000] {logging_mixin.py:151} INFO - [2026-01-30T00:15:51.352+0000] {dag.py:2915} INFO - Sync 1 DAGs
[2026-01-30T00:15:51.374+0000] {logging_mixin.py:151} INFO - [2026-01-30T00:15:51.374+0000] {dag.py:3696} INFO - Setting next_dagrun for check_dag to 2026-01-30T00:00:00+00:00, run_after=2026-01-31T00:00:00+00:00
[2026-01-30T00:15:51.384+0000] {processor.py:179} INFO - Processing /opt/airflow/dags/check_dag.py took 0.100 seconds
[2026-01-30T00:16:21.710+0000] {processor.py:157} INFO - Started process (PID=636) to work on /opt/airflow/dags/check_dag.py
[2026-01-30T00:16:21.713+0000] {processor.py:829} INFO - Processing file /opt/airflow/dags/check_dag.py for tasks to queue
[2026-01-30T00:16:21.716+0000] {logging_mixin.py:151} INFO - [2026-01-30T00:16:21.716+0000] {dagbag.py:539} INFO - Filling up the DagBag from /opt/airflow/dags/check_dag.py
[2026-01-30T00:16:21.753+0000] {processor.py:839} INFO - DAG(s) dict_keys(['check_dag']) retrieved from /opt/airflow/dags/check_dag.py
[2026-01-30T00:16:21.796+0000] {logging_mixin.py:151} INFO - [2026-01-30T00:16:21.796+0000] {dag.py:2915} INFO - Sync 1 DAGs
[2026-01-30T00:16:21.813+0000] {logging_mixin.py:151} INFO - [2026-01-30T00:16:21.812+0000] {dag.py:3696} INFO - Setting next_dagrun for check_dag to 2026-01-30T00:00:00+00:00, run_after=2026-01-31T00:00:00+00:00
[2026-01-30T00:16:21.823+0000] {processor.py:179} INFO - Processing /opt/airflow/dags/check_dag.py took 0.117 seconds
[2026-01-30T00:16:52.191+0000] {processor.py:157} INFO - Started process (PID=641) to work on /opt/airflow/dags/check_dag.py
[2026-01-30T00:16:52.192+0000] {processor.py:829} INFO - Processing file /opt/airflow/dags/check_dag.py for tasks to queue
[2026-01-30T00:16:52.193+0000] {logging_mixin.py:151} INFO - [2026-01-30T00:16:52.193+0000] {dagbag.py:539} INFO - Filling up the DagBag from /opt/airflow/dags/check_dag.py
[2026-01-30T00:16:52.217+0000] {processor.py:839} INFO - DAG(s) dict_keys(['check_dag']) retrieved from /opt/airflow/dags/check_dag.py
[2026-01-30T00:16:52.260+0000] {logging_mixin.py:151} INFO - [2026-01-30T00:16:52.260+0000] {dag.py:2915} INFO - Sync 1 DAGs
[2026-01-30T00:16:52.277+0000] {logging_mixin.py:151} INFO - [2026-01-30T00:16:52.277+0000] {dag.py:3696} INFO - Setting next_dagrun for check_dag to 2026-01-30T00:00:00+00:00, run_after=2026-01-31T00:00:00+00:00
[2026-01-30T00:16:52.288+0000] {processor.py:179} INFO - Processing /opt/airflow/dags/check_dag.py took 0.103 seconds
[2026-01-30T00:17:22.657+0000] {processor.py:157} INFO - Started process (PID=646) to work on /opt/airflow/dags/check_dag.py
[2026-01-30T00:17:22.658+0000] {processor.py:829} INFO - Processing file /opt/airflow/dags/check_dag.py for tasks to queue
[2026-01-30T00:17:22.659+0000] {logging_mixin.py:151} INFO - [2026-01-30T00:17:22.658+0000] {dagbag.py:539} INFO - Filling up the DagBag from /opt/airflow/dags/check_dag.py
[2026-01-30T00:17:22.677+0000] {processor.py:839} INFO - DAG(s) dict_keys(['check_dag']) retrieved from /opt/airflow/dags/check_dag.py
[2026-01-30T00:17:22.720+0000] {logging_mixin.py:151} INFO - [2026-01-30T00:17:22.720+0000] {dag.py:2915} INFO - Sync 1 DAGs
[2026-01-30T00:17:22.733+0000] {logging_mixin.py:151} INFO - [2026-01-30T00:17:22.733+0000] {dag.py:3696} INFO - Setting next_dagrun for check_dag to 2026-01-30T00:00:00+00:00, run_after=2026-01-31T00:00:00+00:00
[2026-01-30T00:17:22.741+0000] {processor.py:179} INFO - Processing /opt/airflow/dags/check_dag.py took 0.088 seconds
[2026-01-30T00:17:53.118+0000] {processor.py:157} INFO - Started process (PID=651) to work on /opt/airflow/dags/check_dag.py
[2026-01-30T00:17:53.120+0000] {processor.py:829} INFO - Processing file /opt/airflow/dags/check_dag.py for tasks to queue
[2026-01-30T00:17:53.121+0000] {logging_mixin.py:151} INFO - [2026-01-30T00:17:53.120+0000] {dagbag.py:539} INFO - Filling up the DagBag from /opt/airflow/dags/check_dag.py
[2026-01-30T00:17:53.144+0000] {processor.py:839} INFO - DAG(s) dict_keys(['check_dag']) retrieved from /opt/airflow/dags/check_dag.py
[2026-01-30T00:17:53.175+0000] {logging_mixin.py:151} INFO - [2026-01-30T00:17:53.175+0000] {dag.py:2915} INFO - Sync 1 DAGs
[2026-01-30T00:17:53.189+0000] {logging_mixin.py:151} INFO - [2026-01-30T00:17:53.189+0000] {dag.py:3696} INFO - Setting next_dagrun for check_dag to 2026-01-30T00:00:00+00:00, run_after=2026-01-31T00:00:00+00:00
[2026-01-30T00:17:53.197+0000] {processor.py:179} INFO - Processing /opt/airflow/dags/check_dag.py took 0.083 seconds
[2026-01-30T00:18:23.538+0000] {processor.py:157} INFO - Started process (PID=656) to work on /opt/airflow/dags/check_dag.py
[2026-01-30T00:18:23.539+0000] {processor.py:829} INFO - Processing file /opt/airflow/dags/check_dag.py for tasks to queue
[2026-01-30T00:18:23.540+0000] {logging_mixin.py:151} INFO - [2026-01-30T00:18:23.539+0000] {dagbag.py:539} INFO - Filling up the DagBag from /opt/airflow/dags/check_dag.py
[2026-01-30T00:18:23.558+0000] {processor.py:839} INFO - DAG(s) dict_keys(['check_dag']) retrieved from /opt/airflow/dags/check_dag.py
[2026-01-30T00:18:23.588+0000] {logging_mixin.py:151} INFO - [2026-01-30T00:18:23.588+0000] {dag.py:2915} INFO - Sync 1 DAGs
[2026-01-30T00:18:23.600+0000] {logging_mixin.py:151} INFO - [2026-01-30T00:18:23.600+0000] {dag.py:3696} INFO - Setting next_dagrun for check_dag to 2026-01-30T00:00:00+00:00, run_after=2026-01-31T00:00:00+00:00
[2026-01-30T00:18:23.608+0000] {processor.py:179} INFO - Processing /opt/airflow/dags/check_dag.py took 0.077 seconds
[2026-01-30T00:18:53.971+0000] {processor.py:157} INFO - Started process (PID=661) to work on /opt/airflow/dags/check_dag.py
[2026-01-30T00:18:53.972+0000] {processor.py:829} INFO - Processing file /opt/airflow/dags/check_dag.py for tasks to queue
[2026-01-30T00:18:53.974+0000] {logging_mixin.py:151} INFO - [2026-01-30T00:18:53.973+0000] {dagbag.py:539} INFO - Filling up the DagBag from /opt/airflow/dags/check_dag.py
[2026-01-30T00:18:53.997+0000] {processor.py:839} INFO - DAG(s) dict_keys(['check_dag']) retrieved from /opt/airflow/dags/check_dag.py
[2026-01-30T00:18:54.049+0000] {logging_mixin.py:151} INFO - [2026-01-30T00:18:54.049+0000] {dag.py:2915} INFO - Sync 1 DAGs
[2026-01-30T00:18:54.066+0000] {logging_mixin.py:151} INFO - [2026-01-30T00:18:54.066+0000] {dag.py:3696} INFO - Setting next_dagrun for check_dag to 2026-01-30T00:00:00+00:00, run_after=2026-01-31T00:00:00+00:00
[2026-01-30T00:18:54.074+0000] {processor.py:179} INFO - Processing /opt/airflow/dags/check_dag.py took 0.108 seconds
[2026-01-30T00:19:24.427+0000] {processor.py:157} INFO - Started process (PID=666) to work on /opt/airflow/dags/check_dag.py
[2026-01-30T00:19:24.428+0000] {processor.py:829} INFO - Processing file /opt/airflow/dags/check_dag.py for tasks to queue
[2026-01-30T00:19:24.429+0000] {logging_mixin.py:151} INFO - [2026-01-30T00:19:24.429+0000] {dagbag.py:539} INFO - Filling up the DagBag from /opt/airflow/dags/check_dag.py
[2026-01-30T00:19:24.457+0000] {processor.py:839} INFO - DAG(s) dict_keys(['check_dag']) retrieved from /opt/airflow/dags/check_dag.py
[2026-01-30T00:19:24.497+0000] {logging_mixin.py:151} INFO - [2026-01-30T00:19:24.497+0000] {dag.py:2915} INFO - Sync 1 DAGs
[2026-01-30T00:19:24.510+0000] {logging_mixin.py:151} INFO - [2026-01-30T00:19:24.510+0000] {dag.py:3696} INFO - Setting next_dagrun for check_dag to 2026-01-30T00:00:00+00:00, run_after=2026-01-31T00:00:00+00:00
[2026-01-30T00:19:24.518+0000] {processor.py:179} INFO - Processing /opt/airflow/dags/check_dag.py took 0.094 seconds
[2026-01-30T00:19:54.754+0000] {processor.py:157} INFO - Started process (PID=671) to work on /opt/airflow/dags/check_dag.py
[2026-01-30T00:19:54.755+0000] {processor.py:829} INFO - Processing file /opt/airflow/dags/check_dag.py for tasks to queue
[2026-01-30T00:19:54.756+0000] {logging_mixin.py:151} INFO - [2026-01-30T00:19:54.755+0000] {dagbag.py:539} INFO - Filling up the DagBag from /opt/airflow/dags/check_dag.py
[2026-01-30T00:19:54.775+0000] {processor.py:839} INFO - DAG(s) dict_keys(['check_dag']) retrieved from /opt/airflow/dags/check_dag.py
[2026-01-30T00:19:54.817+0000] {logging_mixin.py:151} INFO - [2026-01-30T00:19:54.817+0000] {dag.py:2915} INFO - Sync 1 DAGs
[2026-01-30T00:19:54.836+0000] {logging_mixin.py:151} INFO - [2026-01-30T00:19:54.836+0000] {dag.py:3696} INFO - Setting next_dagrun for check_dag to 2026-01-30T00:00:00+00:00, run_after=2026-01-31T00:00:00+00:00
[2026-01-30T00:19:54.850+0000] {processor.py:179} INFO - Processing /opt/airflow/dags/check_dag.py took 0.102 seconds
[2026-01-30T00:20:25.273+0000] {processor.py:157} INFO - Started process (PID=676) to work on /opt/airflow/dags/check_dag.py
[2026-01-30T00:20:25.274+0000] {processor.py:829} INFO - Processing file /opt/airflow/dags/check_dag.py for tasks to queue
[2026-01-30T00:20:25.275+0000] {logging_mixin.py:151} INFO - [2026-01-30T00:20:25.275+0000] {dagbag.py:539} INFO - Filling up the DagBag from /opt/airflow/dags/check_dag.py
[2026-01-30T00:20:25.298+0000] {processor.py:839} INFO - DAG(s) dict_keys(['check_dag']) retrieved from /opt/airflow/dags/check_dag.py
[2026-01-30T00:20:25.334+0000] {logging_mixin.py:151} INFO - [2026-01-30T00:20:25.334+0000] {dag.py:2915} INFO - Sync 1 DAGs
[2026-01-30T00:20:25.348+0000] {logging_mixin.py:151} INFO - [2026-01-30T00:20:25.348+0000] {dag.py:3696} INFO - Setting next_dagrun for check_dag to 2026-01-30T00:00:00+00:00, run_after=2026-01-31T00:00:00+00:00
[2026-01-30T00:20:25.359+0000] {processor.py:179} INFO - Processing /opt/airflow/dags/check_dag.py took 0.091 seconds
[2026-01-30T00:20:55.811+0000] {processor.py:157} INFO - Started process (PID=681) to work on /opt/airflow/dags/check_dag.py
[2026-01-30T00:20:55.813+0000] {processor.py:829} INFO - Processing file /opt/airflow/dags/check_dag.py for tasks to queue
[2026-01-30T00:20:55.815+0000] {logging_mixin.py:151} INFO - [2026-01-30T00:20:55.814+0000] {dagbag.py:539} INFO - Filling up the DagBag from /opt/airflow/dags/check_dag.py
[2026-01-30T00:20:55.860+0000] {processor.py:839} INFO - DAG(s) dict_keys(['check_dag']) retrieved from /opt/airflow/dags/check_dag.py
[2026-01-30T00:20:55.913+0000] {logging_mixin.py:151} INFO - [2026-01-30T00:20:55.913+0000] {dag.py:2915} INFO - Sync 1 DAGs
[2026-01-30T00:20:55.940+0000] {logging_mixin.py:151} INFO - [2026-01-30T00:20:55.940+0000] {dag.py:3696} INFO - Setting next_dagrun for check_dag to 2026-01-30T00:00:00+00:00, run_after=2026-01-31T00:00:00+00:00
[2026-01-30T00:20:55.952+0000] {processor.py:179} INFO - Processing /opt/airflow/dags/check_dag.py took 0.151 seconds
[2026-01-30T00:21:26.216+0000] {processor.py:157} INFO - Started process (PID=686) to work on /opt/airflow/dags/check_dag.py
[2026-01-30T00:21:26.217+0000] {processor.py:829} INFO - Processing file /opt/airflow/dags/check_dag.py for tasks to queue
[2026-01-30T00:21:26.219+0000] {logging_mixin.py:151} INFO - [2026-01-30T00:21:26.218+0000] {dagbag.py:539} INFO - Filling up the DagBag from /opt/airflow/dags/check_dag.py
[2026-01-30T00:21:26.253+0000] {processor.py:839} INFO - DAG(s) dict_keys(['check_dag']) retrieved from /opt/airflow/dags/check_dag.py
[2026-01-30T00:21:26.298+0000] {logging_mixin.py:151} INFO - [2026-01-30T00:21:26.298+0000] {dag.py:2915} INFO - Sync 1 DAGs
[2026-01-30T00:21:26.313+0000] {logging_mixin.py:151} INFO - [2026-01-30T00:21:26.313+0000] {dag.py:3696} INFO - Setting next_dagrun for check_dag to 2026-01-30T00:00:00+00:00, run_after=2026-01-31T00:00:00+00:00
[2026-01-30T00:21:26.320+0000] {processor.py:179} INFO - Processing /opt/airflow/dags/check_dag.py took 0.114 seconds
[2026-01-30T00:21:56.455+0000] {processor.py:157} INFO - Started process (PID=691) to work on /opt/airflow/dags/check_dag.py
[2026-01-30T00:21:56.456+0000] {processor.py:829} INFO - Processing file /opt/airflow/dags/check_dag.py for tasks to queue
[2026-01-30T00:21:56.457+0000] {logging_mixin.py:151} INFO - [2026-01-30T00:21:56.456+0000] {dagbag.py:539} INFO - Filling up the DagBag from /opt/airflow/dags/check_dag.py
[2026-01-30T00:21:56.478+0000] {processor.py:839} INFO - DAG(s) dict_keys(['check_dag']) retrieved from /opt/airflow/dags/check_dag.py
[2026-01-30T00:21:56.514+0000] {logging_mixin.py:151} INFO - [2026-01-30T00:21:56.513+0000] {dag.py:2915} INFO - Sync 1 DAGs
[2026-01-30T00:21:56.529+0000] {logging_mixin.py:151} INFO - [2026-01-30T00:21:56.529+0000] {dag.py:3696} INFO - Setting next_dagrun for check_dag to 2026-01-30T00:00:00+00:00, run_after=2026-01-31T00:00:00+00:00
[2026-01-30T00:21:56.538+0000] {processor.py:179} INFO - Processing /opt/airflow/dags/check_dag.py took 0.087 seconds
[2026-01-30T00:22:27.006+0000] {processor.py:157} INFO - Started process (PID=696) to work on /opt/airflow/dags/check_dag.py
[2026-01-30T00:22:27.007+0000] {processor.py:829} INFO - Processing file /opt/airflow/dags/check_dag.py for tasks to queue
[2026-01-30T00:22:27.008+0000] {logging_mixin.py:151} INFO - [2026-01-30T00:22:27.008+0000] {dagbag.py:539} INFO - Filling up the DagBag from /opt/airflow/dags/check_dag.py
[2026-01-30T00:22:27.034+0000] {processor.py:839} INFO - DAG(s) dict_keys(['check_dag']) retrieved from /opt/airflow/dags/check_dag.py
[2026-01-30T00:22:27.076+0000] {logging_mixin.py:151} INFO - [2026-01-30T00:22:27.076+0000] {dag.py:2915} INFO - Sync 1 DAGs
[2026-01-30T00:22:27.090+0000] {logging_mixin.py:151} INFO - [2026-01-30T00:22:27.090+0000] {dag.py:3696} INFO - Setting next_dagrun for check_dag to 2026-01-30T00:00:00+00:00, run_after=2026-01-31T00:00:00+00:00
[2026-01-30T00:22:27.100+0000] {processor.py:179} INFO - Processing /opt/airflow/dags/check_dag.py took 0.100 seconds
[2026-01-30T00:22:57.419+0000] {processor.py:157} INFO - Started process (PID=701) to work on /opt/airflow/dags/check_dag.py
[2026-01-30T00:22:57.420+0000] {processor.py:829} INFO - Processing file /opt/airflow/dags/check_dag.py for tasks to queue
[2026-01-30T00:22:57.421+0000] {logging_mixin.py:151} INFO - [2026-01-30T00:22:57.421+0000] {dagbag.py:539} INFO - Filling up the DagBag from /opt/airflow/dags/check_dag.py
[2026-01-30T00:22:57.442+0000] {processor.py:839} INFO - DAG(s) dict_keys(['check_dag']) retrieved from /opt/airflow/dags/check_dag.py
[2026-01-30T00:22:57.476+0000] {logging_mixin.py:151} INFO - [2026-01-30T00:22:57.476+0000] {dag.py:2915} INFO - Sync 1 DAGs
[2026-01-30T00:22:57.495+0000] {logging_mixin.py:151} INFO - [2026-01-30T00:22:57.495+0000] {dag.py:3696} INFO - Setting next_dagrun for check_dag to 2026-01-30T00:00:00+00:00, run_after=2026-01-31T00:00:00+00:00
[2026-01-30T00:22:57.508+0000] {processor.py:179} INFO - Processing /opt/airflow/dags/check_dag.py took 0.095 seconds
[2026-01-30T00:23:27.828+0000] {processor.py:157} INFO - Started process (PID=706) to work on /opt/airflow/dags/check_dag.py
[2026-01-30T00:23:27.829+0000] {processor.py:829} INFO - Processing file /opt/airflow/dags/check_dag.py for tasks to queue
[2026-01-30T00:23:27.830+0000] {logging_mixin.py:151} INFO - [2026-01-30T00:23:27.830+0000] {dagbag.py:539} INFO - Filling up the DagBag from /opt/airflow/dags/check_dag.py
[2026-01-30T00:23:27.846+0000] {processor.py:839} INFO - DAG(s) dict_keys(['check_dag']) retrieved from /opt/airflow/dags/check_dag.py
[2026-01-30T00:23:27.877+0000] {logging_mixin.py:151} INFO - [2026-01-30T00:23:27.877+0000] {dag.py:2915} INFO - Sync 1 DAGs
[2026-01-30T00:23:27.894+0000] {logging_mixin.py:151} INFO - [2026-01-30T00:23:27.894+0000] {dag.py:3696} INFO - Setting next_dagrun for check_dag to 2026-01-30T00:00:00+00:00, run_after=2026-01-31T00:00:00+00:00
[2026-01-30T00:23:27.905+0000] {processor.py:179} INFO - Processing /opt/airflow/dags/check_dag.py took 0.085 seconds
[2026-01-30T00:23:58.212+0000] {processor.py:157} INFO - Started process (PID=711) to work on /opt/airflow/dags/check_dag.py
[2026-01-30T00:23:58.213+0000] {processor.py:829} INFO - Processing file /opt/airflow/dags/check_dag.py for tasks to queue
[2026-01-30T00:23:58.214+0000] {logging_mixin.py:151} INFO - [2026-01-30T00:23:58.213+0000] {dagbag.py:539} INFO - Filling up the DagBag from /opt/airflow/dags/check_dag.py
[2026-01-30T00:23:58.240+0000] {processor.py:839} INFO - DAG(s) dict_keys(['check_dag']) retrieved from /opt/airflow/dags/check_dag.py
[2026-01-30T00:23:58.272+0000] {logging_mixin.py:151} INFO - [2026-01-30T00:23:58.272+0000] {dag.py:2915} INFO - Sync 1 DAGs
[2026-01-30T00:23:58.285+0000] {logging_mixin.py:151} INFO - [2026-01-30T00:23:58.285+0000] {dag.py:3696} INFO - Setting next_dagrun for check_dag to 2026-01-30T00:00:00+00:00, run_after=2026-01-31T00:00:00+00:00
[2026-01-30T00:23:58.298+0000] {processor.py:179} INFO - Processing /opt/airflow/dags/check_dag.py took 0.090 seconds
[2026-01-30T00:24:28.649+0000] {processor.py:157} INFO - Started process (PID=716) to work on /opt/airflow/dags/check_dag.py
[2026-01-30T00:24:28.651+0000] {processor.py:829} INFO - Processing file /opt/airflow/dags/check_dag.py for tasks to queue
[2026-01-30T00:24:28.652+0000] {logging_mixin.py:151} INFO - [2026-01-30T00:24:28.651+0000] {dagbag.py:539} INFO - Filling up the DagBag from /opt/airflow/dags/check_dag.py
[2026-01-30T00:24:28.674+0000] {processor.py:839} INFO - DAG(s) dict_keys(['check_dag']) retrieved from /opt/airflow/dags/check_dag.py
[2026-01-30T00:24:28.712+0000] {logging_mixin.py:151} INFO - [2026-01-30T00:24:28.712+0000] {dag.py:2915} INFO - Sync 1 DAGs
[2026-01-30T00:24:28.738+0000] {logging_mixin.py:151} INFO - [2026-01-30T00:24:28.738+0000] {dag.py:3696} INFO - Setting next_dagrun for check_dag to 2026-01-30T00:00:00+00:00, run_after=2026-01-31T00:00:00+00:00
[2026-01-30T00:24:28.763+0000] {processor.py:179} INFO - Processing /opt/airflow/dags/check_dag.py took 0.118 seconds
[2026-01-30T00:24:59.137+0000] {processor.py:157} INFO - Started process (PID=721) to work on /opt/airflow/dags/check_dag.py
[2026-01-30T00:24:59.138+0000] {processor.py:829} INFO - Processing file /opt/airflow/dags/check_dag.py for tasks to queue
[2026-01-30T00:24:59.139+0000] {logging_mixin.py:151} INFO - [2026-01-30T00:24:59.139+0000] {dagbag.py:539} INFO - Filling up the DagBag from /opt/airflow/dags/check_dag.py
[2026-01-30T00:24:59.161+0000] {processor.py:839} INFO - DAG(s) dict_keys(['check_dag']) retrieved from /opt/airflow/dags/check_dag.py
[2026-01-30T00:24:59.203+0000] {logging_mixin.py:151} INFO - [2026-01-30T00:24:59.203+0000] {dag.py:2915} INFO - Sync 1 DAGs
[2026-01-30T00:24:59.221+0000] {logging_mixin.py:151} INFO - [2026-01-30T00:24:59.221+0000] {dag.py:3696} INFO - Setting next_dagrun for check_dag to 2026-01-30T00:00:00+00:00, run_after=2026-01-31T00:00:00+00:00
[2026-01-30T00:24:59.230+0000] {processor.py:179} INFO - Processing /opt/airflow/dags/check_dag.py took 0.102 seconds
[2026-01-30T00:25:29.516+0000] {processor.py:157} INFO - Started process (PID=726) to work on /opt/airflow/dags/check_dag.py
[2026-01-30T00:25:29.517+0000] {processor.py:829} INFO - Processing file /opt/airflow/dags/check_dag.py for tasks to queue
[2026-01-30T00:25:29.518+0000] {logging_mixin.py:151} INFO - [2026-01-30T00:25:29.517+0000] {dagbag.py:539} INFO - Filling up the DagBag from /opt/airflow/dags/check_dag.py
[2026-01-30T00:25:29.540+0000] {processor.py:839} INFO - DAG(s) dict_keys(['check_dag']) retrieved from /opt/airflow/dags/check_dag.py
[2026-01-30T00:25:29.573+0000] {logging_mixin.py:151} INFO - [2026-01-30T00:25:29.573+0000] {dag.py:2915} INFO - Sync 1 DAGs
[2026-01-30T00:25:29.587+0000] {logging_mixin.py:151} INFO - [2026-01-30T00:25:29.587+0000] {dag.py:3696} INFO - Setting next_dagrun for check_dag to 2026-01-30T00:00:00+00:00, run_after=2026-01-31T00:00:00+00:00
[2026-01-30T00:25:29.595+0000] {processor.py:179} INFO - Processing /opt/airflow/dags/check_dag.py took 0.083 seconds
[2026-01-30T00:25:59.907+0000] {processor.py:157} INFO - Started process (PID=731) to work on /opt/airflow/dags/check_dag.py
[2026-01-30T00:25:59.908+0000] {processor.py:829} INFO - Processing file /opt/airflow/dags/check_dag.py for tasks to queue
[2026-01-30T00:25:59.909+0000] {logging_mixin.py:151} INFO - [2026-01-30T00:25:59.908+0000] {dagbag.py:539} INFO - Filling up the DagBag from /opt/airflow/dags/check_dag.py
[2026-01-30T00:25:59.928+0000] {processor.py:839} INFO - DAG(s) dict_keys(['check_dag']) retrieved from /opt/airflow/dags/check_dag.py
[2026-01-30T00:25:59.962+0000] {logging_mixin.py:151} INFO - [2026-01-30T00:25:59.962+0000] {dag.py:2915} INFO - Sync 1 DAGs
[2026-01-30T00:25:59.975+0000] {logging_mixin.py:151} INFO - [2026-01-30T00:25:59.975+0000] {dag.py:3696} INFO - Setting next_dagrun for check_dag to 2026-01-30T00:00:00+00:00, run_after=2026-01-31T00:00:00+00:00
[2026-01-30T00:25:59.984+0000] {processor.py:179} INFO - Processing /opt/airflow/dags/check_dag.py took 0.081 seconds
[2026-01-30T00:26:30.882+0000] {processor.py:157} INFO - Started process (PID=736) to work on /opt/airflow/dags/check_dag.py
[2026-01-30T00:26:30.884+0000] {processor.py:829} INFO - Processing file /opt/airflow/dags/check_dag.py for tasks to queue
[2026-01-30T00:26:30.885+0000] {logging_mixin.py:151} INFO - [2026-01-30T00:26:30.884+0000] {dagbag.py:539} INFO - Filling up the DagBag from /opt/airflow/dags/check_dag.py
[2026-01-30T00:26:30.904+0000] {processor.py:839} INFO - DAG(s) dict_keys(['check_dag']) retrieved from /opt/airflow/dags/check_dag.py
[2026-01-30T00:26:30.941+0000] {logging_mixin.py:151} INFO - [2026-01-30T00:26:30.941+0000] {dag.py:2915} INFO - Sync 1 DAGs
[2026-01-30T00:26:30.958+0000] {logging_mixin.py:151} INFO - [2026-01-30T00:26:30.958+0000] {dag.py:3696} INFO - Setting next_dagrun for check_dag to 2026-01-30T00:00:00+00:00, run_after=2026-01-31T00:00:00+00:00
[2026-01-30T00:26:30.967+0000] {processor.py:179} INFO - Processing /opt/airflow/dags/check_dag.py took 0.089 seconds
[2026-01-30T00:27:01.348+0000] {processor.py:157} INFO - Started process (PID=741) to work on /opt/airflow/dags/check_dag.py
[2026-01-30T00:27:01.349+0000] {processor.py:829} INFO - Processing file /opt/airflow/dags/check_dag.py for tasks to queue
[2026-01-30T00:27:01.350+0000] {logging_mixin.py:151} INFO - [2026-01-30T00:27:01.350+0000] {dagbag.py:539} INFO - Filling up the DagBag from /opt/airflow/dags/check_dag.py
[2026-01-30T00:27:01.366+0000] {processor.py:839} INFO - DAG(s) dict_keys(['check_dag']) retrieved from /opt/airflow/dags/check_dag.py
[2026-01-30T00:27:01.402+0000] {logging_mixin.py:151} INFO - [2026-01-30T00:27:01.402+0000] {dag.py:2915} INFO - Sync 1 DAGs
[2026-01-30T00:27:01.423+0000] {logging_mixin.py:151} INFO - [2026-01-30T00:27:01.423+0000] {dag.py:3696} INFO - Setting next_dagrun for check_dag to 2026-01-30T00:00:00+00:00, run_after=2026-01-31T00:00:00+00:00
[2026-01-30T00:27:01.432+0000] {processor.py:179} INFO - Processing /opt/airflow/dags/check_dag.py took 0.092 seconds
[2026-01-30T00:27:31.737+0000] {processor.py:157} INFO - Started process (PID=746) to work on /opt/airflow/dags/check_dag.py
[2026-01-30T00:27:31.738+0000] {processor.py:829} INFO - Processing file /opt/airflow/dags/check_dag.py for tasks to queue
[2026-01-30T00:27:31.739+0000] {logging_mixin.py:151} INFO - [2026-01-30T00:27:31.739+0000] {dagbag.py:539} INFO - Filling up the DagBag from /opt/airflow/dags/check_dag.py
[2026-01-30T00:27:31.760+0000] {processor.py:839} INFO - DAG(s) dict_keys(['check_dag']) retrieved from /opt/airflow/dags/check_dag.py
[2026-01-30T00:27:31.794+0000] {logging_mixin.py:151} INFO - [2026-01-30T00:27:31.794+0000] {dag.py:2915} INFO - Sync 1 DAGs
[2026-01-30T00:27:31.809+0000] {logging_mixin.py:151} INFO - [2026-01-30T00:27:31.809+0000] {dag.py:3696} INFO - Setting next_dagrun for check_dag to 2026-01-30T00:00:00+00:00, run_after=2026-01-31T00:00:00+00:00
[2026-01-30T00:27:31.818+0000] {processor.py:179} INFO - Processing /opt/airflow/dags/check_dag.py took 0.084 seconds
[2026-01-30T00:28:02.138+0000] {processor.py:157} INFO - Started process (PID=751) to work on /opt/airflow/dags/check_dag.py
[2026-01-30T00:28:02.139+0000] {processor.py:829} INFO - Processing file /opt/airflow/dags/check_dag.py for tasks to queue
[2026-01-30T00:28:02.140+0000] {logging_mixin.py:151} INFO - [2026-01-30T00:28:02.140+0000] {dagbag.py:539} INFO - Filling up the DagBag from /opt/airflow/dags/check_dag.py
[2026-01-30T00:28:02.155+0000] {processor.py:839} INFO - DAG(s) dict_keys(['check_dag']) retrieved from /opt/airflow/dags/check_dag.py
[2026-01-30T00:28:02.187+0000] {logging_mixin.py:151} INFO - [2026-01-30T00:28:02.187+0000] {dag.py:2915} INFO - Sync 1 DAGs
[2026-01-30T00:28:02.201+0000] {logging_mixin.py:151} INFO - [2026-01-30T00:28:02.201+0000] {dag.py:3696} INFO - Setting next_dagrun for check_dag to 2026-01-30T00:00:00+00:00, run_after=2026-01-31T00:00:00+00:00
[2026-01-30T00:28:02.209+0000] {processor.py:179} INFO - Processing /opt/airflow/dags/check_dag.py took 0.079 seconds
[2026-01-30T00:28:32.657+0000] {processor.py:157} INFO - Started process (PID=756) to work on /opt/airflow/dags/check_dag.py
[2026-01-30T00:28:32.658+0000] {processor.py:829} INFO - Processing file /opt/airflow/dags/check_dag.py for tasks to queue
[2026-01-30T00:28:32.659+0000] {logging_mixin.py:151} INFO - [2026-01-30T00:28:32.659+0000] {dagbag.py:539} INFO - Filling up the DagBag from /opt/airflow/dags/check_dag.py
[2026-01-30T00:28:32.679+0000] {processor.py:839} INFO - DAG(s) dict_keys(['check_dag']) retrieved from /opt/airflow/dags/check_dag.py
[2026-01-30T00:28:32.711+0000] {logging_mixin.py:151} INFO - [2026-01-30T00:28:32.711+0000] {dag.py:2915} INFO - Sync 1 DAGs
[2026-01-30T00:28:32.724+0000] {logging_mixin.py:151} INFO - [2026-01-30T00:28:32.724+0000] {dag.py:3696} INFO - Setting next_dagrun for check_dag to 2026-01-30T00:00:00+00:00, run_after=2026-01-31T00:00:00+00:00
[2026-01-30T00:28:32.736+0000] {processor.py:179} INFO - Processing /opt/airflow/dags/check_dag.py took 0.085 seconds
[2026-01-30T00:29:03.026+0000] {processor.py:157} INFO - Started process (PID=761) to work on /opt/airflow/dags/check_dag.py
[2026-01-30T00:29:03.028+0000] {processor.py:829} INFO - Processing file /opt/airflow/dags/check_dag.py for tasks to queue
[2026-01-30T00:29:03.029+0000] {logging_mixin.py:151} INFO - [2026-01-30T00:29:03.029+0000] {dagbag.py:539} INFO - Filling up the DagBag from /opt/airflow/dags/check_dag.py
[2026-01-30T00:29:03.052+0000] {processor.py:839} INFO - DAG(s) dict_keys(['check_dag']) retrieved from /opt/airflow/dags/check_dag.py
[2026-01-30T00:29:03.083+0000] {logging_mixin.py:151} INFO - [2026-01-30T00:29:03.083+0000] {dag.py:2915} INFO - Sync 1 DAGs
[2026-01-30T00:29:03.096+0000] {logging_mixin.py:151} INFO - [2026-01-30T00:29:03.096+0000] {dag.py:3696} INFO - Setting next_dagrun for check_dag to 2026-01-30T00:00:00+00:00, run_after=2026-01-31T00:00:00+00:00
[2026-01-30T00:29:03.105+0000] {processor.py:179} INFO - Processing /opt/airflow/dags/check_dag.py took 0.085 seconds
[2026-01-30T00:29:33.430+0000] {processor.py:157} INFO - Started process (PID=766) to work on /opt/airflow/dags/check_dag.py
[2026-01-30T00:29:33.432+0000] {processor.py:829} INFO - Processing file /opt/airflow/dags/check_dag.py for tasks to queue
[2026-01-30T00:29:33.433+0000] {logging_mixin.py:151} INFO - [2026-01-30T00:29:33.432+0000] {dagbag.py:539} INFO - Filling up the DagBag from /opt/airflow/dags/check_dag.py
[2026-01-30T00:29:33.454+0000] {processor.py:839} INFO - DAG(s) dict_keys(['check_dag']) retrieved from /opt/airflow/dags/check_dag.py
[2026-01-30T00:29:33.485+0000] {logging_mixin.py:151} INFO - [2026-01-30T00:29:33.485+0000] {dag.py:2915} INFO - Sync 1 DAGs
[2026-01-30T00:29:33.502+0000] {logging_mixin.py:151} INFO - [2026-01-30T00:29:33.502+0000] {dag.py:3696} INFO - Setting next_dagrun for check_dag to 2026-01-30T00:00:00+00:00, run_after=2026-01-31T00:00:00+00:00
[2026-01-30T00:29:33.511+0000] {processor.py:179} INFO - Processing /opt/airflow/dags/check_dag.py took 0.090 seconds
[2026-01-30T00:30:03.907+0000] {processor.py:157} INFO - Started process (PID=771) to work on /opt/airflow/dags/check_dag.py
[2026-01-30T00:30:03.908+0000] {processor.py:829} INFO - Processing file /opt/airflow/dags/check_dag.py for tasks to queue
[2026-01-30T00:30:03.909+0000] {logging_mixin.py:151} INFO - [2026-01-30T00:30:03.909+0000] {dagbag.py:539} INFO - Filling up the DagBag from /opt/airflow/dags/check_dag.py
[2026-01-30T00:30:03.925+0000] {processor.py:839} INFO - DAG(s) dict_keys(['check_dag']) retrieved from /opt/airflow/dags/check_dag.py
[2026-01-30T00:30:03.969+0000] {logging_mixin.py:151} INFO - [2026-01-30T00:30:03.969+0000] {dag.py:2915} INFO - Sync 1 DAGs
[2026-01-30T00:30:03.987+0000] {logging_mixin.py:151} INFO - [2026-01-30T00:30:03.987+0000] {dag.py:3696} INFO - Setting next_dagrun for check_dag to 2026-01-30T00:00:00+00:00, run_after=2026-01-31T00:00:00+00:00
[2026-01-30T00:30:03.998+0000] {processor.py:179} INFO - Processing /opt/airflow/dags/check_dag.py took 0.095 seconds
[2026-01-30T00:30:34.441+0000] {processor.py:157} INFO - Started process (PID=776) to work on /opt/airflow/dags/check_dag.py
[2026-01-30T00:30:34.445+0000] {processor.py:829} INFO - Processing file /opt/airflow/dags/check_dag.py for tasks to queue
[2026-01-30T00:30:34.458+0000] {logging_mixin.py:151} INFO - [2026-01-30T00:30:34.452+0000] {dagbag.py:539} INFO - Filling up the DagBag from /opt/airflow/dags/check_dag.py
[2026-01-30T00:30:34.498+0000] {processor.py:839} INFO - DAG(s) dict_keys(['check_dag']) retrieved from /opt/airflow/dags/check_dag.py
[2026-01-30T00:30:34.539+0000] {logging_mixin.py:151} INFO - [2026-01-30T00:30:34.539+0000] {dag.py:2915} INFO - Sync 1 DAGs
[2026-01-30T00:30:34.559+0000] {logging_mixin.py:151} INFO - [2026-01-30T00:30:34.559+0000] {dag.py:3696} INFO - Setting next_dagrun for check_dag to 2026-01-30T00:00:00+00:00, run_after=2026-01-31T00:00:00+00:00
[2026-01-30T00:30:34.573+0000] {processor.py:179} INFO - Processing /opt/airflow/dags/check_dag.py took 0.139 seconds
[2026-01-30T00:31:04.897+0000] {processor.py:157} INFO - Started process (PID=781) to work on /opt/airflow/dags/check_dag.py
[2026-01-30T00:31:04.898+0000] {processor.py:829} INFO - Processing file /opt/airflow/dags/check_dag.py for tasks to queue
[2026-01-30T00:31:04.900+0000] {logging_mixin.py:151} INFO - [2026-01-30T00:31:04.899+0000] {dagbag.py:539} INFO - Filling up the DagBag from /opt/airflow/dags/check_dag.py
[2026-01-30T00:31:04.933+0000] {processor.py:839} INFO - DAG(s) dict_keys(['check_dag']) retrieved from /opt/airflow/dags/check_dag.py
[2026-01-30T00:31:04.973+0000] {logging_mixin.py:151} INFO - [2026-01-30T00:31:04.973+0000] {dag.py:2915} INFO - Sync 1 DAGs
[2026-01-30T00:31:04.988+0000] {logging_mixin.py:151} INFO - [2026-01-30T00:31:04.988+0000] {dag.py:3696} INFO - Setting next_dagrun for check_dag to 2026-01-30T00:00:00+00:00, run_after=2026-01-31T00:00:00+00:00
[2026-01-30T00:31:04.999+0000] {processor.py:179} INFO - Processing /opt/airflow/dags/check_dag.py took 0.106 seconds
[2026-01-30T00:31:35.309+0000] {processor.py:157} INFO - Started process (PID=786) to work on /opt/airflow/dags/check_dag.py
[2026-01-30T00:31:35.310+0000] {processor.py:829} INFO - Processing file /opt/airflow/dags/check_dag.py for tasks to queue
[2026-01-30T00:31:35.311+0000] {logging_mixin.py:151} INFO - [2026-01-30T00:31:35.311+0000] {dagbag.py:539} INFO - Filling up the DagBag from /opt/airflow/dags/check_dag.py
[2026-01-30T00:31:35.338+0000] {processor.py:839} INFO - DAG(s) dict_keys(['check_dag']) retrieved from /opt/airflow/dags/check_dag.py
[2026-01-30T00:31:35.373+0000] {logging_mixin.py:151} INFO - [2026-01-30T00:31:35.373+0000] {dag.py:2915} INFO - Sync 1 DAGs
[2026-01-30T00:31:35.394+0000] {logging_mixin.py:151} INFO - [2026-01-30T00:31:35.394+0000] {dag.py:3696} INFO - Setting next_dagrun for check_dag to 2026-01-30T00:00:00+00:00, run_after=2026-01-31T00:00:00+00:00
[2026-01-30T00:31:35.403+0000] {processor.py:179} INFO - Processing /opt/airflow/dags/check_dag.py took 0.103 seconds
[2026-01-30T00:32:05.801+0000] {processor.py:157} INFO - Started process (PID=791) to work on /opt/airflow/dags/check_dag.py
[2026-01-30T00:32:05.802+0000] {processor.py:829} INFO - Processing file /opt/airflow/dags/check_dag.py for tasks to queue
[2026-01-30T00:32:05.803+0000] {logging_mixin.py:151} INFO - [2026-01-30T00:32:05.802+0000] {dagbag.py:539} INFO - Filling up the DagBag from /opt/airflow/dags/check_dag.py
[2026-01-30T00:32:05.822+0000] {processor.py:839} INFO - DAG(s) dict_keys(['check_dag']) retrieved from /opt/airflow/dags/check_dag.py
[2026-01-30T00:32:05.852+0000] {logging_mixin.py:151} INFO - [2026-01-30T00:32:05.852+0000] {dag.py:2915} INFO - Sync 1 DAGs
[2026-01-30T00:32:05.866+0000] {logging_mixin.py:151} INFO - [2026-01-30T00:32:05.865+0000] {dag.py:3696} INFO - Setting next_dagrun for check_dag to 2026-01-30T00:00:00+00:00, run_after=2026-01-31T00:00:00+00:00
[2026-01-30T00:32:05.874+0000] {processor.py:179} INFO - Processing /opt/airflow/dags/check_dag.py took 0.081 seconds
[2026-01-30T00:32:36.441+0000] {processor.py:157} INFO - Started process (PID=796) to work on /opt/airflow/dags/check_dag.py
[2026-01-30T00:32:36.442+0000] {processor.py:829} INFO - Processing file /opt/airflow/dags/check_dag.py for tasks to queue
[2026-01-30T00:32:36.446+0000] {logging_mixin.py:151} INFO - [2026-01-30T00:32:36.443+0000] {dagbag.py:539} INFO - Filling up the DagBag from /opt/airflow/dags/check_dag.py
[2026-01-30T00:32:36.469+0000] {processor.py:839} INFO - DAG(s) dict_keys(['check_dag']) retrieved from /opt/airflow/dags/check_dag.py
[2026-01-30T00:32:36.507+0000] {logging_mixin.py:151} INFO - [2026-01-30T00:32:36.507+0000] {dag.py:2915} INFO - Sync 1 DAGs
[2026-01-30T00:32:36.526+0000] {logging_mixin.py:151} INFO - [2026-01-30T00:32:36.526+0000] {dag.py:3696} INFO - Setting next_dagrun for check_dag to 2026-01-30T00:00:00+00:00, run_after=2026-01-31T00:00:00+00:00
[2026-01-30T00:32:36.537+0000] {processor.py:179} INFO - Processing /opt/airflow/dags/check_dag.py took 0.102 seconds
[2026-01-30T00:33:07.370+0000] {processor.py:157} INFO - Started process (PID=801) to work on /opt/airflow/dags/check_dag.py
[2026-01-30T00:33:07.371+0000] {processor.py:829} INFO - Processing file /opt/airflow/dags/check_dag.py for tasks to queue
[2026-01-30T00:33:07.372+0000] {logging_mixin.py:151} INFO - [2026-01-30T00:33:07.372+0000] {dagbag.py:539} INFO - Filling up the DagBag from /opt/airflow/dags/check_dag.py
[2026-01-30T00:33:07.391+0000] {processor.py:839} INFO - DAG(s) dict_keys(['check_dag']) retrieved from /opt/airflow/dags/check_dag.py
[2026-01-30T00:33:07.429+0000] {logging_mixin.py:151} INFO - [2026-01-30T00:33:07.429+0000] {dag.py:2915} INFO - Sync 1 DAGs
[2026-01-30T00:33:07.448+0000] {logging_mixin.py:151} INFO - [2026-01-30T00:33:07.448+0000] {dag.py:3696} INFO - Setting next_dagrun for check_dag to 2026-01-30T00:00:00+00:00, run_after=2026-01-31T00:00:00+00:00
[2026-01-30T00:33:07.457+0000] {processor.py:179} INFO - Processing /opt/airflow/dags/check_dag.py took 0.094 seconds
[2026-01-30T00:33:37.764+0000] {processor.py:157} INFO - Started process (PID=806) to work on /opt/airflow/dags/check_dag.py
[2026-01-30T00:33:37.766+0000] {processor.py:829} INFO - Processing file /opt/airflow/dags/check_dag.py for tasks to queue
[2026-01-30T00:33:37.767+0000] {logging_mixin.py:151} INFO - [2026-01-30T00:33:37.766+0000] {dagbag.py:539} INFO - Filling up the DagBag from /opt/airflow/dags/check_dag.py
[2026-01-30T00:33:37.809+0000] {processor.py:839} INFO - DAG(s) dict_keys(['check_dag']) retrieved from /opt/airflow/dags/check_dag.py
[2026-01-30T00:33:37.848+0000] {logging_mixin.py:151} INFO - [2026-01-30T00:33:37.848+0000] {dag.py:2915} INFO - Sync 1 DAGs
[2026-01-30T00:33:37.861+0000] {logging_mixin.py:151} INFO - [2026-01-30T00:33:37.861+0000] {dag.py:3696} INFO - Setting next_dagrun for check_dag to 2026-01-30T00:00:00+00:00, run_after=2026-01-31T00:00:00+00:00
[2026-01-30T00:33:37.870+0000] {processor.py:179} INFO - Processing /opt/airflow/dags/check_dag.py took 0.112 seconds
[2026-01-30T00:34:08.210+0000] {processor.py:157} INFO - Started process (PID=811) to work on /opt/airflow/dags/check_dag.py
[2026-01-30T00:34:08.211+0000] {processor.py:829} INFO - Processing file /opt/airflow/dags/check_dag.py for tasks to queue
[2026-01-30T00:34:08.212+0000] {logging_mixin.py:151} INFO - [2026-01-30T00:34:08.212+0000] {dagbag.py:539} INFO - Filling up the DagBag from /opt/airflow/dags/check_dag.py
[2026-01-30T00:34:08.231+0000] {processor.py:839} INFO - DAG(s) dict_keys(['check_dag']) retrieved from /opt/airflow/dags/check_dag.py
[2026-01-30T00:34:08.267+0000] {logging_mixin.py:151} INFO - [2026-01-30T00:34:08.267+0000] {dag.py:2915} INFO - Sync 1 DAGs
[2026-01-30T00:34:08.282+0000] {logging_mixin.py:151} INFO - [2026-01-30T00:34:08.282+0000] {dag.py:3696} INFO - Setting next_dagrun for check_dag to 2026-01-30T00:00:00+00:00, run_after=2026-01-31T00:00:00+00:00
[2026-01-30T00:34:08.290+0000] {processor.py:179} INFO - Processing /opt/airflow/dags/check_dag.py took 0.088 seconds
[2026-01-30T00:34:38.649+0000] {processor.py:157} INFO - Started process (PID=816) to work on /opt/airflow/dags/check_dag.py
[2026-01-30T00:34:38.650+0000] {processor.py:829} INFO - Processing file /opt/airflow/dags/check_dag.py for tasks to queue
[2026-01-30T00:34:38.651+0000] {logging_mixin.py:151} INFO - [2026-01-30T00:34:38.650+0000] {dagbag.py:539} INFO - Filling up the DagBag from /opt/airflow/dags/check_dag.py
[2026-01-30T00:34:38.676+0000] {processor.py:839} INFO - DAG(s) dict_keys(['check_dag']) retrieved from /opt/airflow/dags/check_dag.py
[2026-01-30T00:34:38.709+0000] {logging_mixin.py:151} INFO - [2026-01-30T00:34:38.709+0000] {dag.py:2915} INFO - Sync 1 DAGs
[2026-01-30T00:34:38.723+0000] {logging_mixin.py:151} INFO - [2026-01-30T00:34:38.723+0000] {dag.py:3696} INFO - Setting next_dagrun for check_dag to 2026-01-30T00:00:00+00:00, run_after=2026-01-31T00:00:00+00:00
[2026-01-30T00:34:38.736+0000] {processor.py:179} INFO - Processing /opt/airflow/dags/check_dag.py took 0.092 seconds
[2026-01-30T00:35:09.314+0000] {processor.py:157} INFO - Started process (PID=821) to work on /opt/airflow/dags/check_dag.py
[2026-01-30T00:35:09.315+0000] {processor.py:829} INFO - Processing file /opt/airflow/dags/check_dag.py for tasks to queue
[2026-01-30T00:35:09.317+0000] {logging_mixin.py:151} INFO - [2026-01-30T00:35:09.316+0000] {dagbag.py:539} INFO - Filling up the DagBag from /opt/airflow/dags/check_dag.py
[2026-01-30T00:35:09.340+0000] {processor.py:839} INFO - DAG(s) dict_keys(['check_dag']) retrieved from /opt/airflow/dags/check_dag.py
[2026-01-30T00:35:09.380+0000] {logging_mixin.py:151} INFO - [2026-01-30T00:35:09.380+0000] {dag.py:2915} INFO - Sync 1 DAGs
[2026-01-30T00:35:09.394+0000] {logging_mixin.py:151} INFO - [2026-01-30T00:35:09.394+0000] {dag.py:3696} INFO - Setting next_dagrun for check_dag to 2026-01-30T00:00:00+00:00, run_after=2026-01-31T00:00:00+00:00
[2026-01-30T00:35:09.403+0000] {processor.py:179} INFO - Processing /opt/airflow/dags/check_dag.py took 0.120 seconds
