[2026-01-29T23:32:06.930+0000] {processor.py:157} INFO - Started process (PID=167) to work on /opt/airflow/dags/check_dag.py
[2026-01-29T23:32:06.937+0000] {processor.py:829} INFO - Processing file /opt/airflow/dags/check_dag.py for tasks to queue
[2026-01-29T23:32:06.940+0000] {logging_mixin.py:151} INFO - [2026-01-29T23:32:06.939+0000] {dagbag.py:539} INFO - Filling up the DagBag from /opt/airflow/dags/check_dag.py
[2026-01-29T23:32:07.013+0000] {processor.py:839} INFO - DAG(s) dict_keys(['check_dag']) retrieved from /opt/airflow/dags/check_dag.py
[2026-01-29T23:32:07.515+0000] {logging_mixin.py:151} INFO - [2026-01-29T23:32:07.515+0000] {security.py:708} INFO - Not syncing DAG-level permissions for DAG 'DAG:check_dag' as access control is unset.
[2026-01-29T23:32:07.515+0000] {logging_mixin.py:151} INFO - [2026-01-29T23:32:07.515+0000] {dag.py:2915} INFO - Sync 1 DAGs
[2026-01-29T23:32:07.528+0000] {logging_mixin.py:151} INFO - [2026-01-29T23:32:07.528+0000] {dag.py:3696} INFO - Setting next_dagrun for check_dag to 2026-01-28T00:00:00+00:00, run_after=2026-01-29T00:00:00+00:00
[2026-01-29T23:32:07.540+0000] {processor.py:179} INFO - Processing /opt/airflow/dags/check_dag.py took 0.627 seconds
[2026-01-29T23:32:37.902+0000] {processor.py:157} INFO - Started process (PID=172) to work on /opt/airflow/dags/check_dag.py
[2026-01-29T23:32:37.905+0000] {processor.py:829} INFO - Processing file /opt/airflow/dags/check_dag.py for tasks to queue
[2026-01-29T23:32:37.908+0000] {logging_mixin.py:151} INFO - [2026-01-29T23:32:37.908+0000] {dagbag.py:539} INFO - Filling up the DagBag from /opt/airflow/dags/check_dag.py
[2026-01-29T23:32:37.994+0000] {processor.py:839} INFO - DAG(s) dict_keys(['check_dag']) retrieved from /opt/airflow/dags/check_dag.py
[2026-01-29T23:32:38.135+0000] {logging_mixin.py:151} INFO - [2026-01-29T23:32:38.135+0000] {dag.py:2915} INFO - Sync 1 DAGs
[2026-01-29T23:32:38.212+0000] {logging_mixin.py:151} INFO - [2026-01-29T23:32:38.211+0000] {dag.py:3696} INFO - Setting next_dagrun for check_dag to 2026-01-28T00:00:00+00:00, run_after=2026-01-29T00:00:00+00:00
[2026-01-29T23:32:38.229+0000] {processor.py:179} INFO - Processing /opt/airflow/dags/check_dag.py took 0.345 seconds
[2026-01-29T23:33:08.592+0000] {processor.py:157} INFO - Started process (PID=177) to work on /opt/airflow/dags/check_dag.py
[2026-01-29T23:33:08.594+0000] {processor.py:829} INFO - Processing file /opt/airflow/dags/check_dag.py for tasks to queue
[2026-01-29T23:33:08.595+0000] {logging_mixin.py:151} INFO - [2026-01-29T23:33:08.594+0000] {dagbag.py:539} INFO - Filling up the DagBag from /opt/airflow/dags/check_dag.py
[2026-01-29T23:33:08.613+0000] {processor.py:839} INFO - DAG(s) dict_keys(['check_dag']) retrieved from /opt/airflow/dags/check_dag.py
[2026-01-29T23:33:08.715+0000] {logging_mixin.py:151} INFO - [2026-01-29T23:33:08.715+0000] {dag.py:2915} INFO - Sync 1 DAGs
[2026-01-29T23:33:08.761+0000] {logging_mixin.py:151} INFO - [2026-01-29T23:33:08.761+0000] {dag.py:3696} INFO - Setting next_dagrun for check_dag to 2026-01-28T00:00:00+00:00, run_after=2026-01-29T00:00:00+00:00
[2026-01-29T23:33:09.243+0000] {processor.py:179} INFO - Processing /opt/airflow/dags/check_dag.py took 0.659 seconds
[2026-01-29T23:33:39.702+0000] {processor.py:157} INFO - Started process (PID=182) to work on /opt/airflow/dags/check_dag.py
[2026-01-29T23:33:39.703+0000] {processor.py:829} INFO - Processing file /opt/airflow/dags/check_dag.py for tasks to queue
[2026-01-29T23:33:39.704+0000] {logging_mixin.py:151} INFO - [2026-01-29T23:33:39.703+0000] {dagbag.py:539} INFO - Filling up the DagBag from /opt/airflow/dags/check_dag.py
[2026-01-29T23:33:39.716+0000] {processor.py:839} INFO - DAG(s) dict_keys(['check_dag']) retrieved from /opt/airflow/dags/check_dag.py
[2026-01-29T23:33:39.788+0000] {logging_mixin.py:151} INFO - [2026-01-29T23:33:39.788+0000] {dag.py:2915} INFO - Sync 1 DAGs
[2026-01-29T23:33:39.925+0000] {logging_mixin.py:151} INFO - [2026-01-29T23:33:39.925+0000] {dag.py:3696} INFO - Setting next_dagrun for check_dag to 2026-01-28T00:00:00+00:00, run_after=2026-01-29T00:00:00+00:00
[2026-01-29T23:33:39.935+0000] {processor.py:179} INFO - Processing /opt/airflow/dags/check_dag.py took 0.244 seconds
[2026-01-29T23:34:10.031+0000] {processor.py:157} INFO - Started process (PID=187) to work on /opt/airflow/dags/check_dag.py
[2026-01-29T23:34:10.032+0000] {processor.py:829} INFO - Processing file /opt/airflow/dags/check_dag.py for tasks to queue
[2026-01-29T23:34:10.033+0000] {logging_mixin.py:151} INFO - [2026-01-29T23:34:10.033+0000] {dagbag.py:539} INFO - Filling up the DagBag from /opt/airflow/dags/check_dag.py
[2026-01-29T23:34:10.051+0000] {processor.py:839} INFO - DAG(s) dict_keys(['check_dag']) retrieved from /opt/airflow/dags/check_dag.py
[2026-01-29T23:34:10.089+0000] {logging_mixin.py:151} INFO - [2026-01-29T23:34:10.089+0000] {dag.py:2915} INFO - Sync 1 DAGs
[2026-01-29T23:34:10.209+0000] {logging_mixin.py:151} INFO - [2026-01-29T23:34:10.209+0000] {dag.py:3696} INFO - Setting next_dagrun for check_dag to 2026-01-28T00:00:00+00:00, run_after=2026-01-29T00:00:00+00:00
[2026-01-29T23:34:10.216+0000] {processor.py:179} INFO - Processing /opt/airflow/dags/check_dag.py took 0.190 seconds
[2026-01-29T23:34:40.444+0000] {processor.py:157} INFO - Started process (PID=192) to work on /opt/airflow/dags/check_dag.py
[2026-01-29T23:34:40.445+0000] {processor.py:829} INFO - Processing file /opt/airflow/dags/check_dag.py for tasks to queue
[2026-01-29T23:34:40.446+0000] {logging_mixin.py:151} INFO - [2026-01-29T23:34:40.445+0000] {dagbag.py:539} INFO - Filling up the DagBag from /opt/airflow/dags/check_dag.py
[2026-01-29T23:34:40.462+0000] {processor.py:839} INFO - DAG(s) dict_keys(['check_dag']) retrieved from /opt/airflow/dags/check_dag.py
[2026-01-29T23:34:40.601+0000] {logging_mixin.py:151} INFO - [2026-01-29T23:34:40.601+0000] {dag.py:2915} INFO - Sync 1 DAGs
[2026-01-29T23:34:40.612+0000] {logging_mixin.py:151} INFO - [2026-01-29T23:34:40.612+0000] {dag.py:3696} INFO - Setting next_dagrun for check_dag to 2026-01-28T00:00:00+00:00, run_after=2026-01-29T00:00:00+00:00
[2026-01-29T23:34:40.620+0000] {processor.py:179} INFO - Processing /opt/airflow/dags/check_dag.py took 0.182 seconds
[2026-01-29T23:35:10.906+0000] {processor.py:157} INFO - Started process (PID=197) to work on /opt/airflow/dags/check_dag.py
[2026-01-29T23:35:10.907+0000] {processor.py:829} INFO - Processing file /opt/airflow/dags/check_dag.py for tasks to queue
[2026-01-29T23:35:10.907+0000] {logging_mixin.py:151} INFO - [2026-01-29T23:35:10.907+0000] {dagbag.py:539} INFO - Filling up the DagBag from /opt/airflow/dags/check_dag.py
[2026-01-29T23:35:11.032+0000] {processor.py:839} INFO - DAG(s) dict_keys(['check_dag']) retrieved from /opt/airflow/dags/check_dag.py
[2026-01-29T23:35:11.051+0000] {logging_mixin.py:151} INFO - [2026-01-29T23:35:11.051+0000] {dag.py:2915} INFO - Sync 1 DAGs
[2026-01-29T23:35:11.061+0000] {logging_mixin.py:151} INFO - [2026-01-29T23:35:11.061+0000] {dag.py:3696} INFO - Setting next_dagrun for check_dag to 2026-01-28T00:00:00+00:00, run_after=2026-01-29T00:00:00+00:00
[2026-01-29T23:35:11.067+0000] {processor.py:179} INFO - Processing /opt/airflow/dags/check_dag.py took 0.164 seconds
[2026-01-29T23:35:41.342+0000] {processor.py:157} INFO - Started process (PID=202) to work on /opt/airflow/dags/check_dag.py
[2026-01-29T23:35:41.345+0000] {processor.py:829} INFO - Processing file /opt/airflow/dags/check_dag.py for tasks to queue
[2026-01-29T23:35:41.346+0000] {logging_mixin.py:151} INFO - [2026-01-29T23:35:41.345+0000] {dagbag.py:539} INFO - Filling up the DagBag from /opt/airflow/dags/check_dag.py
[2026-01-29T23:35:41.362+0000] {processor.py:839} INFO - DAG(s) dict_keys(['check_dag']) retrieved from /opt/airflow/dags/check_dag.py
[2026-01-29T23:35:41.394+0000] {logging_mixin.py:151} INFO - [2026-01-29T23:35:41.393+0000] {dag.py:2915} INFO - Sync 1 DAGs
[2026-01-29T23:35:41.408+0000] {logging_mixin.py:151} INFO - [2026-01-29T23:35:41.408+0000] {dag.py:3696} INFO - Setting next_dagrun for check_dag to 2026-01-28T00:00:00+00:00, run_after=2026-01-29T00:00:00+00:00
[2026-01-29T23:35:41.419+0000] {processor.py:179} INFO - Processing /opt/airflow/dags/check_dag.py took 0.089 seconds
[2026-01-29T23:36:11.792+0000] {processor.py:157} INFO - Started process (PID=207) to work on /opt/airflow/dags/check_dag.py
[2026-01-29T23:36:11.793+0000] {processor.py:829} INFO - Processing file /opt/airflow/dags/check_dag.py for tasks to queue
[2026-01-29T23:36:11.794+0000] {logging_mixin.py:151} INFO - [2026-01-29T23:36:11.793+0000] {dagbag.py:539} INFO - Filling up the DagBag from /opt/airflow/dags/check_dag.py
[2026-01-29T23:36:11.811+0000] {processor.py:839} INFO - DAG(s) dict_keys(['check_dag']) retrieved from /opt/airflow/dags/check_dag.py
[2026-01-29T23:36:11.841+0000] {logging_mixin.py:151} INFO - [2026-01-29T23:36:11.841+0000] {dag.py:2915} INFO - Sync 1 DAGs
[2026-01-29T23:36:11.854+0000] {logging_mixin.py:151} INFO - [2026-01-29T23:36:11.854+0000] {dag.py:3696} INFO - Setting next_dagrun for check_dag to 2026-01-28T00:00:00+00:00, run_after=2026-01-29T00:00:00+00:00
[2026-01-29T23:36:11.866+0000] {processor.py:179} INFO - Processing /opt/airflow/dags/check_dag.py took 0.079 seconds
[2026-01-29T23:36:42.268+0000] {processor.py:157} INFO - Started process (PID=212) to work on /opt/airflow/dags/check_dag.py
[2026-01-29T23:36:42.270+0000] {processor.py:829} INFO - Processing file /opt/airflow/dags/check_dag.py for tasks to queue
[2026-01-29T23:36:42.272+0000] {logging_mixin.py:151} INFO - [2026-01-29T23:36:42.271+0000] {dagbag.py:539} INFO - Filling up the DagBag from /opt/airflow/dags/check_dag.py
[2026-01-29T23:36:42.294+0000] {processor.py:839} INFO - DAG(s) dict_keys(['check_dag']) retrieved from /opt/airflow/dags/check_dag.py
[2026-01-29T23:36:42.332+0000] {logging_mixin.py:151} INFO - [2026-01-29T23:36:42.331+0000] {dag.py:2915} INFO - Sync 1 DAGs
[2026-01-29T23:36:42.344+0000] {logging_mixin.py:151} INFO - [2026-01-29T23:36:42.344+0000] {dag.py:3696} INFO - Setting next_dagrun for check_dag to 2026-01-28T00:00:00+00:00, run_after=2026-01-29T00:00:00+00:00
[2026-01-29T23:36:42.351+0000] {processor.py:179} INFO - Processing /opt/airflow/dags/check_dag.py took 0.088 seconds
[2026-01-29T23:37:12.666+0000] {processor.py:157} INFO - Started process (PID=217) to work on /opt/airflow/dags/check_dag.py
[2026-01-29T23:37:12.668+0000] {processor.py:829} INFO - Processing file /opt/airflow/dags/check_dag.py for tasks to queue
[2026-01-29T23:37:12.668+0000] {logging_mixin.py:151} INFO - [2026-01-29T23:37:12.668+0000] {dagbag.py:539} INFO - Filling up the DagBag from /opt/airflow/dags/check_dag.py
[2026-01-29T23:37:12.686+0000] {processor.py:839} INFO - DAG(s) dict_keys(['check_dag']) retrieved from /opt/airflow/dags/check_dag.py
[2026-01-29T23:37:12.714+0000] {logging_mixin.py:151} INFO - [2026-01-29T23:37:12.714+0000] {dag.py:2915} INFO - Sync 1 DAGs
[2026-01-29T23:37:12.725+0000] {logging_mixin.py:151} INFO - [2026-01-29T23:37:12.725+0000] {dag.py:3696} INFO - Setting next_dagrun for check_dag to 2026-01-28T00:00:00+00:00, run_after=2026-01-29T00:00:00+00:00
[2026-01-29T23:37:12.733+0000] {processor.py:179} INFO - Processing /opt/airflow/dags/check_dag.py took 0.071 seconds
[2026-01-29T23:37:43.007+0000] {processor.py:157} INFO - Started process (PID=222) to work on /opt/airflow/dags/check_dag.py
[2026-01-29T23:37:43.009+0000] {processor.py:829} INFO - Processing file /opt/airflow/dags/check_dag.py for tasks to queue
[2026-01-29T23:37:43.010+0000] {logging_mixin.py:151} INFO - [2026-01-29T23:37:43.009+0000] {dagbag.py:539} INFO - Filling up the DagBag from /opt/airflow/dags/check_dag.py
[2026-01-29T23:37:43.032+0000] {processor.py:839} INFO - DAG(s) dict_keys(['check_dag']) retrieved from /opt/airflow/dags/check_dag.py
[2026-01-29T23:37:43.080+0000] {logging_mixin.py:151} INFO - [2026-01-29T23:37:43.080+0000] {dag.py:2915} INFO - Sync 1 DAGs
[2026-01-29T23:37:43.092+0000] {logging_mixin.py:151} INFO - [2026-01-29T23:37:43.092+0000] {dag.py:3696} INFO - Setting next_dagrun for check_dag to 2026-01-28T00:00:00+00:00, run_after=2026-01-29T00:00:00+00:00
[2026-01-29T23:37:43.101+0000] {processor.py:179} INFO - Processing /opt/airflow/dags/check_dag.py took 0.104 seconds
[2026-01-29T23:38:13.489+0000] {processor.py:157} INFO - Started process (PID=227) to work on /opt/airflow/dags/check_dag.py
[2026-01-29T23:38:13.490+0000] {processor.py:829} INFO - Processing file /opt/airflow/dags/check_dag.py for tasks to queue
[2026-01-29T23:38:13.491+0000] {logging_mixin.py:151} INFO - [2026-01-29T23:38:13.490+0000] {dagbag.py:539} INFO - Filling up the DagBag from /opt/airflow/dags/check_dag.py
[2026-01-29T23:38:13.511+0000] {processor.py:839} INFO - DAG(s) dict_keys(['check_dag']) retrieved from /opt/airflow/dags/check_dag.py
[2026-01-29T23:38:13.539+0000] {logging_mixin.py:151} INFO - [2026-01-29T23:38:13.539+0000] {dag.py:2915} INFO - Sync 1 DAGs
[2026-01-29T23:38:13.557+0000] {logging_mixin.py:151} INFO - [2026-01-29T23:38:13.557+0000] {dag.py:3696} INFO - Setting next_dagrun for check_dag to 2026-01-28T00:00:00+00:00, run_after=2026-01-29T00:00:00+00:00
[2026-01-29T23:38:13.567+0000] {processor.py:179} INFO - Processing /opt/airflow/dags/check_dag.py took 0.091 seconds
[2026-01-29T23:38:43.907+0000] {processor.py:157} INFO - Started process (PID=232) to work on /opt/airflow/dags/check_dag.py
[2026-01-29T23:38:43.908+0000] {processor.py:829} INFO - Processing file /opt/airflow/dags/check_dag.py for tasks to queue
[2026-01-29T23:38:43.909+0000] {logging_mixin.py:151} INFO - [2026-01-29T23:38:43.908+0000] {dagbag.py:539} INFO - Filling up the DagBag from /opt/airflow/dags/check_dag.py
[2026-01-29T23:38:43.929+0000] {processor.py:839} INFO - DAG(s) dict_keys(['check_dag']) retrieved from /opt/airflow/dags/check_dag.py
[2026-01-29T23:38:43.962+0000] {logging_mixin.py:151} INFO - [2026-01-29T23:38:43.962+0000] {dag.py:2915} INFO - Sync 1 DAGs
[2026-01-29T23:38:43.975+0000] {logging_mixin.py:151} INFO - [2026-01-29T23:38:43.975+0000] {dag.py:3696} INFO - Setting next_dagrun for check_dag to 2026-01-28T00:00:00+00:00, run_after=2026-01-29T00:00:00+00:00
[2026-01-29T23:38:43.984+0000] {processor.py:179} INFO - Processing /opt/airflow/dags/check_dag.py took 0.082 seconds
[2026-01-29T23:39:14.361+0000] {processor.py:157} INFO - Started process (PID=237) to work on /opt/airflow/dags/check_dag.py
[2026-01-29T23:39:14.363+0000] {processor.py:829} INFO - Processing file /opt/airflow/dags/check_dag.py for tasks to queue
[2026-01-29T23:39:14.364+0000] {logging_mixin.py:151} INFO - [2026-01-29T23:39:14.364+0000] {dagbag.py:539} INFO - Filling up the DagBag from /opt/airflow/dags/check_dag.py
[2026-01-29T23:39:14.382+0000] {processor.py:839} INFO - DAG(s) dict_keys(['check_dag']) retrieved from /opt/airflow/dags/check_dag.py
[2026-01-29T23:39:14.415+0000] {logging_mixin.py:151} INFO - [2026-01-29T23:39:14.415+0000] {dag.py:2915} INFO - Sync 1 DAGs
[2026-01-29T23:39:14.431+0000] {logging_mixin.py:151} INFO - [2026-01-29T23:39:14.431+0000] {dag.py:3696} INFO - Setting next_dagrun for check_dag to 2026-01-28T00:00:00+00:00, run_after=2026-01-29T00:00:00+00:00
[2026-01-29T23:39:14.439+0000] {processor.py:179} INFO - Processing /opt/airflow/dags/check_dag.py took 0.082 seconds
[2026-01-29T23:39:44.731+0000] {processor.py:157} INFO - Started process (PID=242) to work on /opt/airflow/dags/check_dag.py
[2026-01-29T23:39:44.732+0000] {processor.py:829} INFO - Processing file /opt/airflow/dags/check_dag.py for tasks to queue
[2026-01-29T23:39:44.733+0000] {logging_mixin.py:151} INFO - [2026-01-29T23:39:44.733+0000] {dagbag.py:539} INFO - Filling up the DagBag from /opt/airflow/dags/check_dag.py
[2026-01-29T23:39:44.760+0000] {processor.py:839} INFO - DAG(s) dict_keys(['check_dag']) retrieved from /opt/airflow/dags/check_dag.py
[2026-01-29T23:39:44.792+0000] {logging_mixin.py:151} INFO - [2026-01-29T23:39:44.792+0000] {dag.py:2915} INFO - Sync 1 DAGs
[2026-01-29T23:39:44.804+0000] {logging_mixin.py:151} INFO - [2026-01-29T23:39:44.804+0000] {dag.py:3696} INFO - Setting next_dagrun for check_dag to 2026-01-28T00:00:00+00:00, run_after=2026-01-29T00:00:00+00:00
[2026-01-29T23:39:44.813+0000] {processor.py:179} INFO - Processing /opt/airflow/dags/check_dag.py took 0.086 seconds
[2026-01-29T23:40:15.196+0000] {processor.py:157} INFO - Started process (PID=247) to work on /opt/airflow/dags/check_dag.py
[2026-01-29T23:40:15.197+0000] {processor.py:829} INFO - Processing file /opt/airflow/dags/check_dag.py for tasks to queue
[2026-01-29T23:40:15.198+0000] {logging_mixin.py:151} INFO - [2026-01-29T23:40:15.197+0000] {dagbag.py:539} INFO - Filling up the DagBag from /opt/airflow/dags/check_dag.py
[2026-01-29T23:40:15.218+0000] {processor.py:839} INFO - DAG(s) dict_keys(['check_dag']) retrieved from /opt/airflow/dags/check_dag.py
[2026-01-29T23:40:15.253+0000] {logging_mixin.py:151} INFO - [2026-01-29T23:40:15.253+0000] {dag.py:2915} INFO - Sync 1 DAGs
[2026-01-29T23:40:15.268+0000] {logging_mixin.py:151} INFO - [2026-01-29T23:40:15.267+0000] {dag.py:3696} INFO - Setting next_dagrun for check_dag to 2026-01-28T00:00:00+00:00, run_after=2026-01-29T00:00:00+00:00
[2026-01-29T23:40:15.276+0000] {processor.py:179} INFO - Processing /opt/airflow/dags/check_dag.py took 0.083 seconds
[2026-01-29T23:40:45.612+0000] {processor.py:157} INFO - Started process (PID=252) to work on /opt/airflow/dags/check_dag.py
[2026-01-29T23:40:45.614+0000] {processor.py:829} INFO - Processing file /opt/airflow/dags/check_dag.py for tasks to queue
[2026-01-29T23:40:45.614+0000] {logging_mixin.py:151} INFO - [2026-01-29T23:40:45.614+0000] {dagbag.py:539} INFO - Filling up the DagBag from /opt/airflow/dags/check_dag.py
[2026-01-29T23:40:45.631+0000] {processor.py:839} INFO - DAG(s) dict_keys(['check_dag']) retrieved from /opt/airflow/dags/check_dag.py
[2026-01-29T23:40:45.663+0000] {logging_mixin.py:151} INFO - [2026-01-29T23:40:45.663+0000] {dag.py:2915} INFO - Sync 1 DAGs
[2026-01-29T23:40:45.675+0000] {logging_mixin.py:151} INFO - [2026-01-29T23:40:45.675+0000] {dag.py:3696} INFO - Setting next_dagrun for check_dag to 2026-01-28T00:00:00+00:00, run_after=2026-01-29T00:00:00+00:00
[2026-01-29T23:40:45.683+0000] {processor.py:179} INFO - Processing /opt/airflow/dags/check_dag.py took 0.078 seconds
[2026-01-29T23:41:16.010+0000] {processor.py:157} INFO - Started process (PID=257) to work on /opt/airflow/dags/check_dag.py
[2026-01-29T23:41:16.012+0000] {processor.py:829} INFO - Processing file /opt/airflow/dags/check_dag.py for tasks to queue
[2026-01-29T23:41:16.014+0000] {logging_mixin.py:151} INFO - [2026-01-29T23:41:16.013+0000] {dagbag.py:539} INFO - Filling up the DagBag from /opt/airflow/dags/check_dag.py
[2026-01-29T23:41:16.030+0000] {processor.py:839} INFO - DAG(s) dict_keys(['check_dag']) retrieved from /opt/airflow/dags/check_dag.py
[2026-01-29T23:41:16.057+0000] {logging_mixin.py:151} INFO - [2026-01-29T23:41:16.057+0000] {dag.py:2915} INFO - Sync 1 DAGs
[2026-01-29T23:41:16.069+0000] {logging_mixin.py:151} INFO - [2026-01-29T23:41:16.069+0000] {dag.py:3696} INFO - Setting next_dagrun for check_dag to 2026-01-28T00:00:00+00:00, run_after=2026-01-29T00:00:00+00:00
[2026-01-29T23:41:16.077+0000] {processor.py:179} INFO - Processing /opt/airflow/dags/check_dag.py took 0.074 seconds
[2026-01-29T23:41:46.382+0000] {processor.py:157} INFO - Started process (PID=262) to work on /opt/airflow/dags/check_dag.py
[2026-01-29T23:41:46.383+0000] {processor.py:829} INFO - Processing file /opt/airflow/dags/check_dag.py for tasks to queue
[2026-01-29T23:41:46.384+0000] {logging_mixin.py:151} INFO - [2026-01-29T23:41:46.383+0000] {dagbag.py:539} INFO - Filling up the DagBag from /opt/airflow/dags/check_dag.py
[2026-01-29T23:41:46.404+0000] {processor.py:839} INFO - DAG(s) dict_keys(['check_dag']) retrieved from /opt/airflow/dags/check_dag.py
[2026-01-29T23:41:46.431+0000] {logging_mixin.py:151} INFO - [2026-01-29T23:41:46.431+0000] {dag.py:2915} INFO - Sync 1 DAGs
[2026-01-29T23:41:46.443+0000] {logging_mixin.py:151} INFO - [2026-01-29T23:41:46.443+0000] {dag.py:3696} INFO - Setting next_dagrun for check_dag to 2026-01-28T00:00:00+00:00, run_after=2026-01-29T00:00:00+00:00
[2026-01-29T23:41:46.451+0000] {processor.py:179} INFO - Processing /opt/airflow/dags/check_dag.py took 0.074 seconds
[2026-01-29T23:42:17.001+0000] {processor.py:157} INFO - Started process (PID=267) to work on /opt/airflow/dags/check_dag.py
[2026-01-29T23:42:17.002+0000] {processor.py:829} INFO - Processing file /opt/airflow/dags/check_dag.py for tasks to queue
[2026-01-29T23:42:17.003+0000] {logging_mixin.py:151} INFO - [2026-01-29T23:42:17.003+0000] {dagbag.py:539} INFO - Filling up the DagBag from /opt/airflow/dags/check_dag.py
[2026-01-29T23:42:17.026+0000] {processor.py:839} INFO - DAG(s) dict_keys(['check_dag']) retrieved from /opt/airflow/dags/check_dag.py
[2026-01-29T23:42:17.058+0000] {logging_mixin.py:151} INFO - [2026-01-29T23:42:17.058+0000] {dag.py:2915} INFO - Sync 1 DAGs
[2026-01-29T23:42:17.074+0000] {logging_mixin.py:151} INFO - [2026-01-29T23:42:17.074+0000] {dag.py:3696} INFO - Setting next_dagrun for check_dag to 2026-01-28T00:00:00+00:00, run_after=2026-01-29T00:00:00+00:00
[2026-01-29T23:42:17.083+0000] {processor.py:179} INFO - Processing /opt/airflow/dags/check_dag.py took 0.086 seconds
[2026-01-29T23:42:47.576+0000] {processor.py:157} INFO - Started process (PID=272) to work on /opt/airflow/dags/check_dag.py
[2026-01-29T23:42:47.579+0000] {processor.py:829} INFO - Processing file /opt/airflow/dags/check_dag.py for tasks to queue
[2026-01-29T23:42:47.581+0000] {logging_mixin.py:151} INFO - [2026-01-29T23:42:47.580+0000] {dagbag.py:539} INFO - Filling up the DagBag from /opt/airflow/dags/check_dag.py
[2026-01-29T23:42:47.607+0000] {processor.py:839} INFO - DAG(s) dict_keys(['check_dag']) retrieved from /opt/airflow/dags/check_dag.py
[2026-01-29T23:42:47.647+0000] {logging_mixin.py:151} INFO - [2026-01-29T23:42:47.647+0000] {dag.py:2915} INFO - Sync 1 DAGs
[2026-01-29T23:42:47.665+0000] {logging_mixin.py:151} INFO - [2026-01-29T23:42:47.665+0000] {dag.py:3696} INFO - Setting next_dagrun for check_dag to 2026-01-28T00:00:00+00:00, run_after=2026-01-29T00:00:00+00:00
[2026-01-29T23:42:47.672+0000] {processor.py:179} INFO - Processing /opt/airflow/dags/check_dag.py took 0.101 seconds
[2026-01-29T23:43:18.068+0000] {processor.py:157} INFO - Started process (PID=277) to work on /opt/airflow/dags/check_dag.py
[2026-01-29T23:43:18.069+0000] {processor.py:829} INFO - Processing file /opt/airflow/dags/check_dag.py for tasks to queue
[2026-01-29T23:43:18.070+0000] {logging_mixin.py:151} INFO - [2026-01-29T23:43:18.069+0000] {dagbag.py:539} INFO - Filling up the DagBag from /opt/airflow/dags/check_dag.py
[2026-01-29T23:43:18.094+0000] {processor.py:839} INFO - DAG(s) dict_keys(['check_dag']) retrieved from /opt/airflow/dags/check_dag.py
[2026-01-29T23:43:18.125+0000] {logging_mixin.py:151} INFO - [2026-01-29T23:43:18.125+0000] {dag.py:2915} INFO - Sync 1 DAGs
[2026-01-29T23:43:18.137+0000] {logging_mixin.py:151} INFO - [2026-01-29T23:43:18.137+0000] {dag.py:3696} INFO - Setting next_dagrun for check_dag to 2026-01-28T00:00:00+00:00, run_after=2026-01-29T00:00:00+00:00
[2026-01-29T23:43:18.147+0000] {processor.py:179} INFO - Processing /opt/airflow/dags/check_dag.py took 0.087 seconds
[2026-01-29T23:43:48.524+0000] {processor.py:157} INFO - Started process (PID=282) to work on /opt/airflow/dags/check_dag.py
[2026-01-29T23:43:48.525+0000] {processor.py:829} INFO - Processing file /opt/airflow/dags/check_dag.py for tasks to queue
[2026-01-29T23:43:48.526+0000] {logging_mixin.py:151} INFO - [2026-01-29T23:43:48.526+0000] {dagbag.py:539} INFO - Filling up the DagBag from /opt/airflow/dags/check_dag.py
[2026-01-29T23:43:48.542+0000] {processor.py:839} INFO - DAG(s) dict_keys(['check_dag']) retrieved from /opt/airflow/dags/check_dag.py
[2026-01-29T23:43:48.577+0000] {logging_mixin.py:151} INFO - [2026-01-29T23:43:48.576+0000] {dag.py:2915} INFO - Sync 1 DAGs
[2026-01-29T23:43:48.598+0000] {logging_mixin.py:151} INFO - [2026-01-29T23:43:48.598+0000] {dag.py:3696} INFO - Setting next_dagrun for check_dag to 2026-01-28T00:00:00+00:00, run_after=2026-01-29T00:00:00+00:00
[2026-01-29T23:43:48.615+0000] {processor.py:179} INFO - Processing /opt/airflow/dags/check_dag.py took 0.095 seconds
[2026-01-29T23:44:19.039+0000] {processor.py:157} INFO - Started process (PID=303) to work on /opt/airflow/dags/check_dag.py
[2026-01-29T23:44:19.041+0000] {processor.py:829} INFO - Processing file /opt/airflow/dags/check_dag.py for tasks to queue
[2026-01-29T23:44:19.042+0000] {logging_mixin.py:151} INFO - [2026-01-29T23:44:19.041+0000] {dagbag.py:539} INFO - Filling up the DagBag from /opt/airflow/dags/check_dag.py
[2026-01-29T23:44:19.059+0000] {processor.py:839} INFO - DAG(s) dict_keys(['check_dag']) retrieved from /opt/airflow/dags/check_dag.py
[2026-01-29T23:44:19.101+0000] {logging_mixin.py:151} INFO - [2026-01-29T23:44:19.101+0000] {dag.py:2915} INFO - Sync 1 DAGs
[2026-01-29T23:44:19.122+0000] {logging_mixin.py:151} INFO - [2026-01-29T23:44:19.122+0000] {dag.py:3696} INFO - Setting next_dagrun for check_dag to 2026-01-29T00:00:00+00:00, run_after=2026-01-30T00:00:00+00:00
[2026-01-29T23:44:19.133+0000] {processor.py:179} INFO - Processing /opt/airflow/dags/check_dag.py took 0.097 seconds
[2026-01-29T23:44:49.471+0000] {processor.py:157} INFO - Started process (PID=308) to work on /opt/airflow/dags/check_dag.py
[2026-01-29T23:44:49.473+0000] {processor.py:829} INFO - Processing file /opt/airflow/dags/check_dag.py for tasks to queue
[2026-01-29T23:44:49.475+0000] {logging_mixin.py:151} INFO - [2026-01-29T23:44:49.473+0000] {dagbag.py:539} INFO - Filling up the DagBag from /opt/airflow/dags/check_dag.py
[2026-01-29T23:44:49.505+0000] {processor.py:839} INFO - DAG(s) dict_keys(['check_dag']) retrieved from /opt/airflow/dags/check_dag.py
[2026-01-29T23:44:49.543+0000] {logging_mixin.py:151} INFO - [2026-01-29T23:44:49.542+0000] {dag.py:2915} INFO - Sync 1 DAGs
[2026-01-29T23:44:49.558+0000] {logging_mixin.py:151} INFO - [2026-01-29T23:44:49.558+0000] {dag.py:3696} INFO - Setting next_dagrun for check_dag to 2026-01-29T00:00:00+00:00, run_after=2026-01-30T00:00:00+00:00
[2026-01-29T23:44:49.567+0000] {processor.py:179} INFO - Processing /opt/airflow/dags/check_dag.py took 0.101 seconds
[2026-01-29T23:45:20.281+0000] {processor.py:157} INFO - Started process (PID=313) to work on /opt/airflow/dags/check_dag.py
[2026-01-29T23:45:20.283+0000] {processor.py:829} INFO - Processing file /opt/airflow/dags/check_dag.py for tasks to queue
[2026-01-29T23:45:20.283+0000] {logging_mixin.py:151} INFO - [2026-01-29T23:45:20.283+0000] {dagbag.py:539} INFO - Filling up the DagBag from /opt/airflow/dags/check_dag.py
[2026-01-29T23:45:20.307+0000] {processor.py:839} INFO - DAG(s) dict_keys(['check_dag']) retrieved from /opt/airflow/dags/check_dag.py
[2026-01-29T23:45:20.342+0000] {logging_mixin.py:151} INFO - [2026-01-29T23:45:20.342+0000] {dag.py:2915} INFO - Sync 1 DAGs
[2026-01-29T23:45:20.374+0000] {logging_mixin.py:151} INFO - [2026-01-29T23:45:20.373+0000] {dag.py:3696} INFO - Setting next_dagrun for check_dag to 2026-01-29T00:00:00+00:00, run_after=2026-01-30T00:00:00+00:00
[2026-01-29T23:45:20.387+0000] {processor.py:179} INFO - Processing /opt/airflow/dags/check_dag.py took 0.114 seconds
[2026-01-29T23:45:50.740+0000] {processor.py:157} INFO - Started process (PID=318) to work on /opt/airflow/dags/check_dag.py
[2026-01-29T23:45:50.741+0000] {processor.py:829} INFO - Processing file /opt/airflow/dags/check_dag.py for tasks to queue
[2026-01-29T23:45:50.742+0000] {logging_mixin.py:151} INFO - [2026-01-29T23:45:50.742+0000] {dagbag.py:539} INFO - Filling up the DagBag from /opt/airflow/dags/check_dag.py
[2026-01-29T23:45:50.766+0000] {processor.py:839} INFO - DAG(s) dict_keys(['check_dag']) retrieved from /opt/airflow/dags/check_dag.py
[2026-01-29T23:45:50.800+0000] {logging_mixin.py:151} INFO - [2026-01-29T23:45:50.800+0000] {dag.py:2915} INFO - Sync 1 DAGs
[2026-01-29T23:45:50.825+0000] {logging_mixin.py:151} INFO - [2026-01-29T23:45:50.825+0000] {dag.py:3696} INFO - Setting next_dagrun for check_dag to 2026-01-29T00:00:00+00:00, run_after=2026-01-30T00:00:00+00:00
[2026-01-29T23:45:50.839+0000] {processor.py:179} INFO - Processing /opt/airflow/dags/check_dag.py took 0.103 seconds
[2026-01-29T23:46:21.315+0000] {processor.py:157} INFO - Started process (PID=323) to work on /opt/airflow/dags/check_dag.py
[2026-01-29T23:46:21.316+0000] {processor.py:829} INFO - Processing file /opt/airflow/dags/check_dag.py for tasks to queue
[2026-01-29T23:46:21.317+0000] {logging_mixin.py:151} INFO - [2026-01-29T23:46:21.317+0000] {dagbag.py:539} INFO - Filling up the DagBag from /opt/airflow/dags/check_dag.py
[2026-01-29T23:46:21.338+0000] {processor.py:839} INFO - DAG(s) dict_keys(['check_dag']) retrieved from /opt/airflow/dags/check_dag.py
[2026-01-29T23:46:21.379+0000] {logging_mixin.py:151} INFO - [2026-01-29T23:46:21.379+0000] {dag.py:2915} INFO - Sync 1 DAGs
[2026-01-29T23:46:21.404+0000] {logging_mixin.py:151} INFO - [2026-01-29T23:46:21.404+0000] {dag.py:3696} INFO - Setting next_dagrun for check_dag to 2026-01-29T00:00:00+00:00, run_after=2026-01-30T00:00:00+00:00
[2026-01-29T23:46:21.421+0000] {processor.py:179} INFO - Processing /opt/airflow/dags/check_dag.py took 0.112 seconds
[2026-01-29T23:46:52.196+0000] {processor.py:157} INFO - Started process (PID=328) to work on /opt/airflow/dags/check_dag.py
[2026-01-29T23:46:52.198+0000] {processor.py:829} INFO - Processing file /opt/airflow/dags/check_dag.py for tasks to queue
[2026-01-29T23:46:52.199+0000] {logging_mixin.py:151} INFO - [2026-01-29T23:46:52.198+0000] {dagbag.py:539} INFO - Filling up the DagBag from /opt/airflow/dags/check_dag.py
[2026-01-29T23:46:52.217+0000] {processor.py:839} INFO - DAG(s) dict_keys(['check_dag']) retrieved from /opt/airflow/dags/check_dag.py
[2026-01-29T23:46:52.251+0000] {logging_mixin.py:151} INFO - [2026-01-29T23:46:52.251+0000] {dag.py:2915} INFO - Sync 1 DAGs
[2026-01-29T23:46:52.278+0000] {logging_mixin.py:151} INFO - [2026-01-29T23:46:52.278+0000] {dag.py:3696} INFO - Setting next_dagrun for check_dag to 2026-01-29T00:00:00+00:00, run_after=2026-01-30T00:00:00+00:00
[2026-01-29T23:46:52.296+0000] {processor.py:179} INFO - Processing /opt/airflow/dags/check_dag.py took 0.110 seconds
[2026-01-29T23:47:22.619+0000] {processor.py:157} INFO - Started process (PID=333) to work on /opt/airflow/dags/check_dag.py
[2026-01-29T23:47:22.621+0000] {processor.py:829} INFO - Processing file /opt/airflow/dags/check_dag.py for tasks to queue
[2026-01-29T23:47:22.623+0000] {logging_mixin.py:151} INFO - [2026-01-29T23:47:22.622+0000] {dagbag.py:539} INFO - Filling up the DagBag from /opt/airflow/dags/check_dag.py
[2026-01-29T23:47:22.646+0000] {processor.py:839} INFO - DAG(s) dict_keys(['check_dag']) retrieved from /opt/airflow/dags/check_dag.py
[2026-01-29T23:47:22.685+0000] {logging_mixin.py:151} INFO - [2026-01-29T23:47:22.685+0000] {dag.py:2915} INFO - Sync 1 DAGs
[2026-01-29T23:47:22.709+0000] {logging_mixin.py:151} INFO - [2026-01-29T23:47:22.709+0000] {dag.py:3696} INFO - Setting next_dagrun for check_dag to 2026-01-29T00:00:00+00:00, run_after=2026-01-30T00:00:00+00:00
[2026-01-29T23:47:22.723+0000] {processor.py:179} INFO - Processing /opt/airflow/dags/check_dag.py took 0.112 seconds
[2026-01-29T23:47:53.800+0000] {processor.py:157} INFO - Started process (PID=338) to work on /opt/airflow/dags/check_dag.py
[2026-01-29T23:47:53.809+0000] {processor.py:829} INFO - Processing file /opt/airflow/dags/check_dag.py for tasks to queue
[2026-01-29T23:47:53.811+0000] {logging_mixin.py:151} INFO - [2026-01-29T23:47:53.810+0000] {dagbag.py:539} INFO - Filling up the DagBag from /opt/airflow/dags/check_dag.py
[2026-01-29T23:47:53.912+0000] {processor.py:839} INFO - DAG(s) dict_keys(['check_dag']) retrieved from /opt/airflow/dags/check_dag.py
[2026-01-29T23:47:54.006+0000] {logging_mixin.py:151} INFO - [2026-01-29T23:47:54.006+0000] {dag.py:2915} INFO - Sync 1 DAGs
[2026-01-29T23:47:54.036+0000] {logging_mixin.py:151} INFO - [2026-01-29T23:47:54.036+0000] {dag.py:3696} INFO - Setting next_dagrun for check_dag to 2026-01-29T00:00:00+00:00, run_after=2026-01-30T00:00:00+00:00
[2026-01-29T23:47:54.045+0000] {processor.py:179} INFO - Processing /opt/airflow/dags/check_dag.py took 0.269 seconds
[2026-01-29T23:48:24.453+0000] {processor.py:157} INFO - Started process (PID=343) to work on /opt/airflow/dags/check_dag.py
[2026-01-29T23:48:24.455+0000] {processor.py:829} INFO - Processing file /opt/airflow/dags/check_dag.py for tasks to queue
[2026-01-29T23:48:24.456+0000] {logging_mixin.py:151} INFO - [2026-01-29T23:48:24.456+0000] {dagbag.py:539} INFO - Filling up the DagBag from /opt/airflow/dags/check_dag.py
[2026-01-29T23:48:24.487+0000] {processor.py:839} INFO - DAG(s) dict_keys(['check_dag']) retrieved from /opt/airflow/dags/check_dag.py
[2026-01-29T23:48:24.574+0000] {logging_mixin.py:151} INFO - [2026-01-29T23:48:24.574+0000] {dag.py:2915} INFO - Sync 1 DAGs
[2026-01-29T23:48:24.605+0000] {logging_mixin.py:151} INFO - [2026-01-29T23:48:24.605+0000] {dag.py:3696} INFO - Setting next_dagrun for check_dag to 2026-01-29T00:00:00+00:00, run_after=2026-01-30T00:00:00+00:00
[2026-01-29T23:48:24.617+0000] {processor.py:179} INFO - Processing /opt/airflow/dags/check_dag.py took 0.180 seconds
[2026-01-29T23:48:54.904+0000] {processor.py:157} INFO - Started process (PID=348) to work on /opt/airflow/dags/check_dag.py
[2026-01-29T23:48:54.905+0000] {processor.py:829} INFO - Processing file /opt/airflow/dags/check_dag.py for tasks to queue
[2026-01-29T23:48:54.906+0000] {logging_mixin.py:151} INFO - [2026-01-29T23:48:54.906+0000] {dagbag.py:539} INFO - Filling up the DagBag from /opt/airflow/dags/check_dag.py
[2026-01-29T23:48:54.929+0000] {processor.py:839} INFO - DAG(s) dict_keys(['check_dag']) retrieved from /opt/airflow/dags/check_dag.py
[2026-01-29T23:48:54.972+0000] {logging_mixin.py:151} INFO - [2026-01-29T23:48:54.972+0000] {dag.py:2915} INFO - Sync 1 DAGs
[2026-01-29T23:48:54.986+0000] {logging_mixin.py:151} INFO - [2026-01-29T23:48:54.986+0000] {dag.py:3696} INFO - Setting next_dagrun for check_dag to 2026-01-29T00:00:00+00:00, run_after=2026-01-30T00:00:00+00:00
[2026-01-29T23:48:55.003+0000] {processor.py:179} INFO - Processing /opt/airflow/dags/check_dag.py took 0.105 seconds
[2026-01-29T23:49:25.400+0000] {processor.py:157} INFO - Started process (PID=353) to work on /opt/airflow/dags/check_dag.py
[2026-01-29T23:49:25.401+0000] {processor.py:829} INFO - Processing file /opt/airflow/dags/check_dag.py for tasks to queue
[2026-01-29T23:49:25.402+0000] {logging_mixin.py:151} INFO - [2026-01-29T23:49:25.402+0000] {dagbag.py:539} INFO - Filling up the DagBag from /opt/airflow/dags/check_dag.py
[2026-01-29T23:49:25.425+0000] {processor.py:839} INFO - DAG(s) dict_keys(['check_dag']) retrieved from /opt/airflow/dags/check_dag.py
[2026-01-29T23:49:25.458+0000] {logging_mixin.py:151} INFO - [2026-01-29T23:49:25.458+0000] {dag.py:2915} INFO - Sync 1 DAGs
[2026-01-29T23:49:25.476+0000] {logging_mixin.py:151} INFO - [2026-01-29T23:49:25.476+0000] {dag.py:3696} INFO - Setting next_dagrun for check_dag to 2026-01-29T00:00:00+00:00, run_after=2026-01-30T00:00:00+00:00
[2026-01-29T23:49:25.485+0000] {processor.py:179} INFO - Processing /opt/airflow/dags/check_dag.py took 0.089 seconds
[2026-01-29T23:49:55.830+0000] {processor.py:157} INFO - Started process (PID=358) to work on /opt/airflow/dags/check_dag.py
[2026-01-29T23:49:55.831+0000] {processor.py:829} INFO - Processing file /opt/airflow/dags/check_dag.py for tasks to queue
[2026-01-29T23:49:55.832+0000] {logging_mixin.py:151} INFO - [2026-01-29T23:49:55.832+0000] {dagbag.py:539} INFO - Filling up the DagBag from /opt/airflow/dags/check_dag.py
[2026-01-29T23:49:55.856+0000] {processor.py:839} INFO - DAG(s) dict_keys(['check_dag']) retrieved from /opt/airflow/dags/check_dag.py
[2026-01-29T23:49:55.898+0000] {logging_mixin.py:151} INFO - [2026-01-29T23:49:55.898+0000] {dag.py:2915} INFO - Sync 1 DAGs
[2026-01-29T23:49:55.914+0000] {logging_mixin.py:151} INFO - [2026-01-29T23:49:55.914+0000] {dag.py:3696} INFO - Setting next_dagrun for check_dag to 2026-01-29T00:00:00+00:00, run_after=2026-01-30T00:00:00+00:00
[2026-01-29T23:49:55.926+0000] {processor.py:179} INFO - Processing /opt/airflow/dags/check_dag.py took 0.099 seconds
[2026-01-29T23:50:26.376+0000] {processor.py:157} INFO - Started process (PID=363) to work on /opt/airflow/dags/check_dag.py
[2026-01-29T23:50:26.377+0000] {processor.py:829} INFO - Processing file /opt/airflow/dags/check_dag.py for tasks to queue
[2026-01-29T23:50:26.379+0000] {logging_mixin.py:151} INFO - [2026-01-29T23:50:26.378+0000] {dagbag.py:539} INFO - Filling up the DagBag from /opt/airflow/dags/check_dag.py
[2026-01-29T23:50:26.405+0000] {processor.py:839} INFO - DAG(s) dict_keys(['check_dag']) retrieved from /opt/airflow/dags/check_dag.py
[2026-01-29T23:50:26.449+0000] {logging_mixin.py:151} INFO - [2026-01-29T23:50:26.449+0000] {dag.py:2915} INFO - Sync 1 DAGs
[2026-01-29T23:50:26.465+0000] {logging_mixin.py:151} INFO - [2026-01-29T23:50:26.465+0000] {dag.py:3696} INFO - Setting next_dagrun for check_dag to 2026-01-29T00:00:00+00:00, run_after=2026-01-30T00:00:00+00:00
[2026-01-29T23:50:26.478+0000] {processor.py:179} INFO - Processing /opt/airflow/dags/check_dag.py took 0.106 seconds
[2026-01-29T23:50:56.871+0000] {processor.py:157} INFO - Started process (PID=368) to work on /opt/airflow/dags/check_dag.py
[2026-01-29T23:50:56.873+0000] {processor.py:829} INFO - Processing file /opt/airflow/dags/check_dag.py for tasks to queue
[2026-01-29T23:50:56.874+0000] {logging_mixin.py:151} INFO - [2026-01-29T23:50:56.873+0000] {dagbag.py:539} INFO - Filling up the DagBag from /opt/airflow/dags/check_dag.py
[2026-01-29T23:50:56.892+0000] {processor.py:839} INFO - DAG(s) dict_keys(['check_dag']) retrieved from /opt/airflow/dags/check_dag.py
[2026-01-29T23:50:56.930+0000] {logging_mixin.py:151} INFO - [2026-01-29T23:50:56.930+0000] {dag.py:2915} INFO - Sync 1 DAGs
[2026-01-29T23:50:56.972+0000] {logging_mixin.py:151} INFO - [2026-01-29T23:50:56.972+0000] {dag.py:3696} INFO - Setting next_dagrun for check_dag to 2026-01-29T00:00:00+00:00, run_after=2026-01-30T00:00:00+00:00
[2026-01-29T23:50:56.991+0000] {processor.py:179} INFO - Processing /opt/airflow/dags/check_dag.py took 0.126 seconds
[2026-01-29T23:51:27.539+0000] {processor.py:157} INFO - Started process (PID=373) to work on /opt/airflow/dags/check_dag.py
[2026-01-29T23:51:27.540+0000] {processor.py:829} INFO - Processing file /opt/airflow/dags/check_dag.py for tasks to queue
[2026-01-29T23:51:27.541+0000] {logging_mixin.py:151} INFO - [2026-01-29T23:51:27.540+0000] {dagbag.py:539} INFO - Filling up the DagBag from /opt/airflow/dags/check_dag.py
[2026-01-29T23:51:27.582+0000] {processor.py:839} INFO - DAG(s) dict_keys(['check_dag']) retrieved from /opt/airflow/dags/check_dag.py
[2026-01-29T23:51:27.625+0000] {logging_mixin.py:151} INFO - [2026-01-29T23:51:27.625+0000] {dag.py:2915} INFO - Sync 1 DAGs
[2026-01-29T23:51:27.642+0000] {logging_mixin.py:151} INFO - [2026-01-29T23:51:27.641+0000] {dag.py:3696} INFO - Setting next_dagrun for check_dag to 2026-01-29T00:00:00+00:00, run_after=2026-01-30T00:00:00+00:00
[2026-01-29T23:51:27.654+0000] {processor.py:179} INFO - Processing /opt/airflow/dags/check_dag.py took 0.119 seconds
[2026-01-29T23:51:58.038+0000] {processor.py:157} INFO - Started process (PID=378) to work on /opt/airflow/dags/check_dag.py
[2026-01-29T23:51:58.039+0000] {processor.py:829} INFO - Processing file /opt/airflow/dags/check_dag.py for tasks to queue
[2026-01-29T23:51:58.044+0000] {logging_mixin.py:151} INFO - [2026-01-29T23:51:58.039+0000] {dagbag.py:539} INFO - Filling up the DagBag from /opt/airflow/dags/check_dag.py
[2026-01-29T23:51:58.063+0000] {processor.py:839} INFO - DAG(s) dict_keys(['check_dag']) retrieved from /opt/airflow/dags/check_dag.py
[2026-01-29T23:51:58.095+0000] {logging_mixin.py:151} INFO - [2026-01-29T23:51:58.095+0000] {dag.py:2915} INFO - Sync 1 DAGs
[2026-01-29T23:51:58.118+0000] {logging_mixin.py:151} INFO - [2026-01-29T23:51:58.118+0000] {dag.py:3696} INFO - Setting next_dagrun for check_dag to 2026-01-29T00:00:00+00:00, run_after=2026-01-30T00:00:00+00:00
[2026-01-29T23:51:58.130+0000] {processor.py:179} INFO - Processing /opt/airflow/dags/check_dag.py took 0.096 seconds
[2026-01-29T23:52:28.745+0000] {processor.py:157} INFO - Started process (PID=383) to work on /opt/airflow/dags/check_dag.py
[2026-01-29T23:52:28.747+0000] {processor.py:829} INFO - Processing file /opt/airflow/dags/check_dag.py for tasks to queue
[2026-01-29T23:52:28.748+0000] {logging_mixin.py:151} INFO - [2026-01-29T23:52:28.747+0000] {dagbag.py:539} INFO - Filling up the DagBag from /opt/airflow/dags/check_dag.py
[2026-01-29T23:52:28.772+0000] {processor.py:839} INFO - DAG(s) dict_keys(['check_dag']) retrieved from /opt/airflow/dags/check_dag.py
[2026-01-29T23:52:28.811+0000] {logging_mixin.py:151} INFO - [2026-01-29T23:52:28.811+0000] {dag.py:2915} INFO - Sync 1 DAGs
[2026-01-29T23:52:28.827+0000] {logging_mixin.py:151} INFO - [2026-01-29T23:52:28.827+0000] {dag.py:3696} INFO - Setting next_dagrun for check_dag to 2026-01-29T00:00:00+00:00, run_after=2026-01-30T00:00:00+00:00
[2026-01-29T23:52:28.836+0000] {processor.py:179} INFO - Processing /opt/airflow/dags/check_dag.py took 0.095 seconds
[2026-01-29T23:52:59.388+0000] {processor.py:157} INFO - Started process (PID=388) to work on /opt/airflow/dags/check_dag.py
[2026-01-29T23:52:59.389+0000] {processor.py:829} INFO - Processing file /opt/airflow/dags/check_dag.py for tasks to queue
[2026-01-29T23:52:59.389+0000] {logging_mixin.py:151} INFO - [2026-01-29T23:52:59.389+0000] {dagbag.py:539} INFO - Filling up the DagBag from /opt/airflow/dags/check_dag.py
[2026-01-29T23:52:59.407+0000] {processor.py:839} INFO - DAG(s) dict_keys(['check_dag']) retrieved from /opt/airflow/dags/check_dag.py
[2026-01-29T23:52:59.443+0000] {logging_mixin.py:151} INFO - [2026-01-29T23:52:59.443+0000] {dag.py:2915} INFO - Sync 1 DAGs
[2026-01-29T23:52:59.468+0000] {logging_mixin.py:151} INFO - [2026-01-29T23:52:59.468+0000] {dag.py:3696} INFO - Setting next_dagrun for check_dag to 2026-01-29T00:00:00+00:00, run_after=2026-01-30T00:00:00+00:00
[2026-01-29T23:52:59.480+0000] {processor.py:179} INFO - Processing /opt/airflow/dags/check_dag.py took 0.096 seconds
[2026-01-29T23:53:29.878+0000] {processor.py:157} INFO - Started process (PID=393) to work on /opt/airflow/dags/check_dag.py
[2026-01-29T23:53:29.879+0000] {processor.py:829} INFO - Processing file /opt/airflow/dags/check_dag.py for tasks to queue
[2026-01-29T23:53:29.880+0000] {logging_mixin.py:151} INFO - [2026-01-29T23:53:29.880+0000] {dagbag.py:539} INFO - Filling up the DagBag from /opt/airflow/dags/check_dag.py
[2026-01-29T23:53:29.901+0000] {processor.py:839} INFO - DAG(s) dict_keys(['check_dag']) retrieved from /opt/airflow/dags/check_dag.py
[2026-01-29T23:53:29.934+0000] {logging_mixin.py:151} INFO - [2026-01-29T23:53:29.934+0000] {dag.py:2915} INFO - Sync 1 DAGs
[2026-01-29T23:53:29.957+0000] {logging_mixin.py:151} INFO - [2026-01-29T23:53:29.957+0000] {dag.py:3696} INFO - Setting next_dagrun for check_dag to 2026-01-29T00:00:00+00:00, run_after=2026-01-30T00:00:00+00:00
[2026-01-29T23:53:29.966+0000] {processor.py:179} INFO - Processing /opt/airflow/dags/check_dag.py took 0.092 seconds
[2026-01-29T23:54:00.350+0000] {processor.py:157} INFO - Started process (PID=398) to work on /opt/airflow/dags/check_dag.py
[2026-01-29T23:54:00.353+0000] {processor.py:829} INFO - Processing file /opt/airflow/dags/check_dag.py for tasks to queue
[2026-01-29T23:54:00.354+0000] {logging_mixin.py:151} INFO - [2026-01-29T23:54:00.353+0000] {dagbag.py:539} INFO - Filling up the DagBag from /opt/airflow/dags/check_dag.py
[2026-01-29T23:54:00.377+0000] {processor.py:839} INFO - DAG(s) dict_keys(['check_dag']) retrieved from /opt/airflow/dags/check_dag.py
[2026-01-29T23:54:00.409+0000] {logging_mixin.py:151} INFO - [2026-01-29T23:54:00.409+0000] {dag.py:2915} INFO - Sync 1 DAGs
[2026-01-29T23:54:00.426+0000] {logging_mixin.py:151} INFO - [2026-01-29T23:54:00.426+0000] {dag.py:3696} INFO - Setting next_dagrun for check_dag to 2026-01-29T00:00:00+00:00, run_after=2026-01-30T00:00:00+00:00
[2026-01-29T23:54:00.435+0000] {processor.py:179} INFO - Processing /opt/airflow/dags/check_dag.py took 0.092 seconds
[2026-01-29T23:54:30.553+0000] {processor.py:157} INFO - Started process (PID=403) to work on /opt/airflow/dags/check_dag.py
[2026-01-29T23:54:30.554+0000] {processor.py:829} INFO - Processing file /opt/airflow/dags/check_dag.py for tasks to queue
[2026-01-29T23:54:30.555+0000] {logging_mixin.py:151} INFO - [2026-01-29T23:54:30.554+0000] {dagbag.py:539} INFO - Filling up the DagBag from /opt/airflow/dags/check_dag.py
[2026-01-29T23:54:30.570+0000] {processor.py:839} INFO - DAG(s) dict_keys(['check_dag']) retrieved from /opt/airflow/dags/check_dag.py
[2026-01-29T23:54:30.604+0000] {logging_mixin.py:151} INFO - [2026-01-29T23:54:30.604+0000] {dag.py:2915} INFO - Sync 1 DAGs
[2026-01-29T23:54:30.621+0000] {logging_mixin.py:151} INFO - [2026-01-29T23:54:30.621+0000] {dag.py:3696} INFO - Setting next_dagrun for check_dag to 2026-01-29T00:00:00+00:00, run_after=2026-01-30T00:00:00+00:00
[2026-01-29T23:54:30.629+0000] {processor.py:179} INFO - Processing /opt/airflow/dags/check_dag.py took 0.084 seconds
[2026-01-29T23:55:01.062+0000] {processor.py:157} INFO - Started process (PID=408) to work on /opt/airflow/dags/check_dag.py
[2026-01-29T23:55:01.065+0000] {processor.py:829} INFO - Processing file /opt/airflow/dags/check_dag.py for tasks to queue
[2026-01-29T23:55:01.067+0000] {logging_mixin.py:151} INFO - [2026-01-29T23:55:01.066+0000] {dagbag.py:539} INFO - Filling up the DagBag from /opt/airflow/dags/check_dag.py
[2026-01-29T23:55:01.083+0000] {processor.py:839} INFO - DAG(s) dict_keys(['check_dag']) retrieved from /opt/airflow/dags/check_dag.py
[2026-01-29T23:55:01.112+0000] {logging_mixin.py:151} INFO - [2026-01-29T23:55:01.112+0000] {dag.py:2915} INFO - Sync 1 DAGs
[2026-01-29T23:55:01.127+0000] {logging_mixin.py:151} INFO - [2026-01-29T23:55:01.127+0000] {dag.py:3696} INFO - Setting next_dagrun for check_dag to 2026-01-29T00:00:00+00:00, run_after=2026-01-30T00:00:00+00:00
[2026-01-29T23:55:01.136+0000] {processor.py:179} INFO - Processing /opt/airflow/dags/check_dag.py took 0.081 seconds
[2026-01-29T23:55:31.520+0000] {processor.py:157} INFO - Started process (PID=413) to work on /opt/airflow/dags/check_dag.py
[2026-01-29T23:55:31.521+0000] {processor.py:829} INFO - Processing file /opt/airflow/dags/check_dag.py for tasks to queue
[2026-01-29T23:55:31.522+0000] {logging_mixin.py:151} INFO - [2026-01-29T23:55:31.521+0000] {dagbag.py:539} INFO - Filling up the DagBag from /opt/airflow/dags/check_dag.py
[2026-01-29T23:55:31.548+0000] {processor.py:839} INFO - DAG(s) dict_keys(['check_dag']) retrieved from /opt/airflow/dags/check_dag.py
[2026-01-29T23:55:31.594+0000] {logging_mixin.py:151} INFO - [2026-01-29T23:55:31.593+0000] {dag.py:2915} INFO - Sync 1 DAGs
[2026-01-29T23:55:31.609+0000] {logging_mixin.py:151} INFO - [2026-01-29T23:55:31.608+0000] {dag.py:3696} INFO - Setting next_dagrun for check_dag to 2026-01-29T00:00:00+00:00, run_after=2026-01-30T00:00:00+00:00
[2026-01-29T23:55:31.616+0000] {processor.py:179} INFO - Processing /opt/airflow/dags/check_dag.py took 0.107 seconds
[2026-01-29T23:56:02.003+0000] {processor.py:157} INFO - Started process (PID=418) to work on /opt/airflow/dags/check_dag.py
[2026-01-29T23:56:02.004+0000] {processor.py:829} INFO - Processing file /opt/airflow/dags/check_dag.py for tasks to queue
[2026-01-29T23:56:02.005+0000] {logging_mixin.py:151} INFO - [2026-01-29T23:56:02.004+0000] {dagbag.py:539} INFO - Filling up the DagBag from /opt/airflow/dags/check_dag.py
[2026-01-29T23:56:02.023+0000] {processor.py:839} INFO - DAG(s) dict_keys(['check_dag']) retrieved from /opt/airflow/dags/check_dag.py
[2026-01-29T23:56:02.061+0000] {logging_mixin.py:151} INFO - [2026-01-29T23:56:02.060+0000] {dag.py:2915} INFO - Sync 1 DAGs
[2026-01-29T23:56:02.075+0000] {logging_mixin.py:151} INFO - [2026-01-29T23:56:02.075+0000] {dag.py:3696} INFO - Setting next_dagrun for check_dag to 2026-01-29T00:00:00+00:00, run_after=2026-01-30T00:00:00+00:00
[2026-01-29T23:56:02.083+0000] {processor.py:179} INFO - Processing /opt/airflow/dags/check_dag.py took 0.088 seconds
[2026-01-29T23:56:32.452+0000] {processor.py:157} INFO - Started process (PID=423) to work on /opt/airflow/dags/check_dag.py
[2026-01-29T23:56:32.453+0000] {processor.py:829} INFO - Processing file /opt/airflow/dags/check_dag.py for tasks to queue
[2026-01-29T23:56:32.454+0000] {logging_mixin.py:151} INFO - [2026-01-29T23:56:32.453+0000] {dagbag.py:539} INFO - Filling up the DagBag from /opt/airflow/dags/check_dag.py
[2026-01-29T23:56:32.472+0000] {processor.py:839} INFO - DAG(s) dict_keys(['check_dag']) retrieved from /opt/airflow/dags/check_dag.py
[2026-01-29T23:56:32.504+0000] {logging_mixin.py:151} INFO - [2026-01-29T23:56:32.504+0000] {dag.py:2915} INFO - Sync 1 DAGs
[2026-01-29T23:56:32.521+0000] {logging_mixin.py:151} INFO - [2026-01-29T23:56:32.521+0000] {dag.py:3696} INFO - Setting next_dagrun for check_dag to 2026-01-29T00:00:00+00:00, run_after=2026-01-30T00:00:00+00:00
[2026-01-29T23:56:32.531+0000] {processor.py:179} INFO - Processing /opt/airflow/dags/check_dag.py took 0.083 seconds
[2026-01-29T23:57:02.968+0000] {processor.py:157} INFO - Started process (PID=428) to work on /opt/airflow/dags/check_dag.py
[2026-01-29T23:57:02.970+0000] {processor.py:829} INFO - Processing file /opt/airflow/dags/check_dag.py for tasks to queue
[2026-01-29T23:57:02.970+0000] {logging_mixin.py:151} INFO - [2026-01-29T23:57:02.970+0000] {dagbag.py:539} INFO - Filling up the DagBag from /opt/airflow/dags/check_dag.py
[2026-01-29T23:57:02.990+0000] {processor.py:839} INFO - DAG(s) dict_keys(['check_dag']) retrieved from /opt/airflow/dags/check_dag.py
[2026-01-29T23:57:03.021+0000] {logging_mixin.py:151} INFO - [2026-01-29T23:57:03.021+0000] {dag.py:2915} INFO - Sync 1 DAGs
[2026-01-29T23:57:03.039+0000] {logging_mixin.py:151} INFO - [2026-01-29T23:57:03.039+0000] {dag.py:3696} INFO - Setting next_dagrun for check_dag to 2026-01-29T00:00:00+00:00, run_after=2026-01-30T00:00:00+00:00
[2026-01-29T23:57:03.047+0000] {processor.py:179} INFO - Processing /opt/airflow/dags/check_dag.py took 0.086 seconds
[2026-01-29T23:57:33.272+0000] {processor.py:157} INFO - Started process (PID=433) to work on /opt/airflow/dags/check_dag.py
[2026-01-29T23:57:33.274+0000] {processor.py:829} INFO - Processing file /opt/airflow/dags/check_dag.py for tasks to queue
[2026-01-29T23:57:33.277+0000] {logging_mixin.py:151} INFO - [2026-01-29T23:57:33.276+0000] {dagbag.py:539} INFO - Filling up the DagBag from /opt/airflow/dags/check_dag.py
[2026-01-29T23:57:33.308+0000] {processor.py:839} INFO - DAG(s) dict_keys(['check_dag']) retrieved from /opt/airflow/dags/check_dag.py
[2026-01-29T23:57:33.359+0000] {logging_mixin.py:151} INFO - [2026-01-29T23:57:33.359+0000] {dag.py:2915} INFO - Sync 1 DAGs
[2026-01-29T23:57:33.390+0000] {logging_mixin.py:151} INFO - [2026-01-29T23:57:33.389+0000] {dag.py:3696} INFO - Setting next_dagrun for check_dag to 2026-01-29T00:00:00+00:00, run_after=2026-01-30T00:00:00+00:00
[2026-01-29T23:57:33.406+0000] {processor.py:179} INFO - Processing /opt/airflow/dags/check_dag.py took 0.140 seconds
[2026-01-29T23:58:03.776+0000] {processor.py:157} INFO - Started process (PID=438) to work on /opt/airflow/dags/check_dag.py
[2026-01-29T23:58:03.777+0000] {processor.py:829} INFO - Processing file /opt/airflow/dags/check_dag.py for tasks to queue
[2026-01-29T23:58:03.778+0000] {logging_mixin.py:151} INFO - [2026-01-29T23:58:03.777+0000] {dagbag.py:539} INFO - Filling up the DagBag from /opt/airflow/dags/check_dag.py
[2026-01-29T23:58:03.796+0000] {processor.py:839} INFO - DAG(s) dict_keys(['check_dag']) retrieved from /opt/airflow/dags/check_dag.py
[2026-01-29T23:58:03.844+0000] {logging_mixin.py:151} INFO - [2026-01-29T23:58:03.844+0000] {dag.py:2915} INFO - Sync 1 DAGs
[2026-01-29T23:58:03.857+0000] {logging_mixin.py:151} INFO - [2026-01-29T23:58:03.857+0000] {dag.py:3696} INFO - Setting next_dagrun for check_dag to 2026-01-29T00:00:00+00:00, run_after=2026-01-30T00:00:00+00:00
[2026-01-29T23:58:03.869+0000] {processor.py:179} INFO - Processing /opt/airflow/dags/check_dag.py took 0.097 seconds
[2026-01-29T23:58:34.288+0000] {processor.py:157} INFO - Started process (PID=443) to work on /opt/airflow/dags/check_dag.py
[2026-01-29T23:58:34.289+0000] {processor.py:829} INFO - Processing file /opt/airflow/dags/check_dag.py for tasks to queue
[2026-01-29T23:58:34.290+0000] {logging_mixin.py:151} INFO - [2026-01-29T23:58:34.290+0000] {dagbag.py:539} INFO - Filling up the DagBag from /opt/airflow/dags/check_dag.py
[2026-01-29T23:58:34.318+0000] {processor.py:839} INFO - DAG(s) dict_keys(['check_dag']) retrieved from /opt/airflow/dags/check_dag.py
[2026-01-29T23:58:34.346+0000] {logging_mixin.py:151} INFO - [2026-01-29T23:58:34.346+0000] {dag.py:2915} INFO - Sync 1 DAGs
[2026-01-29T23:58:34.362+0000] {logging_mixin.py:151} INFO - [2026-01-29T23:58:34.362+0000] {dag.py:3696} INFO - Setting next_dagrun for check_dag to 2026-01-29T00:00:00+00:00, run_after=2026-01-30T00:00:00+00:00
[2026-01-29T23:58:34.369+0000] {processor.py:179} INFO - Processing /opt/airflow/dags/check_dag.py took 0.085 seconds
[2026-01-29T23:59:04.655+0000] {processor.py:157} INFO - Started process (PID=454) to work on /opt/airflow/dags/check_dag.py
[2026-01-29T23:59:04.656+0000] {processor.py:829} INFO - Processing file /opt/airflow/dags/check_dag.py for tasks to queue
[2026-01-29T23:59:04.657+0000] {logging_mixin.py:151} INFO - [2026-01-29T23:59:04.656+0000] {dagbag.py:539} INFO - Filling up the DagBag from /opt/airflow/dags/check_dag.py
[2026-01-29T23:59:04.676+0000] {processor.py:839} INFO - DAG(s) dict_keys(['check_dag']) retrieved from /opt/airflow/dags/check_dag.py
[2026-01-29T23:59:04.704+0000] {logging_mixin.py:151} INFO - [2026-01-29T23:59:04.704+0000] {dag.py:2915} INFO - Sync 1 DAGs
[2026-01-29T23:59:04.719+0000] {logging_mixin.py:151} INFO - [2026-01-29T23:59:04.719+0000] {dag.py:3696} INFO - Setting next_dagrun for check_dag to 2026-01-29T00:00:00+00:00, run_after=2026-01-30T00:00:00+00:00
[2026-01-29T23:59:04.728+0000] {processor.py:179} INFO - Processing /opt/airflow/dags/check_dag.py took 0.079 seconds
[2026-01-29T23:59:35.112+0000] {processor.py:157} INFO - Started process (PID=463) to work on /opt/airflow/dags/check_dag.py
[2026-01-29T23:59:35.113+0000] {processor.py:829} INFO - Processing file /opt/airflow/dags/check_dag.py for tasks to queue
[2026-01-29T23:59:35.114+0000] {logging_mixin.py:151} INFO - [2026-01-29T23:59:35.113+0000] {dagbag.py:539} INFO - Filling up the DagBag from /opt/airflow/dags/check_dag.py
[2026-01-29T23:59:35.133+0000] {processor.py:839} INFO - DAG(s) dict_keys(['check_dag']) retrieved from /opt/airflow/dags/check_dag.py
[2026-01-29T23:59:35.169+0000] {logging_mixin.py:151} INFO - [2026-01-29T23:59:35.169+0000] {dag.py:2915} INFO - Sync 1 DAGs
[2026-01-29T23:59:35.188+0000] {logging_mixin.py:151} INFO - [2026-01-29T23:59:35.188+0000] {dag.py:3696} INFO - Setting next_dagrun for check_dag to 2026-01-29T00:00:00+00:00, run_after=2026-01-30T00:00:00+00:00
[2026-01-29T23:59:35.200+0000] {processor.py:179} INFO - Processing /opt/airflow/dags/check_dag.py took 0.093 seconds
