[2026-01-29T23:32:06.715+0000] {manager.py:487} INFO - Processing files using up to 2 processes at a time 
[2026-01-29T23:32:06.715+0000] {manager.py:488} INFO - Process each file at most once every 30 seconds
[2026-01-29T23:32:06.716+0000] {manager.py:489} INFO - Checking for new files in /opt/airflow/dags every 300 seconds
[2026-01-29T23:32:06.716+0000] {manager.py:759} INFO - Searching for files in /opt/airflow/dags
[2026-01-29T23:32:06.720+0000] {manager.py:762} INFO - There are 1 files in /opt/airflow/dags
[2026-01-29T23:32:07.010+0000] {manager.py:893} INFO - 
================================================================================
DAG File Processing Stats

File Path                         PID  Runtime      # DAGs    # Errors  Last Runtime    Last Run
------------------------------  -----  ---------  --------  ----------  --------------  ----------
/opt/airflow/dags/check_dag.py    167  0.12s             0           0
================================================================================
[2026-01-29T23:32:37.295+0000] {manager.py:893} INFO - 
================================================================================
DAG File Processing Stats

File Path                       PID    Runtime      # DAGs    # Errors  Last Runtime    Last Run
------------------------------  -----  ---------  --------  ----------  --------------  -------------------
/opt/airflow/dags/check_dag.py                           1           0  0.67s           2026-01-29T23:32:07
================================================================================
[2026-01-29T23:33:07.519+0000] {manager.py:893} INFO - 
================================================================================
DAG File Processing Stats

File Path                       PID    Runtime      # DAGs    # Errors  Last Runtime    Last Run
------------------------------  -----  ---------  --------  ----------  --------------  -------------------
/opt/airflow/dags/check_dag.py                           1           0  0.39s           2026-01-29T23:32:38
================================================================================
[2026-01-29T23:33:37.618+0000] {manager.py:893} INFO - 
================================================================================
DAG File Processing Stats

File Path                       PID    Runtime      # DAGs    # Errors  Last Runtime    Last Run
------------------------------  -----  ---------  --------  ----------  --------------  -------------------
/opt/airflow/dags/check_dag.py                           1           0  0.71s           2026-01-29T23:33:09
================================================================================
[2026-01-29T23:34:07.953+0000] {manager.py:893} INFO - 
================================================================================
DAG File Processing Stats

File Path                       PID    Runtime      # DAGs    # Errors  Last Runtime    Last Run
------------------------------  -----  ---------  --------  ----------  --------------  -------------------
/opt/airflow/dags/check_dag.py                           1           0  0.30s           2026-01-29T23:33:39
================================================================================
[2026-01-29T23:34:38.353+0000] {manager.py:893} INFO - 
================================================================================
DAG File Processing Stats

File Path                       PID    Runtime      # DAGs    # Errors  Last Runtime    Last Run
------------------------------  -----  ---------  --------  ----------  --------------  -------------------
/opt/airflow/dags/check_dag.py                           1           0  0.24s           2026-01-29T23:34:10
================================================================================
[2026-01-29T23:35:08.851+0000] {manager.py:893} INFO - 
================================================================================
DAG File Processing Stats

File Path                       PID    Runtime      # DAGs    # Errors  Last Runtime    Last Run
------------------------------  -----  ---------  --------  ----------  --------------  -------------------
/opt/airflow/dags/check_dag.py                           1           0  0.24s           2026-01-29T23:34:40
================================================================================
[2026-01-29T23:35:39.251+0000] {manager.py:893} INFO - 
================================================================================
DAG File Processing Stats

File Path                       PID    Runtime      # DAGs    # Errors  Last Runtime    Last Run
------------------------------  -----  ---------  --------  ----------  --------------  -------------------
/opt/airflow/dags/check_dag.py                           1           0  0.19s           2026-01-29T23:35:11
================================================================================
[2026-01-29T23:36:09.696+0000] {manager.py:893} INFO - 
================================================================================
DAG File Processing Stats

File Path                       PID    Runtime      # DAGs    # Errors  Last Runtime    Last Run
------------------------------  -----  ---------  --------  ----------  --------------  -------------------
/opt/airflow/dags/check_dag.py                           1           0  0.14s           2026-01-29T23:35:41
================================================================================
[2026-01-29T23:36:40.170+0000] {manager.py:893} INFO - 
================================================================================
DAG File Processing Stats

File Path                       PID    Runtime      # DAGs    # Errors  Last Runtime    Last Run
------------------------------  -----  ---------  --------  ----------  --------------  -------------------
/opt/airflow/dags/check_dag.py                           1           0  0.14s           2026-01-29T23:36:11
================================================================================
[2026-01-29T23:37:07.522+0000] {manager.py:759} INFO - Searching for files in /opt/airflow/dags
[2026-01-29T23:37:07.535+0000] {manager.py:762} INFO - There are 1 files in /opt/airflow/dags
[2026-01-29T23:37:10.589+0000] {manager.py:893} INFO - 
================================================================================
DAG File Processing Stats

File Path                       PID    Runtime      # DAGs    # Errors  Last Runtime    Last Run
------------------------------  -----  ---------  --------  ----------  --------------  -------------------
/opt/airflow/dags/check_dag.py                           1           0  0.13s           2026-01-29T23:36:42
================================================================================
[2026-01-29T23:37:40.928+0000] {manager.py:893} INFO - 
================================================================================
DAG File Processing Stats

File Path                       PID    Runtime      # DAGs    # Errors  Last Runtime    Last Run
------------------------------  -----  ---------  --------  ----------  --------------  -------------------
/opt/airflow/dags/check_dag.py                           1           0  0.13s           2026-01-29T23:37:12
================================================================================
[2026-01-29T23:38:11.389+0000] {manager.py:893} INFO - 
================================================================================
DAG File Processing Stats

File Path                       PID    Runtime      # DAGs    # Errors  Last Runtime    Last Run
------------------------------  -----  ---------  --------  ----------  --------------  -------------------
/opt/airflow/dags/check_dag.py                           1           0  0.15s           2026-01-29T23:37:43
================================================================================
[2026-01-29T23:38:41.812+0000] {manager.py:893} INFO - 
================================================================================
DAG File Processing Stats

File Path                       PID    Runtime      # DAGs    # Errors  Last Runtime    Last Run
------------------------------  -----  ---------  --------  ----------  --------------  -------------------
/opt/airflow/dags/check_dag.py                           1           0  0.13s           2026-01-29T23:38:13
================================================================================
[2026-01-29T23:39:12.234+0000] {manager.py:893} INFO - 
================================================================================
DAG File Processing Stats

File Path                       PID    Runtime      # DAGs    # Errors  Last Runtime    Last Run
------------------------------  -----  ---------  --------  ----------  --------------  -------------------
/opt/airflow/dags/check_dag.py                           1           0  0.14s           2026-01-29T23:38:43
================================================================================
[2026-01-29T23:39:42.659+0000] {manager.py:893} INFO - 
================================================================================
DAG File Processing Stats

File Path                       PID    Runtime      # DAGs    # Errors  Last Runtime    Last Run
------------------------------  -----  ---------  --------  ----------  --------------  -------------------
/opt/airflow/dags/check_dag.py                           1           0  0.14s           2026-01-29T23:39:14
================================================================================
[2026-01-29T23:40:13.096+0000] {manager.py:893} INFO - 
================================================================================
DAG File Processing Stats

File Path                       PID    Runtime      # DAGs    # Errors  Last Runtime    Last Run
------------------------------  -----  ---------  --------  ----------  --------------  -------------------
/opt/airflow/dags/check_dag.py                           1           0  0.13s           2026-01-29T23:39:44
================================================================================
[2026-01-29T23:40:43.515+0000] {manager.py:893} INFO - 
================================================================================
DAG File Processing Stats

File Path                       PID    Runtime      # DAGs    # Errors  Last Runtime    Last Run
------------------------------  -----  ---------  --------  ----------  --------------  -------------------
/opt/airflow/dags/check_dag.py                           1           0  0.14s           2026-01-29T23:40:15
================================================================================
[2026-01-29T23:41:13.929+0000] {manager.py:893} INFO - 
================================================================================
DAG File Processing Stats

File Path                       PID    Runtime      # DAGs    # Errors  Last Runtime    Last Run
------------------------------  -----  ---------  --------  ----------  --------------  -------------------
/opt/airflow/dags/check_dag.py                           1           0  0.14s           2026-01-29T23:40:45
================================================================================
[2026-01-29T23:41:44.301+0000] {manager.py:893} INFO - 
================================================================================
DAG File Processing Stats

File Path                       PID    Runtime      # DAGs    # Errors  Last Runtime    Last Run
------------------------------  -----  ---------  --------  ----------  --------------  -------------------
/opt/airflow/dags/check_dag.py                           1           0  0.13s           2026-01-29T23:41:16
================================================================================
[2026-01-29T23:42:07.741+0000] {manager.py:759} INFO - Searching for files in /opt/airflow/dags
[2026-01-29T23:42:07.751+0000] {manager.py:762} INFO - There are 1 files in /opt/airflow/dags
[2026-01-29T23:42:14.893+0000] {manager.py:893} INFO - 
================================================================================
DAG File Processing Stats

File Path                       PID    Runtime      # DAGs    # Errors  Last Runtime    Last Run
------------------------------  -----  ---------  --------  ----------  --------------  -------------------
/opt/airflow/dags/check_dag.py                           1           0  0.12s           2026-01-29T23:41:46
================================================================================
[2026-01-29T23:42:45.460+0000] {manager.py:893} INFO - 
================================================================================
DAG File Processing Stats

File Path                       PID    Runtime      # DAGs    # Errors  Last Runtime    Last Run
------------------------------  -----  ---------  --------  ----------  --------------  -------------------
/opt/airflow/dags/check_dag.py                           1           0  0.15s           2026-01-29T23:42:17
================================================================================
[2026-01-29T23:43:15.979+0000] {manager.py:893} INFO - 
================================================================================
DAG File Processing Stats

File Path                       PID    Runtime      # DAGs    # Errors  Last Runtime    Last Run
------------------------------  -----  ---------  --------  ----------  --------------  -------------------
/opt/airflow/dags/check_dag.py                           1           0  0.18s           2026-01-29T23:42:47
================================================================================
[2026-01-29T23:43:46.438+0000] {manager.py:893} INFO - 
================================================================================
DAG File Processing Stats

File Path                       PID    Runtime      # DAGs    # Errors  Last Runtime    Last Run
------------------------------  -----  ---------  --------  ----------  --------------  -------------------
/opt/airflow/dags/check_dag.py                           1           0  0.13s           2026-01-29T23:43:18
================================================================================
[2026-01-29T23:44:16.949+0000] {manager.py:893} INFO - 
================================================================================
DAG File Processing Stats

File Path                       PID    Runtime      # DAGs    # Errors  Last Runtime    Last Run
------------------------------  -----  ---------  --------  ----------  --------------  -------------------
/opt/airflow/dags/check_dag.py                           1           0  0.14s           2026-01-29T23:43:48
================================================================================
[2026-01-29T23:44:47.379+0000] {manager.py:893} INFO - 
================================================================================
DAG File Processing Stats

File Path                       PID    Runtime      # DAGs    # Errors  Last Runtime    Last Run
------------------------------  -----  ---------  --------  ----------  --------------  -------------------
/opt/airflow/dags/check_dag.py                           1           0  0.15s           2026-01-29T23:44:19
================================================================================
[2026-01-29T23:45:18.177+0000] {manager.py:893} INFO - 
================================================================================
DAG File Processing Stats

File Path                       PID    Runtime      # DAGs    # Errors  Last Runtime    Last Run
------------------------------  -----  ---------  --------  ----------  --------------  -------------------
/opt/airflow/dags/check_dag.py                           1           0  0.16s           2026-01-29T23:44:49
================================================================================
[2026-01-29T23:45:48.645+0000] {manager.py:893} INFO - 
================================================================================
DAG File Processing Stats

File Path                       PID    Runtime      # DAGs    # Errors  Last Runtime    Last Run
------------------------------  -----  ---------  --------  ----------  --------------  -------------------
/opt/airflow/dags/check_dag.py                           1           0  0.18s           2026-01-29T23:45:20
================================================================================
[2026-01-29T23:46:19.234+0000] {manager.py:893} INFO - 
================================================================================
DAG File Processing Stats

File Path                       PID    Runtime      # DAGs    # Errors  Last Runtime    Last Run
------------------------------  -----  ---------  --------  ----------  --------------  -------------------
/opt/airflow/dags/check_dag.py                           1           0  0.16s           2026-01-29T23:45:50
================================================================================
[2026-01-29T23:46:50.126+0000] {manager.py:893} INFO - 
================================================================================
DAG File Processing Stats

File Path                       PID    Runtime      # DAGs    # Errors  Last Runtime    Last Run
------------------------------  -----  ---------  --------  ----------  --------------  -------------------
/opt/airflow/dags/check_dag.py                           1           0  0.17s           2026-01-29T23:46:21
================================================================================
[2026-01-29T23:47:08.443+0000] {manager.py:759} INFO - Searching for files in /opt/airflow/dags
[2026-01-29T23:47:08.457+0000] {manager.py:762} INFO - There are 1 files in /opt/airflow/dags
[2026-01-29T23:47:20.504+0000] {manager.py:893} INFO - 
================================================================================
DAG File Processing Stats

File Path                       PID    Runtime      # DAGs    # Errors  Last Runtime    Last Run
------------------------------  -----  ---------  --------  ----------  --------------  -------------------
/opt/airflow/dags/check_dag.py                           1           0  0.15s           2026-01-29T23:46:52
================================================================================
[2026-01-29T23:47:50.578+0000] {manager.py:893} INFO - 
================================================================================
DAG File Processing Stats

File Path                       PID    Runtime      # DAGs    # Errors  Last Runtime    Last Run
------------------------------  -----  ---------  --------  ----------  --------------  -------------------
/opt/airflow/dags/check_dag.py                           1           0  0.17s           2026-01-29T23:47:22
================================================================================
[2026-01-29T23:48:21.211+0000] {manager.py:893} INFO - 
================================================================================
DAG File Processing Stats

File Path                       PID    Runtime      # DAGs    # Errors  Last Runtime    Last Run
------------------------------  -----  ---------  --------  ----------  --------------  -------------------
/opt/airflow/dags/check_dag.py                           1           0  0.40s           2026-01-29T23:47:54
================================================================================
[2026-01-29T23:48:51.803+0000] {manager.py:893} INFO - 
================================================================================
DAG File Processing Stats

File Path                       PID    Runtime      # DAGs    # Errors  Last Runtime    Last Run
------------------------------  -----  ---------  --------  ----------  --------------  -------------------
/opt/airflow/dags/check_dag.py                           1           0  0.34s           2026-01-29T23:48:24
================================================================================
[2026-01-29T23:49:22.318+0000] {manager.py:893} INFO - 
================================================================================
DAG File Processing Stats

File Path                       PID    Runtime      # DAGs    # Errors  Last Runtime    Last Run
------------------------------  -----  ---------  --------  ----------  --------------  -------------------
/opt/airflow/dags/check_dag.py                           1           0  0.15s           2026-01-29T23:48:55
================================================================================
[2026-01-29T23:49:52.722+0000] {manager.py:893} INFO - 
================================================================================
DAG File Processing Stats

File Path                       PID    Runtime      # DAGs    # Errors  Last Runtime    Last Run
------------------------------  -----  ---------  --------  ----------  --------------  -------------------
/opt/airflow/dags/check_dag.py                           1           0  0.14s           2026-01-29T23:49:25
================================================================================
[2026-01-29T23:50:23.241+0000] {manager.py:893} INFO - 
================================================================================
DAG File Processing Stats

File Path                       PID    Runtime      # DAGs    # Errors  Last Runtime    Last Run
------------------------------  -----  ---------  --------  ----------  --------------  -------------------
/opt/airflow/dags/check_dag.py                           1           0  0.16s           2026-01-29T23:49:55
================================================================================
[2026-01-29T23:50:53.753+0000] {manager.py:893} INFO - 
================================================================================
DAG File Processing Stats

File Path                       PID    Runtime      # DAGs    # Errors  Last Runtime    Last Run
------------------------------  -----  ---------  --------  ----------  --------------  -------------------
/opt/airflow/dags/check_dag.py                           1           0  0.18s           2026-01-29T23:50:26
================================================================================
[2026-01-29T23:51:24.438+0000] {manager.py:893} INFO - 
================================================================================
DAG File Processing Stats

File Path                       PID    Runtime      # DAGs    # Errors  Last Runtime    Last Run
------------------------------  -----  ---------  --------  ----------  --------------  -------------------
/opt/airflow/dags/check_dag.py                           1           0  0.20s           2026-01-29T23:50:57
================================================================================
[2026-01-29T23:51:54.954+0000] {manager.py:893} INFO - 
================================================================================
DAG File Processing Stats

File Path                       PID    Runtime      # DAGs    # Errors  Last Runtime    Last Run
------------------------------  -----  ---------  --------  ----------  --------------  -------------------
/opt/airflow/dags/check_dag.py                           1           0  0.18s           2026-01-29T23:51:27
================================================================================
[2026-01-29T23:52:09.171+0000] {manager.py:759} INFO - Searching for files in /opt/airflow/dags
[2026-01-29T23:52:09.182+0000] {manager.py:762} INFO - There are 1 files in /opt/airflow/dags
[2026-01-29T23:52:25.651+0000] {manager.py:893} INFO - 
================================================================================
DAG File Processing Stats

File Path                       PID    Runtime      # DAGs    # Errors  Last Runtime    Last Run
------------------------------  -----  ---------  --------  ----------  --------------  -------------------
/opt/airflow/dags/check_dag.py                           1           0  0.15s           2026-01-29T23:51:58
================================================================================
[2026-01-29T23:52:56.290+0000] {manager.py:893} INFO - 
================================================================================
DAG File Processing Stats

File Path                       PID    Runtime      # DAGs    # Errors  Last Runtime    Last Run
------------------------------  -----  ---------  --------  ----------  --------------  -------------------
/opt/airflow/dags/check_dag.py                           1           0  0.15s           2026-01-29T23:52:28
================================================================================
[2026-01-29T23:53:26.746+0000] {manager.py:893} INFO - 
================================================================================
DAG File Processing Stats

File Path                       PID    Runtime      # DAGs    # Errors  Last Runtime    Last Run
------------------------------  -----  ---------  --------  ----------  --------------  -------------------
/opt/airflow/dags/check_dag.py                           1           0  0.15s           2026-01-29T23:52:59
================================================================================
[2026-01-29T23:53:57.225+0000] {manager.py:893} INFO - 
================================================================================
DAG File Processing Stats

File Path                       PID    Runtime      # DAGs    # Errors  Last Runtime    Last Run
------------------------------  -----  ---------  --------  ----------  --------------  -------------------
/opt/airflow/dags/check_dag.py                           1           0  0.16s           2026-01-29T23:53:29
================================================================================
[2026-01-29T23:54:27.454+0000] {manager.py:893} INFO - 
================================================================================
DAG File Processing Stats

File Path                       PID    Runtime      # DAGs    # Errors  Last Runtime    Last Run
------------------------------  -----  ---------  --------  ----------  --------------  -------------------
/opt/airflow/dags/check_dag.py                           1           0  0.15s           2026-01-29T23:54:00
================================================================================
[2026-01-29T23:54:57.939+0000] {manager.py:893} INFO - 
================================================================================
DAG File Processing Stats

File Path                       PID    Runtime      # DAGs    # Errors  Last Runtime    Last Run
------------------------------  -----  ---------  --------  ----------  --------------  -------------------
/opt/airflow/dags/check_dag.py                           1           0  0.14s           2026-01-29T23:54:30
================================================================================
[2026-01-29T23:55:28.413+0000] {manager.py:893} INFO - 
================================================================================
DAG File Processing Stats

File Path                       PID    Runtime      # DAGs    # Errors  Last Runtime    Last Run
------------------------------  -----  ---------  --------  ----------  --------------  -------------------
/opt/airflow/dags/check_dag.py                           1           0  0.14s           2026-01-29T23:55:01
================================================================================
[2026-01-29T23:55:58.910+0000] {manager.py:893} INFO - 
================================================================================
DAG File Processing Stats

File Path                       PID    Runtime      # DAGs    # Errors  Last Runtime    Last Run
------------------------------  -----  ---------  --------  ----------  --------------  -------------------
/opt/airflow/dags/check_dag.py                           1           0  0.16s           2026-01-29T23:55:31
================================================================================
[2026-01-29T23:56:29.364+0000] {manager.py:893} INFO - 
================================================================================
DAG File Processing Stats

File Path                       PID    Runtime      # DAGs    # Errors  Last Runtime    Last Run
------------------------------  -----  ---------  --------  ----------  --------------  -------------------
/opt/airflow/dags/check_dag.py                           1           0  0.14s           2026-01-29T23:56:02
================================================================================
[2026-01-29T23:56:59.850+0000] {manager.py:893} INFO - 
================================================================================
DAG File Processing Stats

File Path                       PID    Runtime      # DAGs    # Errors  Last Runtime    Last Run
------------------------------  -----  ---------  --------  ----------  --------------  -------------------
/opt/airflow/dags/check_dag.py                           1           0  0.13s           2026-01-29T23:56:32
================================================================================
[2026-01-29T23:57:10.036+0000] {manager.py:759} INFO - Searching for files in /opt/airflow/dags
[2026-01-29T23:57:10.050+0000] {manager.py:762} INFO - There are 1 files in /opt/airflow/dags
[2026-01-29T23:57:30.295+0000] {manager.py:893} INFO - 
================================================================================
DAG File Processing Stats

File Path                       PID    Runtime      # DAGs    # Errors  Last Runtime    Last Run
------------------------------  -----  ---------  --------  ----------  --------------  -------------------
/opt/airflow/dags/check_dag.py                           1           0  0.14s           2026-01-29T23:57:03
================================================================================
[2026-01-29T23:58:00.693+0000] {manager.py:893} INFO - 
================================================================================
DAG File Processing Stats

File Path                       PID    Runtime      # DAGs    # Errors  Last Runtime    Last Run
------------------------------  -----  ---------  --------  ----------  --------------  -------------------
/opt/airflow/dags/check_dag.py                           1           0  0.25s           2026-01-29T23:57:33
================================================================================
[2026-01-29T23:58:31.193+0000] {manager.py:893} INFO - 
================================================================================
DAG File Processing Stats

File Path                       PID    Runtime      # DAGs    # Errors  Last Runtime    Last Run
------------------------------  -----  ---------  --------  ----------  --------------  -------------------
/opt/airflow/dags/check_dag.py                           1           0  0.14s           2026-01-29T23:58:03
================================================================================
[2026-01-29T23:59:01.597+0000] {manager.py:893} INFO - 
================================================================================
DAG File Processing Stats

File Path                       PID    Runtime      # DAGs    # Errors  Last Runtime    Last Run
------------------------------  -----  ---------  --------  ----------  --------------  -------------------
/opt/airflow/dags/check_dag.py                           1           0  0.14s           2026-01-29T23:58:34
================================================================================
[2026-01-29T23:59:32.002+0000] {manager.py:893} INFO - 
================================================================================
DAG File Processing Stats

File Path                       PID    Runtime      # DAGs    # Errors  Last Runtime    Last Run
------------------------------  -----  ---------  --------  ----------  --------------  -------------------
/opt/airflow/dags/check_dag.py                           1           0  0.11s           2026-01-29T23:59:04
================================================================================
[2026-01-30T00:00:02.153+0000] {manager.py:893} INFO - 
================================================================================
DAG File Processing Stats

File Path                       PID    Runtime      # DAGs    # Errors  Last Runtime    Last Run
------------------------------  -----  ---------  --------  ----------  --------------  -------------------
/opt/airflow/dags/check_dag.py                           1           0  0.14s           2026-01-29T23:59:35
================================================================================
[2026-01-30T00:00:32.729+0000] {manager.py:893} INFO - 
================================================================================
DAG File Processing Stats

File Path                       PID    Runtime      # DAGs    # Errors  Last Runtime    Last Run
------------------------------  -----  ---------  --------  ----------  --------------  -------------------
/opt/airflow/dags/check_dag.py                           1           0  0.11s           2026-01-30T00:00:05
================================================================================
[2026-01-30T00:01:03.423+0000] {manager.py:893} INFO - 
================================================================================
DAG File Processing Stats

File Path                       PID    Runtime      # DAGs    # Errors  Last Runtime    Last Run
------------------------------  -----  ---------  --------  ----------  --------------  -------------------
/opt/airflow/dags/check_dag.py                           1           0  0.15s           2026-01-30T00:00:35
================================================================================
[2026-01-30T00:01:34.029+0000] {manager.py:893} INFO - 
================================================================================
DAG File Processing Stats

File Path                       PID    Runtime      # DAGs    # Errors  Last Runtime    Last Run
------------------------------  -----  ---------  --------  ----------  --------------  -------------------
/opt/airflow/dags/check_dag.py                           1           0  0.15s           2026-01-30T00:01:06
================================================================================
[2026-01-30T00:02:04.699+0000] {manager.py:893} INFO - 
================================================================================
DAG File Processing Stats

File Path                       PID    Runtime      # DAGs    # Errors  Last Runtime    Last Run
------------------------------  -----  ---------  --------  ----------  --------------  -------------------
/opt/airflow/dags/check_dag.py                           1           0  0.18s           2026-01-30T00:01:37
================================================================================
[2026-01-30T00:02:10.856+0000] {manager.py:759} INFO - Searching for files in /opt/airflow/dags
[2026-01-30T00:02:10.871+0000] {manager.py:762} INFO - There are 1 files in /opt/airflow/dags
[2026-01-30T00:02:35.243+0000] {manager.py:893} INFO - 
================================================================================
DAG File Processing Stats

File Path                       PID    Runtime      # DAGs    # Errors  Last Runtime    Last Run
------------------------------  -----  ---------  --------  ----------  --------------  -------------------
/opt/airflow/dags/check_dag.py                           1           0  0.14s           2026-01-30T00:02:07
================================================================================
[2026-01-30T00:03:05.734+0000] {manager.py:893} INFO - 
================================================================================
DAG File Processing Stats

File Path                       PID    Runtime      # DAGs    # Errors  Last Runtime    Last Run
------------------------------  -----  ---------  --------  ----------  --------------  -------------------
/opt/airflow/dags/check_dag.py                           1           0  0.16s           2026-01-30T00:02:38
================================================================================
[2026-01-30T00:03:36.229+0000] {manager.py:893} INFO - 
================================================================================
DAG File Processing Stats

File Path                       PID    Runtime      # DAGs    # Errors  Last Runtime    Last Run
------------------------------  -----  ---------  --------  ----------  --------------  -------------------
/opt/airflow/dags/check_dag.py                           1           0  0.15s           2026-01-30T00:03:08
================================================================================
[2026-01-30T00:04:06.757+0000] {manager.py:893} INFO - 
================================================================================
DAG File Processing Stats

File Path                       PID    Runtime      # DAGs    # Errors  Last Runtime    Last Run
------------------------------  -----  ---------  --------  ----------  --------------  -------------------
/opt/airflow/dags/check_dag.py                           1           0  0.15s           2026-01-30T00:03:39
================================================================================
[2026-01-30T00:04:37.210+0000] {manager.py:893} INFO - 
================================================================================
DAG File Processing Stats

File Path                       PID    Runtime      # DAGs    # Errors  Last Runtime    Last Run
------------------------------  -----  ---------  --------  ----------  --------------  -------------------
/opt/airflow/dags/check_dag.py                           1           0  0.18s           2026-01-30T00:04:09
================================================================================
[2026-01-30T00:05:07.711+0000] {manager.py:893} INFO - 
================================================================================
DAG File Processing Stats

File Path                       PID    Runtime      # DAGs    # Errors  Last Runtime    Last Run
------------------------------  -----  ---------  --------  ----------  --------------  -------------------
/opt/airflow/dags/check_dag.py                           1           0  0.16s           2026-01-30T00:04:40
================================================================================
[2026-01-30T00:05:38.368+0000] {manager.py:893} INFO - 
================================================================================
DAG File Processing Stats

File Path                       PID    Runtime      # DAGs    # Errors  Last Runtime    Last Run
------------------------------  -----  ---------  --------  ----------  --------------  -------------------
/opt/airflow/dags/check_dag.py                           1           0  0.14s           2026-01-30T00:05:10
================================================================================
[2026-01-30T00:06:08.840+0000] {manager.py:893} INFO - 
================================================================================
DAG File Processing Stats

File Path                       PID    Runtime      # DAGs    # Errors  Last Runtime    Last Run
------------------------------  -----  ---------  --------  ----------  --------------  -------------------
/opt/airflow/dags/check_dag.py                           1           0  0.39s           2026-01-30T00:05:41
================================================================================
[2026-01-30T00:06:39.352+0000] {manager.py:893} INFO - 
================================================================================
DAG File Processing Stats

File Path                       PID    Runtime      # DAGs    # Errors  Last Runtime    Last Run
------------------------------  -----  ---------  --------  ----------  --------------  -------------------
/opt/airflow/dags/check_dag.py                           1           0  0.15s           2026-01-30T00:06:12
================================================================================
[2026-01-30T00:07:09.758+0000] {manager.py:893} INFO - 
================================================================================
DAG File Processing Stats

File Path                       PID    Runtime      # DAGs    # Errors  Last Runtime    Last Run
------------------------------  -----  ---------  --------  ----------  --------------  -------------------
/opt/airflow/dags/check_dag.py                           1           0  0.13s           2026-01-30T00:06:42
================================================================================
[2026-01-30T00:07:11.786+0000] {manager.py:759} INFO - Searching for files in /opt/airflow/dags
[2026-01-30T00:07:11.799+0000] {manager.py:762} INFO - There are 1 files in /opt/airflow/dags
[2026-01-30T00:07:40.217+0000] {manager.py:893} INFO - 
================================================================================
DAG File Processing Stats

File Path                       PID    Runtime      # DAGs    # Errors  Last Runtime    Last Run
------------------------------  -----  ---------  --------  ----------  --------------  -------------------
/opt/airflow/dags/check_dag.py                           1           0  0.15s           2026-01-30T00:07:12
================================================================================
[2026-01-30T00:08:10.771+0000] {manager.py:893} INFO - 
================================================================================
DAG File Processing Stats

File Path                       PID    Runtime      # DAGs    # Errors  Last Runtime    Last Run
------------------------------  -----  ---------  --------  ----------  --------------  -------------------
/opt/airflow/dags/check_dag.py                           1           0  0.13s           2026-01-30T00:07:43
================================================================================
[2026-01-30T00:08:41.203+0000] {manager.py:893} INFO - 
================================================================================
DAG File Processing Stats

File Path                       PID    Runtime      # DAGs    # Errors  Last Runtime    Last Run
------------------------------  -----  ---------  --------  ----------  --------------  -------------------
/opt/airflow/dags/check_dag.py                           1           0  0.13s           2026-01-30T00:08:13
================================================================================
[2026-01-30T00:09:11.657+0000] {manager.py:893} INFO - 
================================================================================
DAG File Processing Stats

File Path                       PID    Runtime      # DAGs    # Errors  Last Runtime    Last Run
------------------------------  -----  ---------  --------  ----------  --------------  -------------------
/opt/airflow/dags/check_dag.py                           1           0  0.14s           2026-01-30T00:08:44
================================================================================
[2026-01-30T00:09:42.114+0000] {manager.py:893} INFO - 
================================================================================
DAG File Processing Stats

File Path                       PID    Runtime      # DAGs    # Errors  Last Runtime    Last Run
------------------------------  -----  ---------  --------  ----------  --------------  -------------------
/opt/airflow/dags/check_dag.py                           1           0  0.15s           2026-01-30T00:09:14
================================================================================
[2026-01-30T00:10:12.480+0000] {manager.py:893} INFO - 
================================================================================
DAG File Processing Stats

File Path                       PID    Runtime      # DAGs    # Errors  Last Runtime    Last Run
------------------------------  -----  ---------  --------  ----------  --------------  -------------------
/opt/airflow/dags/check_dag.py                           1           0  0.12s           2026-01-30T00:09:45
================================================================================
[2026-01-30T00:10:42.906+0000] {manager.py:893} INFO - 
================================================================================
DAG File Processing Stats

File Path                       PID    Runtime      # DAGs    # Errors  Last Runtime    Last Run
------------------------------  -----  ---------  --------  ----------  --------------  -------------------
/opt/airflow/dags/check_dag.py                           1           0  0.14s           2026-01-30T00:10:15
================================================================================
[2026-01-30T00:11:13.297+0000] {manager.py:893} INFO - 
================================================================================
DAG File Processing Stats

File Path                       PID    Runtime      # DAGs    # Errors  Last Runtime    Last Run
------------------------------  -----  ---------  --------  ----------  --------------  -------------------
/opt/airflow/dags/check_dag.py                           1           0  0.11s           2026-01-30T00:10:46
================================================================================
[2026-01-30T00:11:43.774+0000] {manager.py:893} INFO - 
================================================================================
DAG File Processing Stats

File Path                       PID    Runtime      # DAGs    # Errors  Last Runtime    Last Run
------------------------------  -----  ---------  --------  ----------  --------------  -------------------
/opt/airflow/dags/check_dag.py                           1           0  0.12s           2026-01-30T00:11:16
================================================================================
[2026-01-30T00:12:12.191+0000] {manager.py:759} INFO - Searching for files in /opt/airflow/dags
[2026-01-30T00:12:12.207+0000] {manager.py:762} INFO - There are 1 files in /opt/airflow/dags
[2026-01-30T00:12:14.273+0000] {manager.py:893} INFO - 
================================================================================
DAG File Processing Stats

File Path                       PID    Runtime      # DAGs    # Errors  Last Runtime    Last Run
------------------------------  -----  ---------  --------  ----------  --------------  -------------------
/opt/airflow/dags/check_dag.py                           1           0  0.13s           2026-01-30T00:11:46
================================================================================
[2026-01-30T00:12:44.843+0000] {manager.py:893} INFO - 
================================================================================
DAG File Processing Stats

File Path                       PID    Runtime      # DAGs    # Errors  Last Runtime    Last Run
------------------------------  -----  ---------  --------  ----------  --------------  -------------------
/opt/airflow/dags/check_dag.py                           1           0  0.14s           2026-01-30T00:12:17
================================================================================
[2026-01-30T00:13:15.241+0000] {manager.py:893} INFO - 
================================================================================
DAG File Processing Stats

File Path                       PID    Runtime      # DAGs    # Errors  Last Runtime    Last Run
------------------------------  -----  ---------  --------  ----------  --------------  -------------------
/opt/airflow/dags/check_dag.py                           1           0  0.16s           2026-01-30T00:12:48
================================================================================
[2026-01-30T00:13:45.701+0000] {manager.py:893} INFO - 
================================================================================
DAG File Processing Stats

File Path                       PID    Runtime      # DAGs    # Errors  Last Runtime    Last Run
------------------------------  -----  ---------  --------  ----------  --------------  -------------------
/opt/airflow/dags/check_dag.py                           1           0  0.13s           2026-01-30T00:13:18
================================================================================
[2026-01-30T00:14:16.455+0000] {manager.py:893} INFO - 
================================================================================
DAG File Processing Stats

File Path                       PID    Runtime      # DAGs    # Errors  Last Runtime    Last Run
------------------------------  -----  ---------  --------  ----------  --------------  -------------------
/opt/airflow/dags/check_dag.py                           1           0  0.13s           2026-01-30T00:13:48
================================================================================
[2026-01-30T00:14:46.915+0000] {manager.py:893} INFO - 
================================================================================
DAG File Processing Stats

File Path                       PID    Runtime      # DAGs    # Errors  Last Runtime    Last Run
------------------------------  -----  ---------  --------  ----------  --------------  -------------------
/opt/airflow/dags/check_dag.py                           1           0  0.14s           2026-01-30T00:14:19
================================================================================
[2026-01-30T00:15:17.370+0000] {manager.py:893} INFO - 
================================================================================
DAG File Processing Stats

File Path                       PID    Runtime      # DAGs    # Errors  Last Runtime    Last Run
------------------------------  -----  ---------  --------  ----------  --------------  -------------------
/opt/airflow/dags/check_dag.py                           1           0  0.14s           2026-01-30T00:14:50
================================================================================
[2026-01-30T00:15:48.185+0000] {manager.py:893} INFO - 
================================================================================
DAG File Processing Stats

File Path                       PID    Runtime      # DAGs    # Errors  Last Runtime    Last Run
------------------------------  -----  ---------  --------  ----------  --------------  -------------------
/opt/airflow/dags/check_dag.py                           1           0  0.14s           2026-01-30T00:15:20
================================================================================
[2026-01-30T00:16:18.596+0000] {manager.py:893} INFO - 
================================================================================
DAG File Processing Stats

File Path                       PID    Runtime      # DAGs    # Errors  Last Runtime    Last Run
------------------------------  -----  ---------  --------  ----------  --------------  -------------------
/opt/airflow/dags/check_dag.py                           1           0  0.15s           2026-01-30T00:15:51
================================================================================
[2026-01-30T00:16:49.105+0000] {manager.py:893} INFO - 
================================================================================
DAG File Processing Stats

File Path                       PID    Runtime      # DAGs    # Errors  Last Runtime    Last Run
------------------------------  -----  ---------  --------  ----------  --------------  -------------------
/opt/airflow/dags/check_dag.py                           1           0  0.18s           2026-01-30T00:16:21
================================================================================
[2026-01-30T00:17:12.432+0000] {manager.py:759} INFO - Searching for files in /opt/airflow/dags
[2026-01-30T00:17:12.463+0000] {manager.py:762} INFO - There are 1 files in /opt/airflow/dags
[2026-01-30T00:17:19.564+0000] {manager.py:893} INFO - 
================================================================================
DAG File Processing Stats

File Path                       PID    Runtime      # DAGs    # Errors  Last Runtime    Last Run
------------------------------  -----  ---------  --------  ----------  --------------  -------------------
/opt/airflow/dags/check_dag.py                           1           0  0.14s           2026-01-30T00:16:52
================================================================================
[2026-01-30T00:17:50.015+0000] {manager.py:893} INFO - 
================================================================================
DAG File Processing Stats

File Path                       PID    Runtime      # DAGs    # Errors  Last Runtime    Last Run
------------------------------  -----  ---------  --------  ----------  --------------  -------------------
/opt/airflow/dags/check_dag.py                           1           0  0.13s           2026-01-30T00:17:22
================================================================================
[2026-01-30T00:18:20.423+0000] {manager.py:893} INFO - 
================================================================================
DAG File Processing Stats

File Path                       PID    Runtime      # DAGs    # Errors  Last Runtime    Last Run
------------------------------  -----  ---------  --------  ----------  --------------  -------------------
/opt/airflow/dags/check_dag.py                           1           0  0.12s           2026-01-30T00:17:53
================================================================================
[2026-01-30T00:18:50.827+0000] {manager.py:893} INFO - 
================================================================================
DAG File Processing Stats

File Path                       PID    Runtime      # DAGs    # Errors  Last Runtime    Last Run
------------------------------  -----  ---------  --------  ----------  --------------  -------------------
/opt/airflow/dags/check_dag.py                           1           0  0.14s           2026-01-30T00:18:23
================================================================================
[2026-01-30T00:19:21.317+0000] {manager.py:893} INFO - 
================================================================================
DAG File Processing Stats

File Path                       PID    Runtime      # DAGs    # Errors  Last Runtime    Last Run
------------------------------  -----  ---------  --------  ----------  --------------  -------------------
/opt/airflow/dags/check_dag.py                           1           0  0.15s           2026-01-30T00:18:54
================================================================================
[2026-01-30T00:19:51.817+0000] {manager.py:893} INFO - 
================================================================================
DAG File Processing Stats

File Path                       PID    Runtime      # DAGs    # Errors  Last Runtime    Last Run
------------------------------  -----  ---------  --------  ----------  --------------  -------------------
/opt/airflow/dags/check_dag.py                           1           0  0.15s           2026-01-30T00:19:24
================================================================================
[2026-01-30T00:20:22.152+0000] {manager.py:893} INFO - 
================================================================================
DAG File Processing Stats

File Path                       PID    Runtime      # DAGs    # Errors  Last Runtime    Last Run
------------------------------  -----  ---------  --------  ----------  --------------  -------------------
/opt/airflow/dags/check_dag.py                           1           0  0.15s           2026-01-30T00:19:54
================================================================================
[2026-01-30T00:20:52.668+0000] {manager.py:893} INFO - 
================================================================================
DAG File Processing Stats

File Path                       PID    Runtime      # DAGs    # Errors  Last Runtime    Last Run
------------------------------  -----  ---------  --------  ----------  --------------  -------------------
/opt/airflow/dags/check_dag.py                           1           0  0.15s           2026-01-30T00:20:25
================================================================================
[2026-01-30T00:21:23.086+0000] {manager.py:893} INFO - 
================================================================================
DAG File Processing Stats

File Path                       PID    Runtime      # DAGs    # Errors  Last Runtime    Last Run
------------------------------  -----  ---------  --------  ----------  --------------  -------------------
/opt/airflow/dags/check_dag.py                           1           0  0.24s           2026-01-30T00:20:55
================================================================================
[2026-01-30T00:21:53.350+0000] {manager.py:893} INFO - 
================================================================================
DAG File Processing Stats

File Path                       PID    Runtime      # DAGs    # Errors  Last Runtime    Last Run
------------------------------  -----  ---------  --------  ----------  --------------  -------------------
/opt/airflow/dags/check_dag.py                           1           0  0.17s           2026-01-30T00:21:26
================================================================================
[2026-01-30T00:22:12.675+0000] {manager.py:759} INFO - Searching for files in /opt/airflow/dags
[2026-01-30T00:22:12.690+0000] {manager.py:762} INFO - There are 1 files in /opt/airflow/dags
[2026-01-30T00:22:23.884+0000] {manager.py:893} INFO - 
================================================================================
DAG File Processing Stats

File Path                       PID    Runtime      # DAGs    # Errors  Last Runtime    Last Run
------------------------------  -----  ---------  --------  ----------  --------------  -------------------
/opt/airflow/dags/check_dag.py                           1           0  0.14s           2026-01-30T00:21:56
================================================================================
[2026-01-30T00:22:54.324+0000] {manager.py:893} INFO - 
================================================================================
DAG File Processing Stats

File Path                       PID    Runtime      # DAGs    # Errors  Last Runtime    Last Run
------------------------------  -----  ---------  --------  ----------  --------------  -------------------
/opt/airflow/dags/check_dag.py                           1           0  0.15s           2026-01-30T00:22:27
================================================================================
[2026-01-30T00:23:24.726+0000] {manager.py:893} INFO - 
================================================================================
DAG File Processing Stats

File Path                       PID    Runtime      # DAGs    # Errors  Last Runtime    Last Run
------------------------------  -----  ---------  --------  ----------  --------------  -------------------
/opt/airflow/dags/check_dag.py                           1           0  0.15s           2026-01-30T00:22:57
================================================================================
[2026-01-30T00:23:55.141+0000] {manager.py:893} INFO - 
================================================================================
DAG File Processing Stats

File Path                       PID    Runtime      # DAGs    # Errors  Last Runtime    Last Run
------------------------------  -----  ---------  --------  ----------  --------------  -------------------
/opt/airflow/dags/check_dag.py                           1           0  0.15s           2026-01-30T00:23:27
================================================================================
[2026-01-30T00:24:25.533+0000] {manager.py:893} INFO - 
================================================================================
DAG File Processing Stats

File Path                       PID    Runtime      # DAGs    # Errors  Last Runtime    Last Run
------------------------------  -----  ---------  --------  ----------  --------------  -------------------
/opt/airflow/dags/check_dag.py                           1           0  0.13s           2026-01-30T00:23:58
================================================================================
[2026-01-30T00:24:55.962+0000] {manager.py:893} INFO - 
================================================================================
DAG File Processing Stats

File Path                       PID    Runtime      # DAGs    # Errors  Last Runtime    Last Run
------------------------------  -----  ---------  --------  ----------  --------------  -------------------
/opt/airflow/dags/check_dag.py                           1           0  0.17s           2026-01-30T00:24:28
================================================================================
[2026-01-30T00:25:26.433+0000] {manager.py:893} INFO - 
================================================================================
DAG File Processing Stats

File Path                       PID    Runtime      # DAGs    # Errors  Last Runtime    Last Run
------------------------------  -----  ---------  --------  ----------  --------------  -------------------
/opt/airflow/dags/check_dag.py                           1           0  0.20s           2026-01-30T00:24:59
================================================================================
[2026-01-30T00:25:56.801+0000] {manager.py:893} INFO - 
================================================================================
DAG File Processing Stats

File Path                       PID    Runtime      # DAGs    # Errors  Last Runtime    Last Run
------------------------------  -----  ---------  --------  ----------  --------------  -------------------
/opt/airflow/dags/check_dag.py                           1           0  0.13s           2026-01-30T00:25:29
================================================================================
[2026-01-30T00:26:27.771+0000] {manager.py:893} INFO - 
================================================================================
DAG File Processing Stats

File Path                       PID    Runtime      # DAGs    # Errors  Last Runtime    Last Run
------------------------------  -----  ---------  --------  ----------  --------------  -------------------
/opt/airflow/dags/check_dag.py                           1           0  0.14s           2026-01-30T00:25:59
================================================================================
[2026-01-30T00:26:58.252+0000] {manager.py:893} INFO - 
================================================================================
DAG File Processing Stats

File Path                       PID    Runtime      # DAGs    # Errors  Last Runtime    Last Run
------------------------------  -----  ---------  --------  ----------  --------------  -------------------
/opt/airflow/dags/check_dag.py                           1           0  0.15s           2026-01-30T00:26:30
================================================================================
[2026-01-30T00:27:13.479+0000] {manager.py:759} INFO - Searching for files in /opt/airflow/dags
[2026-01-30T00:27:13.491+0000] {manager.py:762} INFO - There are 1 files in /opt/airflow/dags
[2026-01-30T00:27:28.661+0000] {manager.py:893} INFO - 
================================================================================
DAG File Processing Stats

File Path                       PID    Runtime      # DAGs    # Errors  Last Runtime    Last Run
------------------------------  -----  ---------  --------  ----------  --------------  -------------------
/opt/airflow/dags/check_dag.py                           1           0  0.15s           2026-01-30T00:27:01
================================================================================
[2026-01-30T00:27:59.037+0000] {manager.py:893} INFO - 
================================================================================
DAG File Processing Stats

File Path                       PID    Runtime      # DAGs    # Errors  Last Runtime    Last Run
------------------------------  -----  ---------  --------  ----------  --------------  -------------------
/opt/airflow/dags/check_dag.py                           1           0  0.13s           2026-01-30T00:27:31
================================================================================
[2026-01-30T00:28:29.549+0000] {manager.py:893} INFO - 
================================================================================
DAG File Processing Stats

File Path                       PID    Runtime      # DAGs    # Errors  Last Runtime    Last Run
------------------------------  -----  ---------  --------  ----------  --------------  -------------------
/opt/airflow/dags/check_dag.py                           1           0  0.13s           2026-01-30T00:28:02
================================================================================
[2026-01-30T00:28:59.933+0000] {manager.py:893} INFO - 
================================================================================
DAG File Processing Stats

File Path                       PID    Runtime      # DAGs    # Errors  Last Runtime    Last Run
------------------------------  -----  ---------  --------  ----------  --------------  -------------------
/opt/airflow/dags/check_dag.py                           1           0  0.13s           2026-01-30T00:28:32
================================================================================
[2026-01-30T00:29:30.307+0000] {manager.py:893} INFO - 
================================================================================
DAG File Processing Stats

File Path                       PID    Runtime      # DAGs    # Errors  Last Runtime    Last Run
------------------------------  -----  ---------  --------  ----------  --------------  -------------------
/opt/airflow/dags/check_dag.py                           1           0  0.13s           2026-01-30T00:29:03
================================================================================
[2026-01-30T00:30:00.782+0000] {manager.py:893} INFO - 
================================================================================
DAG File Processing Stats

File Path                       PID    Runtime      # DAGs    # Errors  Last Runtime    Last Run
------------------------------  -----  ---------  --------  ----------  --------------  -------------------
/opt/airflow/dags/check_dag.py                           1           0  0.13s           2026-01-30T00:29:33
================================================================================
[2026-01-30T00:30:31.322+0000] {manager.py:893} INFO - 
================================================================================
DAG File Processing Stats

File Path                       PID    Runtime      # DAGs    # Errors  Last Runtime    Last Run
------------------------------  -----  ---------  --------  ----------  --------------  -------------------
/opt/airflow/dags/check_dag.py                           1           0  0.15s           2026-01-30T00:30:04
================================================================================
[2026-01-30T00:31:01.799+0000] {manager.py:893} INFO - 
================================================================================
DAG File Processing Stats

File Path                       PID    Runtime      # DAGs    # Errors  Last Runtime    Last Run
------------------------------  -----  ---------  --------  ----------  --------------  -------------------
/opt/airflow/dags/check_dag.py                           1           0  0.19s           2026-01-30T00:30:34
================================================================================
[2026-01-30T00:31:32.223+0000] {manager.py:893} INFO - 
================================================================================
DAG File Processing Stats

File Path                       PID    Runtime      # DAGs    # Errors  Last Runtime    Last Run
------------------------------  -----  ---------  --------  ----------  --------------  -------------------
/opt/airflow/dags/check_dag.py                           1           0  0.16s           2026-01-30T00:31:05
================================================================================
[2026-01-30T00:32:02.711+0000] {manager.py:893} INFO - 
================================================================================
DAG File Processing Stats

File Path                       PID    Runtime      # DAGs    # Errors  Last Runtime    Last Run
------------------------------  -----  ---------  --------  ----------  --------------  -------------------
/opt/airflow/dags/check_dag.py                           1           0  0.15s           2026-01-30T00:31:35
================================================================================
[2026-01-30T00:32:13.932+0000] {manager.py:759} INFO - Searching for files in /opt/airflow/dags
[2026-01-30T00:32:13.960+0000] {manager.py:762} INFO - There are 1 files in /opt/airflow/dags
[2026-01-30T00:32:33.282+0000] {manager.py:893} INFO - 
================================================================================
DAG File Processing Stats

File Path                       PID    Runtime      # DAGs    # Errors  Last Runtime    Last Run
------------------------------  -----  ---------  --------  ----------  --------------  -------------------
/opt/airflow/dags/check_dag.py                           1           0  0.13s           2026-01-30T00:32:05
================================================================================
[2026-01-30T00:33:04.259+0000] {manager.py:893} INFO - 
================================================================================
DAG File Processing Stats

File Path                       PID    Runtime      # DAGs    # Errors  Last Runtime    Last Run
------------------------------  -----  ---------  --------  ----------  --------------  -------------------
/opt/airflow/dags/check_dag.py                           1           0  0.16s           2026-01-30T00:32:36
================================================================================
[2026-01-30T00:33:34.674+0000] {manager.py:893} INFO - 
================================================================================
DAG File Processing Stats

File Path                       PID    Runtime      # DAGs    # Errors  Last Runtime    Last Run
------------------------------  -----  ---------  --------  ----------  --------------  -------------------
/opt/airflow/dags/check_dag.py                           1           0  0.16s           2026-01-30T00:33:07
================================================================================
[2026-01-30T00:34:05.083+0000] {manager.py:893} INFO - 
================================================================================
DAG File Processing Stats

File Path                       PID    Runtime      # DAGs    # Errors  Last Runtime    Last Run
------------------------------  -----  ---------  --------  ----------  --------------  -------------------
/opt/airflow/dags/check_dag.py                           1           0  0.15s           2026-01-30T00:33:37
================================================================================
[2026-01-30T00:34:35.537+0000] {manager.py:893} INFO - 
================================================================================
DAG File Processing Stats

File Path                       PID    Runtime      # DAGs    # Errors  Last Runtime    Last Run
------------------------------  -----  ---------  --------  ----------  --------------  -------------------
/opt/airflow/dags/check_dag.py                           1           0  0.16s           2026-01-30T00:34:08
================================================================================
[2026-01-30T00:35:06.179+0000] {manager.py:893} INFO - 
================================================================================
DAG File Processing Stats

File Path                       PID    Runtime      # DAGs    # Errors  Last Runtime    Last Run
------------------------------  -----  ---------  --------  ----------  --------------  -------------------
/opt/airflow/dags/check_dag.py                           1           0  0.15s           2026-01-30T00:34:38
================================================================================
[2026-01-30T00:35:32.635+0000] {manager.py:469} INFO - Exiting gracefully upon receiving signal 15
